<?xml version="1.0" encoding="UTF-8"?>
<!-- Generated by org.testng.reporters.JUnitXMLReporter -->
<testsuite hostname="DESKTOP-KSLN7QV" ignored="0" name="Sanity Suite" tests="3443" failures="6" timestamp="2024-02-26T10:21:01 IST" time="19234.147" errors="0">
  <testcase name="hitUrlAndData" time="62.653" classname="web.mybizz.tests.ExtractData2"/>
  <testcase name="hitUrlAndData" time="62.951" classname="web.mybizz.tests.ExtractData2"/>
  <testcase name="hitUrlAndData" time="63.104" classname="web.mybizz.tests.ExtractData2"/>
  <testcase name="hitUrlAndData" time="63.309" classname="web.mybizz.tests.ExtractData2"/>
  <testcase name="hitUrlAndData" time="63.311" classname="web.mybizz.tests.ExtractData2"/>
  <testcase name="hitUrlAndData" time="63.559" classname="web.mybizz.tests.ExtractData2"/>
  <testcase name="hitUrlAndData" time="64.892" classname="web.mybizz.tests.ExtractData2"/>
  <testcase name="hitUrlAndData" time="65.304" classname="web.mybizz.tests.ExtractData2"/>
  <testcase name="hitUrlAndData" time="65.337" classname="web.mybizz.tests.ExtractData2"/>
  <testcase name="hitUrlAndData" time="82.097" classname="web.mybizz.tests.ExtractData2"/>
  <testcase name="hitUrlAndData" time="59.072" classname="web.mybizz.tests.ExtractData2"/>
  <testcase name="hitUrlAndData" time="59.327" classname="web.mybizz.tests.ExtractData2"/>
  <testcase name="hitUrlAndData" time="59.775" classname="web.mybizz.tests.ExtractData2"/>
  <testcase name="hitUrlAndData" time="76.952" classname="web.mybizz.tests.ExtractData2"/>
  <testcase name="hitUrlAndData" time="78.785" classname="web.mybizz.tests.ExtractData2"/>
  <testcase name="hitUrlAndData" time="76.678" classname="web.mybizz.tests.ExtractData2"/>
  <testcase name="hitUrlAndData" time="78.693" classname="web.mybizz.tests.ExtractData2"/>
  <testcase name="hitUrlAndData" time="79.237" classname="web.mybizz.tests.ExtractData2"/>
  <testcase name="hitUrlAndData" time="68.811" classname="web.mybizz.tests.ExtractData2"/>
  <testcase name="hitUrlAndData" time="100.048" classname="web.mybizz.tests.ExtractData2"/>
  <testcase name="hitUrlAndData" time="49.191" classname="web.mybizz.tests.ExtractData2"/>
  <testcase name="hitUrlAndData" time="68.724" classname="web.mybizz.tests.ExtractData2"/>
  <testcase name="hitUrlAndData" time="68.954" classname="web.mybizz.tests.ExtractData2"/>
  <testcase name="hitUrlAndData" time="49.803" classname="web.mybizz.tests.ExtractData2"/>
  <testcase name="hitUrlAndData" time="51.514" classname="web.mybizz.tests.ExtractData2"/>
  <testcase name="hitUrlAndData" time="49.752" classname="web.mybizz.tests.ExtractData2"/>
  <testcase name="hitUrlAndData" time="48.067" classname="web.mybizz.tests.ExtractData2"/>
  <testcase name="hitUrlAndData" time="69.942" classname="web.mybizz.tests.ExtractData2"/>
  <testcase name="hitUrlAndData" time="70.081" classname="web.mybizz.tests.ExtractData2"/>
  <testcase name="hitUrlAndData" time="72.605" classname="web.mybizz.tests.ExtractData2"/>
  <testcase name="hitUrlAndData" time="49.074" classname="web.mybizz.tests.ExtractData2"/>
  <testcase name="hitUrlAndData" time="50.201" classname="web.mybizz.tests.ExtractData2"/>
  <testcase name="hitUrlAndData" time="50.737" classname="web.mybizz.tests.ExtractData2"/>
  <testcase name="hitUrlAndData" time="52.594" classname="web.mybizz.tests.ExtractData2"/>
  <testcase name="hitUrlAndData" time="49.294" classname="web.mybizz.tests.ExtractData2"/>
  <testcase name="hitUrlAndData" time="50.426" classname="web.mybizz.tests.ExtractData2"/>
  <testcase name="hitUrlAndData" time="49.548" classname="web.mybizz.tests.ExtractData2"/>
  <testcase name="hitUrlAndData" time="50.017" classname="web.mybizz.tests.ExtractData2"/>
  <testcase name="hitUrlAndData" time="48.956" classname="web.mybizz.tests.ExtractData2"/>
  <testcase name="hitUrlAndData" time="69.149" classname="web.mybizz.tests.ExtractData2"/>
  <testcase name="hitUrlAndData" time="68.84" classname="web.mybizz.tests.ExtractData2"/>
  <testcase name="hitUrlAndData" time="50.116" classname="web.mybizz.tests.ExtractData2"/>
  <testcase name="hitUrlAndData" time="49.172" classname="web.mybizz.tests.ExtractData2"/>
  <testcase name="hitUrlAndData" time="48.448" classname="web.mybizz.tests.ExtractData2"/>
  <testcase name="hitUrlAndData" time="46.863" classname="web.mybizz.tests.ExtractData2"/>
  <testcase name="hitUrlAndData" time="47.031" classname="web.mybizz.tests.ExtractData2"/>
  <testcase name="hitUrlAndData" time="68.345" classname="web.mybizz.tests.ExtractData2"/>
  <testcase name="hitUrlAndData" time="48.201" classname="web.mybizz.tests.ExtractData2"/>
  <testcase name="hitUrlAndData" time="47.431" classname="web.mybizz.tests.ExtractData2"/>
  <testcase name="hitUrlAndData" time="47.165" classname="web.mybizz.tests.ExtractData2"/>
  <testcase name="hitUrlAndData" time="47.24" classname="web.mybizz.tests.ExtractData2"/>
  <testcase name="hitUrlAndData" time="49.374" classname="web.mybizz.tests.ExtractData2"/>
  <testcase name="hitUrlAndData" time="46.443" classname="web.mybizz.tests.ExtractData2"/>
  <testcase name="hitUrlAndData" time="47.496" classname="web.mybizz.tests.ExtractData2"/>
  <testcase name="hitUrlAndData" time="47.659" classname="web.mybizz.tests.ExtractData2"/>
  <testcase name="hitUrlAndData" time="67.031" classname="web.mybizz.tests.ExtractData2"/>
  <testcase name="hitUrlAndData" time="46.798" classname="web.mybizz.tests.ExtractData2"/>
  <testcase name="hitUrlAndData" time="48.112" classname="web.mybizz.tests.ExtractData2"/>
  <testcase name="hitUrlAndData" time="47.052" classname="web.mybizz.tests.ExtractData2"/>
  <testcase name="hitUrlAndData" time="48.073" classname="web.mybizz.tests.ExtractData2"/>
  <testcase name="hitUrlAndData" time="88.676" classname="web.mybizz.tests.ExtractData2"/>
  <testcase name="hitUrlAndData" time="48.607" classname="web.mybizz.tests.ExtractData2"/>
  <testcase name="hitUrlAndData" time="48.648" classname="web.mybizz.tests.ExtractData2"/>
  <testcase name="hitUrlAndData" time="49.083" classname="web.mybizz.tests.ExtractData2"/>
  <testcase name="hitUrlAndData" time="48.026" classname="web.mybizz.tests.ExtractData2"/>
  <testcase name="hitUrlAndData" time="50.084" classname="web.mybizz.tests.ExtractData2"/>
  <testcase name="hitUrlAndData" time="49.575" classname="web.mybizz.tests.ExtractData2"/>
  <testcase name="hitUrlAndData" time="48.331" classname="web.mybizz.tests.ExtractData2"/>
  <testcase name="hitUrlAndData" time="47.746" classname="web.mybizz.tests.ExtractData2"/>
  <testcase name="hitUrlAndData" time="48.749" classname="web.mybizz.tests.ExtractData2"/>
  <testcase name="hitUrlAndData" time="47.633" classname="web.mybizz.tests.ExtractData2"/>
  <testcase name="hitUrlAndData" time="67.71" classname="web.mybizz.tests.ExtractData2"/>
  <testcase name="hitUrlAndData" time="52.362" classname="web.mybizz.tests.ExtractData2"/>
  <testcase name="hitUrlAndData" time="51.768" classname="web.mybizz.tests.ExtractData2"/>
  <testcase name="hitUrlAndData" time="50.445" classname="web.mybizz.tests.ExtractData2"/>
  <testcase name="hitUrlAndData" time="50.849" classname="web.mybizz.tests.ExtractData2"/>
  <testcase name="hitUrlAndData" time="50.24" classname="web.mybizz.tests.ExtractData2"/>
  <testcase name="hitUrlAndData" time="88.391" classname="web.mybizz.tests.ExtractData2"/>
  <testcase name="hitUrlAndData" time="48.475" classname="web.mybizz.tests.ExtractData2"/>
  <testcase name="hitUrlAndData" time="49.321" classname="web.mybizz.tests.ExtractData2"/>
  <testcase name="hitUrlAndData" time="50.002" classname="web.mybizz.tests.ExtractData2"/>
  <testcase name="hitUrlAndData" time="47.578" classname="web.mybizz.tests.ExtractData2"/>
  <testcase name="hitUrlAndData" time="51.012" classname="web.mybizz.tests.ExtractData2"/>
  <testcase name="hitUrlAndData" time="50.797" classname="web.mybizz.tests.ExtractData2"/>
  <testcase name="hitUrlAndData" time="50.042" classname="web.mybizz.tests.ExtractData2"/>
  <testcase name="hitUrlAndData" time="49.749" classname="web.mybizz.tests.ExtractData2"/>
  <testcase name="hitUrlAndData" time="48.252" classname="web.mybizz.tests.ExtractData2"/>
  <testcase name="hitUrlAndData" time="69.022" classname="web.mybizz.tests.ExtractData2"/>
  <testcase name="hitUrlAndData" time="48.44" classname="web.mybizz.tests.ExtractData2"/>
  <testcase name="hitUrlAndData" time="68.075" classname="web.mybizz.tests.ExtractData2"/>
  <testcase name="hitUrlAndData" time="50.623" classname="web.mybizz.tests.ExtractData2"/>
  <testcase name="hitUrlAndData" time="47.591" classname="web.mybizz.tests.ExtractData2"/>
  <testcase name="hitUrlAndData" time="49.148" classname="web.mybizz.tests.ExtractData2"/>
  <testcase name="hitUrlAndData" time="69.138" classname="web.mybizz.tests.ExtractData2"/>
  <testcase name="hitUrlAndData" time="50.013" classname="web.mybizz.tests.ExtractData2"/>
  <testcase name="hitUrlAndData" time="46.909" classname="web.mybizz.tests.ExtractData2"/>
  <testcase name="hitUrlAndData" time="47.112" classname="web.mybizz.tests.ExtractData2"/>
  <testcase name="hitUrlAndData" time="68.072" classname="web.mybizz.tests.ExtractData2"/>
  <testcase name="hitUrlAndData" time="48.426" classname="web.mybizz.tests.ExtractData2"/>
  <testcase name="hitUrlAndData" time="49.102" classname="web.mybizz.tests.ExtractData2"/>
  <testcase name="hitUrlAndData" time="48.45" classname="web.mybizz.tests.ExtractData2"/>
  <testcase name="hitUrlAndData" time="47.145" classname="web.mybizz.tests.ExtractData2"/>
  <testcase name="hitUrlAndData" time="49.053" classname="web.mybizz.tests.ExtractData2"/>
  <testcase name="hitUrlAndData" time="46.475" classname="web.mybizz.tests.ExtractData2"/>
  <testcase name="hitUrlAndData" time="49.802" classname="web.mybizz.tests.ExtractData2"/>
  <testcase name="hitUrlAndData" time="67.077" classname="web.mybizz.tests.ExtractData2"/>
  <testcase name="hitUrlAndData" time="48.843" classname="web.mybizz.tests.ExtractData2"/>
  <testcase name="hitUrlAndData" time="49.85" classname="web.mybizz.tests.ExtractData2"/>
  <testcase name="hitUrlAndData" time="48.351" classname="web.mybizz.tests.ExtractData2"/>
  <testcase name="hitUrlAndData" time="50.968" classname="web.mybizz.tests.ExtractData2"/>
  <testcase name="hitUrlAndData" time="68.025" classname="web.mybizz.tests.ExtractData2"/>
  <testcase name="hitUrlAndData" time="49.532" classname="web.mybizz.tests.ExtractData2"/>
  <testcase name="hitUrlAndData" time="49.108" classname="web.mybizz.tests.ExtractData2"/>
  <testcase name="hitUrlAndData" time="48.472" classname="web.mybizz.tests.ExtractData2"/>
  <testcase name="hitUrlAndData" time="48.206" classname="web.mybizz.tests.ExtractData2"/>
  <testcase name="hitUrlAndData" time="48.574" classname="web.mybizz.tests.ExtractData2"/>
  <testcase name="hitUrlAndData" time="49.961" classname="web.mybizz.tests.ExtractData2"/>
  <testcase name="hitUrlAndData" time="48.527" classname="web.mybizz.tests.ExtractData2"/>
  <testcase name="hitUrlAndData" time="50.657" classname="web.mybizz.tests.ExtractData2"/>
  <testcase name="hitUrlAndData" time="48.666" classname="web.mybizz.tests.ExtractData2"/>
  <testcase name="hitUrlAndData" time="88.952" classname="web.mybizz.tests.ExtractData2"/>
  <testcase name="hitUrlAndData" time="47.176" classname="web.mybizz.tests.ExtractData2"/>
  <testcase name="hitUrlAndData" time="47.22" classname="web.mybizz.tests.ExtractData2"/>
  <testcase name="hitUrlAndData" time="47.948" classname="web.mybizz.tests.ExtractData2"/>
  <testcase name="hitUrlAndData" time="47.388" classname="web.mybizz.tests.ExtractData2"/>
  <testcase name="hitUrlAndData" time="47.09" classname="web.mybizz.tests.ExtractData2"/>
  <testcase name="hitUrlAndData" time="48.768" classname="web.mybizz.tests.ExtractData2"/>
  <testcase name="hitUrlAndData" time="48.931" classname="web.mybizz.tests.ExtractData2"/>
  <testcase name="hitUrlAndData" time="48.16" classname="web.mybizz.tests.ExtractData2"/>
  <testcase name="hitUrlAndData" time="47.659" classname="web.mybizz.tests.ExtractData2"/>
  <testcase name="hitUrlAndData" time="68.469" classname="web.mybizz.tests.ExtractData2"/>
  <testcase name="hitUrlAndData" time="47.058" classname="web.mybizz.tests.ExtractData2"/>
  <testcase name="hitUrlAndData" time="46.377" classname="web.mybizz.tests.ExtractData2"/>
  <testcase name="hitUrlAndData" time="67.23" classname="web.mybizz.tests.ExtractData2"/>
  <testcase name="hitUrlAndData" time="47.085" classname="web.mybizz.tests.ExtractData2"/>
  <testcase name="hitUrlAndData" time="47.456" classname="web.mybizz.tests.ExtractData2"/>
  <testcase name="hitUrlAndData" time="48.909" classname="web.mybizz.tests.ExtractData2"/>
  <testcase name="hitUrlAndData" time="49.797" classname="web.mybizz.tests.ExtractData2"/>
  <testcase name="hitUrlAndData" time="46.535" classname="web.mybizz.tests.ExtractData2"/>
  <testcase name="hitUrlAndData" time="48.884" classname="web.mybizz.tests.ExtractData2"/>
  <testcase name="hitUrlAndData" time="49.055" classname="web.mybizz.tests.ExtractData2"/>
  <testcase name="hitUrlAndData" time="49.522" classname="web.mybizz.tests.ExtractData2"/>
  <testcase name="hitUrlAndData" time="48.62" classname="web.mybizz.tests.ExtractData2"/>
  <testcase name="hitUrlAndData" time="50.498" classname="web.mybizz.tests.ExtractData2"/>
  <testcase name="hitUrlAndData" time="66.789" classname="web.mybizz.tests.ExtractData2"/>
  <testcase name="hitUrlAndData" time="67.959" classname="web.mybizz.tests.ExtractData2"/>
  <testcase name="hitUrlAndData" time="49.092" classname="web.mybizz.tests.ExtractData2"/>
  <testcase name="hitUrlAndData" time="48.019" classname="web.mybizz.tests.ExtractData2"/>
  <testcase name="hitUrlAndData" time="49.089" classname="web.mybizz.tests.ExtractData2"/>
  <testcase name="hitUrlAndData" time="48.378" classname="web.mybizz.tests.ExtractData2"/>
  <testcase name="hitUrlAndData" time="48.533" classname="web.mybizz.tests.ExtractData2"/>
  <testcase name="hitUrlAndData" time="49.696" classname="web.mybizz.tests.ExtractData2"/>
  <testcase name="hitUrlAndData" time="50.096" classname="web.mybizz.tests.ExtractData2"/>
  <testcase name="hitUrlAndData" time="48.991" classname="web.mybizz.tests.ExtractData2"/>
  <testcase name="hitUrlAndData" time="48.088" classname="web.mybizz.tests.ExtractData2"/>
  <testcase name="hitUrlAndData" time="68.046" classname="web.mybizz.tests.ExtractData2"/>
  <testcase name="hitUrlAndData" time="68.07" classname="web.mybizz.tests.ExtractData2"/>
  <testcase name="hitUrlAndData" time="47.816" classname="web.mybizz.tests.ExtractData2"/>
  <testcase name="hitUrlAndData" time="89.949" classname="web.mybizz.tests.ExtractData2"/>
  <testcase name="hitUrlAndData" time="47.899" classname="web.mybizz.tests.ExtractData2"/>
  <testcase name="hitUrlAndData" time="48.008" classname="web.mybizz.tests.ExtractData2"/>
  <testcase name="hitUrlAndData" time="49.147" classname="web.mybizz.tests.ExtractData2"/>
  <testcase name="hitUrlAndData" time="47.643" classname="web.mybizz.tests.ExtractData2"/>
  <testcase name="hitUrlAndData" time="49.245" classname="web.mybizz.tests.ExtractData2"/>
  <testcase name="hitUrlAndData" time="49.767" classname="web.mybizz.tests.ExtractData2"/>
  <testcase name="hitUrlAndData" time="51.049" classname="web.mybizz.tests.ExtractData2"/>
  <testcase name="hitUrlAndData" time="50.104" classname="web.mybizz.tests.ExtractData2"/>
  <testcase name="hitUrlAndData" time="48.292" classname="web.mybizz.tests.ExtractData2"/>
  <testcase name="hitUrlAndData" time="48.074" classname="web.mybizz.tests.ExtractData2"/>
  <testcase name="hitUrlAndData" time="47.54" classname="web.mybizz.tests.ExtractData2"/>
  <testcase name="hitUrlAndData" time="69.271" classname="web.mybizz.tests.ExtractData2"/>
  <testcase name="hitUrlAndData" time="48.134" classname="web.mybizz.tests.ExtractData2"/>
  <testcase name="hitUrlAndData" time="49.391" classname="web.mybizz.tests.ExtractData2"/>
  <testcase name="hitUrlAndData" time="48.839" classname="web.mybizz.tests.ExtractData2"/>
  <testcase name="hitUrlAndData" time="48.957" classname="web.mybizz.tests.ExtractData2"/>
  <testcase name="hitUrlAndData" time="48.938" classname="web.mybizz.tests.ExtractData2"/>
  <testcase name="hitUrlAndData" time="49.229" classname="web.mybizz.tests.ExtractData2"/>
  <testcase name="hitUrlAndData" time="51.69" classname="web.mybizz.tests.ExtractData2"/>
  <testcase name="hitUrlAndData" time="87.172" classname="web.mybizz.tests.ExtractData2"/>
  <testcase name="hitUrlAndData" time="67.517" classname="web.mybizz.tests.ExtractData2"/>
  <testcase name="hitUrlAndData" time="48.731" classname="web.mybizz.tests.ExtractData2"/>
  <testcase name="hitUrlAndData" time="67.111" classname="web.mybizz.tests.ExtractData2"/>
  <testcase name="hitUrlAndData" time="49.932" classname="web.mybizz.tests.ExtractData2"/>
  <testcase name="hitUrlAndData" time="48.553" classname="web.mybizz.tests.ExtractData2"/>
  <testcase name="hitUrlAndData" time="49.673" classname="web.mybizz.tests.ExtractData2"/>
  <testcase name="hitUrlAndData" time="50.742" classname="web.mybizz.tests.ExtractData2"/>
  <testcase name="hitUrlAndData" time="51.065" classname="web.mybizz.tests.ExtractData2"/>
  <testcase name="hitUrlAndData" time="50.237" classname="web.mybizz.tests.ExtractData2"/>
  <testcase name="hitUrlAndData" time="49.818" classname="web.mybizz.tests.ExtractData2"/>
  <testcase name="hitUrlAndData" time="49.707" classname="web.mybizz.tests.ExtractData2"/>
  <testcase name="hitUrlAndData" time="89.767" classname="web.mybizz.tests.ExtractData2"/>
  <testcase name="hitUrlAndData" time="67.824" classname="web.mybizz.tests.ExtractData2"/>
  <testcase name="hitUrlAndData" time="49.552" classname="web.mybizz.tests.ExtractData2"/>
  <testcase name="hitUrlAndData" time="49.835" classname="web.mybizz.tests.ExtractData2"/>
  <testcase name="hitUrlAndData" time="49.354" classname="web.mybizz.tests.ExtractData2"/>
  <testcase name="hitUrlAndData" time="48.522" classname="web.mybizz.tests.ExtractData2"/>
  <testcase name="hitUrlAndData" time="49.622" classname="web.mybizz.tests.ExtractData2"/>
  <testcase name="hitUrlAndData" time="50.356" classname="web.mybizz.tests.ExtractData2"/>
  <testcase name="hitUrlAndData" time="49.147" classname="web.mybizz.tests.ExtractData2"/>
  <testcase name="hitUrlAndData" time="51.0" classname="web.mybizz.tests.ExtractData2"/>
  <testcase name="hitUrlAndData" time="49.384" classname="web.mybizz.tests.ExtractData2"/>
  <testcase name="hitUrlAndData" time="49.197" classname="web.mybizz.tests.ExtractData2"/>
  <testcase name="hitUrlAndData" time="49.595" classname="web.mybizz.tests.ExtractData2"/>
  <testcase name="hitUrlAndData" time="48.837" classname="web.mybizz.tests.ExtractData2"/>
  <testcase name="hitUrlAndData" time="48.329" classname="web.mybizz.tests.ExtractData2"/>
  <testcase name="hitUrlAndData" time="47.949" classname="web.mybizz.tests.ExtractData2"/>
  <testcase name="hitUrlAndData" time="49.745" classname="web.mybizz.tests.ExtractData2"/>
  <testcase name="hitUrlAndData" time="49.442" classname="web.mybizz.tests.ExtractData2"/>
  <testcase name="hitUrlAndData" time="48.665" classname="web.mybizz.tests.ExtractData2"/>
  <testcase name="hitUrlAndData" time="48.204" classname="web.mybizz.tests.ExtractData2"/>
  <testcase name="hitUrlAndData" time="47.889" classname="web.mybizz.tests.ExtractData2"/>
  <testcase name="hitUrlAndData" time="68.148" classname="web.mybizz.tests.ExtractData2"/>
  <testcase name="hitUrlAndData" time="49.922" classname="web.mybizz.tests.ExtractData2"/>
  <testcase name="hitUrlAndData" time="49.024" classname="web.mybizz.tests.ExtractData2"/>
  <testcase name="hitUrlAndData" time="49.053" classname="web.mybizz.tests.ExtractData2"/>
  <testcase name="hitUrlAndData" time="50.362" classname="web.mybizz.tests.ExtractData2"/>
  <testcase name="hitUrlAndData" time="48.384" classname="web.mybizz.tests.ExtractData2"/>
  <testcase name="hitUrlAndData" time="48.164" classname="web.mybizz.tests.ExtractData2"/>
  <testcase name="hitUrlAndData" time="47.674" classname="web.mybizz.tests.ExtractData2"/>
  <testcase name="hitUrlAndData" time="50.836" classname="web.mybizz.tests.ExtractData2"/>
  <testcase name="hitUrlAndData" time="49.083" classname="web.mybizz.tests.ExtractData2"/>
  <testcase name="hitUrlAndData" time="50.368" classname="web.mybizz.tests.ExtractData2"/>
  <testcase name="hitUrlAndData" time="51.046" classname="web.mybizz.tests.ExtractData2"/>
  <testcase name="hitUrlAndData" time="50.832" classname="web.mybizz.tests.ExtractData2"/>
  <testcase name="hitUrlAndData" time="67.049" classname="web.mybizz.tests.ExtractData2"/>
  <testcase name="hitUrlAndData" time="47.278" classname="web.mybizz.tests.ExtractData2"/>
  <testcase name="hitUrlAndData" time="47.936" classname="web.mybizz.tests.ExtractData2"/>
  <testcase name="hitUrlAndData" time="49.299" classname="web.mybizz.tests.ExtractData2"/>
  <testcase name="hitUrlAndData" time="48.701" classname="web.mybizz.tests.ExtractData2"/>
  <testcase name="hitUrlAndData" time="47.828" classname="web.mybizz.tests.ExtractData2"/>
  <testcase name="hitUrlAndData" time="49.322" classname="web.mybizz.tests.ExtractData2"/>
  <testcase name="hitUrlAndData" time="49.665" classname="web.mybizz.tests.ExtractData2"/>
  <testcase name="hitUrlAndData" time="50.634" classname="web.mybizz.tests.ExtractData2"/>
  <testcase name="hitUrlAndData" time="67.407" classname="web.mybizz.tests.ExtractData2"/>
  <testcase name="hitUrlAndData" time="48.312" classname="web.mybizz.tests.ExtractData2"/>
  <testcase name="hitUrlAndData" time="48.447" classname="web.mybizz.tests.ExtractData2"/>
  <testcase name="hitUrlAndData" time="68.04" classname="web.mybizz.tests.ExtractData2"/>
  <testcase name="hitUrlAndData" time="48.328" classname="web.mybizz.tests.ExtractData2"/>
  <testcase name="hitUrlAndData" time="48.056" classname="web.mybizz.tests.ExtractData2"/>
  <testcase name="hitUrlAndData" time="48.766" classname="web.mybizz.tests.ExtractData2"/>
  <testcase name="hitUrlAndData" time="49.667" classname="web.mybizz.tests.ExtractData2"/>
  <testcase name="hitUrlAndData" time="49.72" classname="web.mybizz.tests.ExtractData2"/>
  <testcase name="hitUrlAndData" time="67.446" classname="web.mybizz.tests.ExtractData2"/>
  <testcase name="hitUrlAndData" time="48.015" classname="web.mybizz.tests.ExtractData2"/>
  <testcase name="hitUrlAndData" time="48.418" classname="web.mybizz.tests.ExtractData2"/>
  <testcase name="hitUrlAndData" time="50.548" classname="web.mybizz.tests.ExtractData2"/>
  <testcase name="hitUrlAndData" time="48.903" classname="web.mybizz.tests.ExtractData2"/>
  <testcase name="hitUrlAndData" time="48.511" classname="web.mybizz.tests.ExtractData2"/>
  <testcase name="hitUrlAndData" time="69.368" classname="web.mybizz.tests.ExtractData2"/>
  <testcase name="hitUrlAndData" time="48.991" classname="web.mybizz.tests.ExtractData2"/>
  <testcase name="hitUrlAndData" time="49.687" classname="web.mybizz.tests.ExtractData2"/>
  <testcase name="hitUrlAndData" time="48.48" classname="web.mybizz.tests.ExtractData2"/>
  <testcase name="hitUrlAndData" time="48.222" classname="web.mybizz.tests.ExtractData2"/>
  <testcase name="hitUrlAndData" time="67.775" classname="web.mybizz.tests.ExtractData2"/>
  <testcase name="hitUrlAndData" time="49.787" classname="web.mybizz.tests.ExtractData2"/>
  <testcase name="hitUrlAndData" time="51.242" classname="web.mybizz.tests.ExtractData2"/>
  <testcase name="hitUrlAndData" time="48.611" classname="web.mybizz.tests.ExtractData2"/>
  <testcase name="hitUrlAndData" time="66.758" classname="web.mybizz.tests.ExtractData2"/>
  <testcase name="hitUrlAndData" time="30.601" classname="web.mybizz.tests.ExtractData2"/>
  <testcase name="hitUrlAndData" time="47.296" classname="web.mybizz.tests.ExtractData2"/>
  <testcase name="hitUrlAndData" time="48.871" classname="web.mybizz.tests.ExtractData2"/>
  <testcase name="hitUrlAndData" time="48.527" classname="web.mybizz.tests.ExtractData2"/>
  <testcase name="hitUrlAndData" time="47.083" classname="web.mybizz.tests.ExtractData2"/>
  <testcase name="hitUrlAndData" time="47.19" classname="web.mybizz.tests.ExtractData2"/>
  <testcase name="hitUrlAndData" time="67.144" classname="web.mybizz.tests.ExtractData2"/>
  <testcase name="hitUrlAndData" time="48.086" classname="web.mybizz.tests.ExtractData2"/>
  <testcase name="hitUrlAndData" time="48.084" classname="web.mybizz.tests.ExtractData2"/>
  <testcase name="hitUrlAndData" time="67.356" classname="web.mybizz.tests.ExtractData2"/>
  <testcase name="hitUrlAndData" time="67.492" classname="web.mybizz.tests.ExtractData2"/>
  <testcase name="hitUrlAndData" time="50.22" classname="web.mybizz.tests.ExtractData2"/>
  <testcase name="hitUrlAndData" time="68.099" classname="web.mybizz.tests.ExtractData2"/>
  <testcase name="hitUrlAndData" time="48.473" classname="web.mybizz.tests.ExtractData2"/>
  <testcase name="hitUrlAndData" time="48.008" classname="web.mybizz.tests.ExtractData2"/>
  <testcase name="hitUrlAndData" time="48.145" classname="web.mybizz.tests.ExtractData2"/>
  <testcase name="hitUrlAndData" time="48.618" classname="web.mybizz.tests.ExtractData2"/>
  <testcase name="hitUrlAndData" time="47.924" classname="web.mybizz.tests.ExtractData2"/>
  <testcase name="hitUrlAndData" time="48.719" classname="web.mybizz.tests.ExtractData2"/>
  <testcase name="hitUrlAndData" time="48.57" classname="web.mybizz.tests.ExtractData2"/>
  <testcase name="hitUrlAndData" time="49.277" classname="web.mybizz.tests.ExtractData2"/>
  <testcase name="hitUrlAndData" time="49.983" classname="web.mybizz.tests.ExtractData2"/>
  <testcase name="hitUrlAndData" time="49.969" classname="web.mybizz.tests.ExtractData2"/>
  <testcase name="hitUrlAndData" time="66.812" classname="web.mybizz.tests.ExtractData2"/>
  <testcase name="hitUrlAndData" time="48.373" classname="web.mybizz.tests.ExtractData2"/>
  <testcase name="hitUrlAndData" time="49.592" classname="web.mybizz.tests.ExtractData2"/>
  <testcase name="hitUrlAndData" time="66.374" classname="web.mybizz.tests.ExtractData2"/>
  <testcase name="hitUrlAndData" time="49.233" classname="web.mybizz.tests.ExtractData2"/>
  <testcase name="hitUrlAndData" time="48.964" classname="web.mybizz.tests.ExtractData2"/>
  <testcase name="hitUrlAndData" time="50.175" classname="web.mybizz.tests.ExtractData2"/>
  <testcase name="hitUrlAndData" time="49.332" classname="web.mybizz.tests.ExtractData2"/>
  <testcase name="hitUrlAndData" time="47.036" classname="web.mybizz.tests.ExtractData2"/>
  <testcase name="hitUrlAndData" time="68.411" classname="web.mybizz.tests.ExtractData2"/>
  <testcase name="hitUrlAndData" time="48.553" classname="web.mybizz.tests.ExtractData2"/>
  <testcase name="hitUrlAndData" time="88.503" classname="web.mybizz.tests.ExtractData2"/>
  <testcase name="hitUrlAndData" time="49.375" classname="web.mybizz.tests.ExtractData2"/>
  <testcase name="hitUrlAndData" time="48.748" classname="web.mybizz.tests.ExtractData2"/>
  <testcase name="hitUrlAndData" time="50.241" classname="web.mybizz.tests.ExtractData2"/>
  <testcase name="hitUrlAndData" time="47.754" classname="web.mybizz.tests.ExtractData2"/>
  <testcase name="hitUrlAndData" time="48.77" classname="web.mybizz.tests.ExtractData2"/>
  <testcase name="hitUrlAndData" time="48.095" classname="web.mybizz.tests.ExtractData2"/>
  <testcase name="hitUrlAndData" time="48.239" classname="web.mybizz.tests.ExtractData2"/>
  <testcase name="hitUrlAndData" time="48.723" classname="web.mybizz.tests.ExtractData2"/>
  <testcase name="hitUrlAndData" time="50.623" classname="web.mybizz.tests.ExtractData2"/>
  <testcase name="hitUrlAndData" time="49.67" classname="web.mybizz.tests.ExtractData2"/>
  <testcase name="hitUrlAndData" time="49.921" classname="web.mybizz.tests.ExtractData2"/>
  <testcase name="hitUrlAndData" time="50.208" classname="web.mybizz.tests.ExtractData2"/>
  <testcase name="hitUrlAndData" time="47.945" classname="web.mybizz.tests.ExtractData2"/>
  <testcase name="hitUrlAndData" time="68.637" classname="web.mybizz.tests.ExtractData2"/>
  <testcase name="hitUrlAndData" time="48.71" classname="web.mybizz.tests.ExtractData2"/>
  <testcase name="hitUrlAndData" time="48.067" classname="web.mybizz.tests.ExtractData2"/>
  <testcase name="hitUrlAndData" time="48.056" classname="web.mybizz.tests.ExtractData2"/>
  <testcase name="hitUrlAndData" time="47.381" classname="web.mybizz.tests.ExtractData2"/>
  <testcase name="hitUrlAndData" time="47.352" classname="web.mybizz.tests.ExtractData2"/>
  <testcase name="hitUrlAndData" time="48.278" classname="web.mybizz.tests.ExtractData2"/>
  <testcase name="hitUrlAndData" time="47.224" classname="web.mybizz.tests.ExtractData2"/>
  <testcase name="hitUrlAndData" time="88.368" classname="web.mybizz.tests.ExtractData2"/>
  <testcase name="hitUrlAndData" time="67.103" classname="web.mybizz.tests.ExtractData2"/>
  <testcase name="hitUrlAndData" time="46.65" classname="web.mybizz.tests.ExtractData2"/>
  <testcase name="hitUrlAndData" time="67.125" classname="web.mybizz.tests.ExtractData2"/>
  <testcase name="hitUrlAndData" time="67.478" classname="web.mybizz.tests.ExtractData2"/>
  <testcase name="hitUrlAndData" time="47.006" classname="web.mybizz.tests.ExtractData2"/>
  <testcase name="hitUrlAndData" time="46.383" classname="web.mybizz.tests.ExtractData2"/>
  <testcase name="hitUrlAndData" time="49.404" classname="web.mybizz.tests.ExtractData2"/>
  <testcase name="hitUrlAndData" time="67.352" classname="web.mybizz.tests.ExtractData2"/>
  <testcase name="hitUrlAndData" time="68.672" classname="web.mybizz.tests.ExtractData2"/>
  <testcase name="hitUrlAndData" time="47.57" classname="web.mybizz.tests.ExtractData2"/>
  <testcase name="hitUrlAndData" time="46.413" classname="web.mybizz.tests.ExtractData2"/>
  <testcase name="hitUrlAndData" time="66.222" classname="web.mybizz.tests.ExtractData2"/>
  <testcase name="hitUrlAndData" time="47.921" classname="web.mybizz.tests.ExtractData2"/>
  <testcase name="hitUrlAndData" time="48.275" classname="web.mybizz.tests.ExtractData2"/>
  <testcase name="hitUrlAndData" time="48.593" classname="web.mybizz.tests.ExtractData2"/>
  <testcase name="hitUrlAndData" time="48.87" classname="web.mybizz.tests.ExtractData2"/>
  <testcase name="hitUrlAndData" time="49.435" classname="web.mybizz.tests.ExtractData2"/>
  <testcase name="hitUrlAndData" time="67.288" classname="web.mybizz.tests.ExtractData2"/>
  <testcase name="hitUrlAndData" time="47.63" classname="web.mybizz.tests.ExtractData2"/>
  <testcase name="hitUrlAndData" time="67.157" classname="web.mybizz.tests.ExtractData2"/>
  <testcase name="hitUrlAndData" time="46.921" classname="web.mybizz.tests.ExtractData2"/>
  <testcase name="hitUrlAndData" time="67.901" classname="web.mybizz.tests.ExtractData2"/>
  <testcase name="hitUrlAndData" time="46.397" classname="web.mybizz.tests.ExtractData2"/>
  <testcase name="hitUrlAndData" time="47.658" classname="web.mybizz.tests.ExtractData2"/>
  <testcase name="hitUrlAndData" time="67.07" classname="web.mybizz.tests.ExtractData2"/>
  <testcase name="hitUrlAndData" time="47.48" classname="web.mybizz.tests.ExtractData2"/>
  <testcase name="hitUrlAndData" time="46.844" classname="web.mybizz.tests.ExtractData2"/>
  <testcase name="hitUrlAndData" time="48.128" classname="web.mybizz.tests.ExtractData2"/>
  <testcase name="hitUrlAndData" time="49.347" classname="web.mybizz.tests.ExtractData2"/>
  <testcase name="hitUrlAndData" time="67.59" classname="web.mybizz.tests.ExtractData2"/>
  <testcase name="hitUrlAndData" time="67.869" classname="web.mybizz.tests.ExtractData2"/>
  <testcase name="hitUrlAndData" time="49.571" classname="web.mybizz.tests.ExtractData2"/>
  <testcase name="hitUrlAndData" time="48.505" classname="web.mybizz.tests.ExtractData2"/>
  <testcase name="hitUrlAndData" time="47.901" classname="web.mybizz.tests.ExtractData2"/>
  <testcase name="hitUrlAndData" time="47.889" classname="web.mybizz.tests.ExtractData2"/>
  <testcase name="hitUrlAndData" time="88.605" classname="web.mybizz.tests.ExtractData2"/>
  <testcase name="hitUrlAndData" time="48.131" classname="web.mybizz.tests.ExtractData2"/>
  <testcase name="hitUrlAndData" time="49.482" classname="web.mybizz.tests.ExtractData2"/>
  <testcase name="hitUrlAndData" time="47.71" classname="web.mybizz.tests.ExtractData2"/>
  <testcase name="hitUrlAndData" time="50.565" classname="web.mybizz.tests.ExtractData2"/>
  <testcase name="hitUrlAndData" time="50.827" classname="web.mybizz.tests.ExtractData2"/>
  <testcase name="hitUrlAndData" time="47.453" classname="web.mybizz.tests.ExtractData2"/>
  <testcase name="hitUrlAndData" time="67.651" classname="web.mybizz.tests.ExtractData2"/>
  <testcase name="hitUrlAndData" time="29.204" classname="web.mybizz.tests.ExtractData2"/>
  <testcase name="hitUrlAndData" time="46.344" classname="web.mybizz.tests.ExtractData2"/>
  <testcase name="hitUrlAndData" time="47.27" classname="web.mybizz.tests.ExtractData2"/>
  <testcase name="hitUrlAndData" time="47.487" classname="web.mybizz.tests.ExtractData2"/>
  <testcase name="hitUrlAndData" time="48.534" classname="web.mybizz.tests.ExtractData2"/>
  <testcase name="hitUrlAndData" time="49.283" classname="web.mybizz.tests.ExtractData2"/>
  <testcase name="hitUrlAndData" time="48.713" classname="web.mybizz.tests.ExtractData2"/>
  <testcase name="hitUrlAndData" time="67.13" classname="web.mybizz.tests.ExtractData2"/>
  <testcase name="hitUrlAndData" time="66.233" classname="web.mybizz.tests.ExtractData2"/>
  <testcase name="hitUrlAndData" time="48.08" classname="web.mybizz.tests.ExtractData2"/>
  <testcase name="hitUrlAndData" time="49.391" classname="web.mybizz.tests.ExtractData2"/>
  <testcase name="hitUrlAndData" time="66.979" classname="web.mybizz.tests.ExtractData2"/>
  <testcase name="hitUrlAndData" time="48.9" classname="web.mybizz.tests.ExtractData2"/>
  <testcase name="hitUrlAndData" time="47.94" classname="web.mybizz.tests.ExtractData2"/>
  <testcase name="hitUrlAndData" time="49.053" classname="web.mybizz.tests.ExtractData2"/>
  <testcase name="hitUrlAndData" time="67.341" classname="web.mybizz.tests.ExtractData2"/>
  <testcase name="hitUrlAndData" time="50.993" classname="web.mybizz.tests.ExtractData2"/>
  <testcase name="hitUrlAndData" time="67.225" classname="web.mybizz.tests.ExtractData2"/>
  <testcase name="hitUrlAndData" time="48.888" classname="web.mybizz.tests.ExtractData2"/>
  <testcase name="hitUrlAndData" time="47.102" classname="web.mybizz.tests.ExtractData2"/>
  <testcase name="hitUrlAndData" time="48.931" classname="web.mybizz.tests.ExtractData2"/>
  <testcase name="hitUrlAndData" time="49.06" classname="web.mybizz.tests.ExtractData2"/>
  <testcase name="hitUrlAndData" time="47.756" classname="web.mybizz.tests.ExtractData2"/>
  <testcase name="hitUrlAndData" time="66.633" classname="web.mybizz.tests.ExtractData2"/>
  <testcase name="hitUrlAndData" time="48.007" classname="web.mybizz.tests.ExtractData2"/>
  <testcase name="hitUrlAndData" time="47.331" classname="web.mybizz.tests.ExtractData2"/>
  <testcase name="hitUrlAndData" time="46.713" classname="web.mybizz.tests.ExtractData2"/>
  <testcase name="hitUrlAndData" time="66.685" classname="web.mybizz.tests.ExtractData2"/>
  <testcase name="hitUrlAndData" time="48.646" classname="web.mybizz.tests.ExtractData2"/>
  <testcase name="hitUrlAndData" time="49.86" classname="web.mybizz.tests.ExtractData2"/>
  <testcase name="hitUrlAndData" time="49.574" classname="web.mybizz.tests.ExtractData2"/>
  <testcase name="hitUrlAndData" time="49.528" classname="web.mybizz.tests.ExtractData2"/>
  <testcase name="hitUrlAndData" time="47.791" classname="web.mybizz.tests.ExtractData2"/>
  <testcase name="hitUrlAndData" time="49.327" classname="web.mybizz.tests.ExtractData2"/>
  <testcase name="hitUrlAndData" time="47.876" classname="web.mybizz.tests.ExtractData2"/>
  <testcase name="hitUrlAndData" time="49.144" classname="web.mybizz.tests.ExtractData2"/>
  <testcase name="hitUrlAndData" time="49.182" classname="web.mybizz.tests.ExtractData2"/>
  <testcase name="hitUrlAndData" time="49.273" classname="web.mybizz.tests.ExtractData2"/>
  <testcase name="hitUrlAndData" time="49.433" classname="web.mybizz.tests.ExtractData2"/>
  <testcase name="hitUrlAndData" time="49.349" classname="web.mybizz.tests.ExtractData2"/>
  <testcase name="hitUrlAndData" time="48.965" classname="web.mybizz.tests.ExtractData2"/>
  <testcase name="hitUrlAndData" time="67.973" classname="web.mybizz.tests.ExtractData2"/>
  <testcase name="hitUrlAndData" time="48.981" classname="web.mybizz.tests.ExtractData2"/>
  <testcase name="hitUrlAndData" time="47.72" classname="web.mybizz.tests.ExtractData2"/>
  <testcase name="hitUrlAndData" time="48.985" classname="web.mybizz.tests.ExtractData2"/>
  <testcase name="hitUrlAndData" time="66.946" classname="web.mybizz.tests.ExtractData2"/>
  <testcase name="hitUrlAndData" time="87.513" classname="web.mybizz.tests.ExtractData2"/>
  <testcase name="hitUrlAndData" time="49.079" classname="web.mybizz.tests.ExtractData2"/>
  <testcase name="hitUrlAndData" time="51.432" classname="web.mybizz.tests.ExtractData2"/>
  <testcase name="hitUrlAndData" time="67.891" classname="web.mybizz.tests.ExtractData2"/>
  <testcase name="hitUrlAndData" time="66.857" classname="web.mybizz.tests.ExtractData2"/>
  <testcase name="hitUrlAndData" time="47.319" classname="web.mybizz.tests.ExtractData2"/>
  <testcase name="hitUrlAndData" time="47.228" classname="web.mybizz.tests.ExtractData2"/>
  <testcase name="hitUrlAndData" time="66.947" classname="web.mybizz.tests.ExtractData2"/>
  <testcase name="hitUrlAndData" time="47.662" classname="web.mybizz.tests.ExtractData2"/>
  <testcase name="hitUrlAndData" time="48.187" classname="web.mybizz.tests.ExtractData2"/>
  <testcase name="hitUrlAndData" time="47.923" classname="web.mybizz.tests.ExtractData2"/>
  <testcase name="hitUrlAndData" time="47.741" classname="web.mybizz.tests.ExtractData2"/>
  <testcase name="hitUrlAndData" time="69.606" classname="web.mybizz.tests.ExtractData2"/>
  <testcase name="hitUrlAndData" time="47.427" classname="web.mybizz.tests.ExtractData2"/>
  <testcase name="hitUrlAndData" time="68.437" classname="web.mybizz.tests.ExtractData2"/>
  <testcase name="hitUrlAndData" time="47.384" classname="web.mybizz.tests.ExtractData2"/>
  <testcase name="hitUrlAndData" time="46.456" classname="web.mybizz.tests.ExtractData2"/>
  <testcase name="hitUrlAndData" time="66.984" classname="web.mybizz.tests.ExtractData2"/>
  <testcase name="hitUrlAndData" time="47.981" classname="web.mybizz.tests.ExtractData2"/>
  <testcase name="hitUrlAndData" time="47.475" classname="web.mybizz.tests.ExtractData2"/>
  <testcase name="hitUrlAndData" time="47.049" classname="web.mybizz.tests.ExtractData2"/>
  <testcase name="hitUrlAndData" time="66.971" classname="web.mybizz.tests.ExtractData2"/>
  <testcase name="hitUrlAndData" time="47.973" classname="web.mybizz.tests.ExtractData2"/>
  <testcase name="hitUrlAndData" time="47.037" classname="web.mybizz.tests.ExtractData2"/>
  <testcase name="hitUrlAndData" time="47.347" classname="web.mybizz.tests.ExtractData2"/>
  <testcase name="hitUrlAndData" time="66.67" classname="web.mybizz.tests.ExtractData2"/>
  <testcase name="hitUrlAndData" time="48.028" classname="web.mybizz.tests.ExtractData2"/>
  <testcase name="hitUrlAndData" time="47.628" classname="web.mybizz.tests.ExtractData2"/>
  <testcase name="hitUrlAndData" time="48.309" classname="web.mybizz.tests.ExtractData2"/>
  <testcase name="hitUrlAndData" time="48.234" classname="web.mybizz.tests.ExtractData2"/>
  <testcase name="hitUrlAndData" time="48.019" classname="web.mybizz.tests.ExtractData2"/>
  <testcase name="hitUrlAndData" time="47.716" classname="web.mybizz.tests.ExtractData2"/>
  <testcase name="hitUrlAndData" time="48.333" classname="web.mybizz.tests.ExtractData2"/>
  <testcase name="hitUrlAndData" time="47.973" classname="web.mybizz.tests.ExtractData2"/>
  <testcase name="hitUrlAndData" time="47.021" classname="web.mybizz.tests.ExtractData2"/>
  <testcase name="hitUrlAndData" time="67.354" classname="web.mybizz.tests.ExtractData2"/>
  <testcase name="hitUrlAndData" time="46.842" classname="web.mybizz.tests.ExtractData2"/>
  <testcase name="hitUrlAndData" time="47.76" classname="web.mybizz.tests.ExtractData2"/>
  <testcase name="hitUrlAndData" time="46.252" classname="web.mybizz.tests.ExtractData2"/>
  <testcase name="hitUrlAndData" time="88.395" classname="web.mybizz.tests.ExtractData2"/>
  <testcase name="hitUrlAndData" time="50.216" classname="web.mybizz.tests.ExtractData2"/>
  <testcase name="hitUrlAndData" time="68.984" classname="web.mybizz.tests.ExtractData2"/>
  <testcase name="hitUrlAndData" time="47.784" classname="web.mybizz.tests.ExtractData2"/>
  <testcase name="hitUrlAndData" time="47.708" classname="web.mybizz.tests.ExtractData2"/>
  <testcase name="hitUrlAndData" time="48.234" classname="web.mybizz.tests.ExtractData2"/>
  <testcase name="hitUrlAndData" time="67.283" classname="web.mybizz.tests.ExtractData2"/>
  <testcase name="hitUrlAndData" time="48.369" classname="web.mybizz.tests.ExtractData2"/>
  <testcase name="hitUrlAndData" time="48.517" classname="web.mybizz.tests.ExtractData2"/>
  <testcase name="hitUrlAndData" time="66.807" classname="web.mybizz.tests.ExtractData2"/>
  <testcase name="hitUrlAndData" time="50.404" classname="web.mybizz.tests.ExtractData2"/>
  <testcase name="hitUrlAndData" time="66.609" classname="web.mybizz.tests.ExtractData2"/>
  <testcase name="hitUrlAndData" time="49.632" classname="web.mybizz.tests.ExtractData2"/>
  <testcase name="hitUrlAndData" time="51.423" classname="web.mybizz.tests.ExtractData2"/>
  <testcase name="hitUrlAndData" time="48.409" classname="web.mybizz.tests.ExtractData2"/>
  <testcase name="hitUrlAndData" time="70.01" classname="web.mybizz.tests.ExtractData2"/>
  <testcase name="hitUrlAndData" time="49.514" classname="web.mybizz.tests.ExtractData2"/>
  <testcase name="hitUrlAndData" time="49.496" classname="web.mybizz.tests.ExtractData2"/>
  <testcase name="hitUrlAndData" time="67.215" classname="web.mybizz.tests.ExtractData2"/>
  <testcase name="hitUrlAndData" time="51.773" classname="web.mybizz.tests.ExtractData2"/>
  <testcase name="hitUrlAndData" time="67.63" classname="web.mybizz.tests.ExtractData2"/>
  <testcase name="hitUrlAndData" time="52.393" classname="web.mybizz.tests.ExtractData2"/>
  <testcase name="hitUrlAndData" time="51.234" classname="web.mybizz.tests.ExtractData2"/>
  <testcase name="hitUrlAndData" time="50.905" classname="web.mybizz.tests.ExtractData2"/>
  <testcase name="hitUrlAndData" time="50.171" classname="web.mybizz.tests.ExtractData2"/>
  <testcase name="hitUrlAndData" time="67.296" classname="web.mybizz.tests.ExtractData2"/>
  <testcase name="hitUrlAndData" time="66.576" classname="web.mybizz.tests.ExtractData2"/>
  <testcase name="hitUrlAndData" time="50.084" classname="web.mybizz.tests.ExtractData2"/>
  <testcase name="hitUrlAndData" time="51.813" classname="web.mybizz.tests.ExtractData2"/>
  <testcase name="hitUrlAndData" time="88.919" classname="web.mybizz.tests.ExtractData2"/>
  <testcase name="hitUrlAndData" time="56.096" classname="web.mybizz.tests.ExtractData2"/>
  <testcase name="hitUrlAndData" time="55.415" classname="web.mybizz.tests.ExtractData2"/>
  <testcase name="hitUrlAndData" time="56.395" classname="web.mybizz.tests.ExtractData2"/>
  <testcase name="hitUrlAndData" time="56.658" classname="web.mybizz.tests.ExtractData2"/>
  <testcase name="hitUrlAndData" time="70.992" classname="web.mybizz.tests.ExtractData2"/>
  <testcase name="hitUrlAndData" time="49.313" classname="web.mybizz.tests.ExtractData2"/>
  <testcase name="hitUrlAndData" time="33.547" classname="web.mybizz.tests.ExtractData2"/>
  <testcase name="hitUrlAndData" time="49.233" classname="web.mybizz.tests.ExtractData2"/>
  <testcase name="hitUrlAndData" time="51.517" classname="web.mybizz.tests.ExtractData2"/>
  <testcase name="hitUrlAndData" time="54.518" classname="web.mybizz.tests.ExtractData2"/>
  <testcase name="hitUrlAndData" time="55.661" classname="web.mybizz.tests.ExtractData2"/>
  <testcase name="hitUrlAndData" time="71.058" classname="web.mybizz.tests.ExtractData2"/>
  <testcase name="hitUrlAndData" time="72.096" classname="web.mybizz.tests.ExtractData2"/>
  <testcase name="hitUrlAndData" time="67.236" classname="web.mybizz.tests.ExtractData2"/>
  <testcase name="hitUrlAndData" time="49.228" classname="web.mybizz.tests.ExtractData2"/>
  <testcase name="hitUrlAndData" time="49.062" classname="web.mybizz.tests.ExtractData2"/>
  <testcase name="hitUrlAndData" time="89.033" classname="web.mybizz.tests.ExtractData2"/>
  <testcase name="hitUrlAndData" time="47.35" classname="web.mybizz.tests.ExtractData2"/>
  <testcase name="hitUrlAndData" time="68.448" classname="web.mybizz.tests.ExtractData2"/>
  <testcase name="hitUrlAndData" time="49.996" classname="web.mybizz.tests.ExtractData2"/>
  <testcase name="hitUrlAndData" time="50.078" classname="web.mybizz.tests.ExtractData2"/>
  <testcase name="hitUrlAndData" time="67.933" classname="web.mybizz.tests.ExtractData2"/>
  <testcase name="hitUrlAndData" time="48.148" classname="web.mybizz.tests.ExtractData2"/>
  <testcase name="hitUrlAndData" time="50.616" classname="web.mybizz.tests.ExtractData2"/>
  <testcase name="hitUrlAndData" time="48.812" classname="web.mybizz.tests.ExtractData2"/>
  <testcase name="hitUrlAndData" time="47.122" classname="web.mybizz.tests.ExtractData2"/>
  <testcase name="hitUrlAndData" time="89.669" classname="web.mybizz.tests.ExtractData2"/>
  <testcase name="hitUrlAndData" time="67.363" classname="web.mybizz.tests.ExtractData2"/>
  <testcase name="hitUrlAndData" time="66.941" classname="web.mybizz.tests.ExtractData2"/>
  <testcase name="hitUrlAndData" time="49.153" classname="web.mybizz.tests.ExtractData2"/>
  <testcase name="hitUrlAndData" time="48.304" classname="web.mybizz.tests.ExtractData2"/>
  <testcase name="hitUrlAndData" time="89.972" classname="web.mybizz.tests.ExtractData2"/>
  <testcase name="hitUrlAndData" time="47.904" classname="web.mybizz.tests.ExtractData2"/>
  <testcase name="hitUrlAndData" time="50.202" classname="web.mybizz.tests.ExtractData2"/>
  <testcase name="hitUrlAndData" time="66.909" classname="web.mybizz.tests.ExtractData2"/>
  <testcase name="hitUrlAndData" time="46.865" classname="web.mybizz.tests.ExtractData2"/>
  <testcase name="hitUrlAndData" time="48.961" classname="web.mybizz.tests.ExtractData2"/>
  <testcase name="hitUrlAndData" time="66.859" classname="web.mybizz.tests.ExtractData2"/>
  <testcase name="hitUrlAndData" time="48.949" classname="web.mybizz.tests.ExtractData2"/>
  <testcase name="hitUrlAndData" time="68.317" classname="web.mybizz.tests.ExtractData2"/>
  <testcase name="hitUrlAndData" time="67.821" classname="web.mybizz.tests.ExtractData2"/>
  <testcase name="hitUrlAndData" time="67.68" classname="web.mybizz.tests.ExtractData2"/>
  <testcase name="hitUrlAndData" time="68.635" classname="web.mybizz.tests.ExtractData2"/>
  <testcase name="hitUrlAndData" time="67.284" classname="web.mybizz.tests.ExtractData2"/>
  <testcase name="hitUrlAndData" time="48.352" classname="web.mybizz.tests.ExtractData2"/>
  <testcase name="hitUrlAndData" time="48.676" classname="web.mybizz.tests.ExtractData2"/>
  <testcase name="hitUrlAndData" time="66.983" classname="web.mybizz.tests.ExtractData2"/>
  <testcase name="hitUrlAndData" time="48.405" classname="web.mybizz.tests.ExtractData2"/>
  <testcase name="hitUrlAndData" time="49.071" classname="web.mybizz.tests.ExtractData2"/>
  <testcase name="hitUrlAndData" time="48.866" classname="web.mybizz.tests.ExtractData2"/>
  <testcase name="hitUrlAndData" time="48.551" classname="web.mybizz.tests.ExtractData2"/>
  <testcase name="hitUrlAndData" time="67.875" classname="web.mybizz.tests.ExtractData2"/>
  <testcase name="hitUrlAndData" time="67.085" classname="web.mybizz.tests.ExtractData2"/>
  <testcase name="hitUrlAndData" time="47.117" classname="web.mybizz.tests.ExtractData2"/>
  <testcase name="hitUrlAndData" time="48.248" classname="web.mybizz.tests.ExtractData2"/>
  <testcase name="hitUrlAndData" time="48.386" classname="web.mybizz.tests.ExtractData2"/>
  <testcase name="hitUrlAndData" time="89.485" classname="web.mybizz.tests.ExtractData2"/>
  <testcase name="hitUrlAndData" time="48.25" classname="web.mybizz.tests.ExtractData2"/>
  <testcase name="hitUrlAndData" time="87.854" classname="web.mybizz.tests.ExtractData2"/>
  <testcase name="hitUrlAndData" time="48.623" classname="web.mybizz.tests.ExtractData2"/>
  <testcase name="hitUrlAndData" time="68.817" classname="web.mybizz.tests.ExtractData2"/>
  <testcase name="hitUrlAndData" time="45.68" classname="web.mybizz.tests.ExtractData2"/>
  <testcase name="hitUrlAndData" time="46.589" classname="web.mybizz.tests.ExtractData2"/>
  <testcase name="hitUrlAndData" time="48.213" classname="web.mybizz.tests.ExtractData2"/>
  <testcase name="hitUrlAndData" time="89.059" classname="web.mybizz.tests.ExtractData2"/>
  <testcase name="hitUrlAndData" time="47.311" classname="web.mybizz.tests.ExtractData2"/>
  <testcase name="hitUrlAndData" time="49.135" classname="web.mybizz.tests.ExtractData2"/>
  <testcase name="hitUrlAndData" time="49.212" classname="web.mybizz.tests.ExtractData2"/>
  <testcase name="hitUrlAndData" time="48.433" classname="web.mybizz.tests.ExtractData2"/>
  <testcase name="hitUrlAndData" time="48.007" classname="web.mybizz.tests.ExtractData2"/>
  <testcase name="hitUrlAndData" time="49.42" classname="web.mybizz.tests.ExtractData2"/>
  <testcase name="hitUrlAndData" time="48.347" classname="web.mybizz.tests.ExtractData2"/>
  <testcase name="hitUrlAndData" time="87.555" classname="web.mybizz.tests.ExtractData2"/>
  <testcase name="hitUrlAndData" time="48.173" classname="web.mybizz.tests.ExtractData2"/>
  <testcase name="hitUrlAndData" time="48.196" classname="web.mybizz.tests.ExtractData2"/>
  <testcase name="hitUrlAndData" time="47.804" classname="web.mybizz.tests.ExtractData2"/>
  <testcase name="hitUrlAndData" time="48.86" classname="web.mybizz.tests.ExtractData2"/>
  <testcase name="hitUrlAndData" time="48.947" classname="web.mybizz.tests.ExtractData2"/>
  <testcase name="hitUrlAndData" time="49.796" classname="web.mybizz.tests.ExtractData2"/>
  <testcase name="hitUrlAndData" time="49.473" classname="web.mybizz.tests.ExtractData2"/>
  <testcase name="hitUrlAndData" time="50.628" classname="web.mybizz.tests.ExtractData2"/>
  <testcase name="hitUrlAndData" time="48.926" classname="web.mybizz.tests.ExtractData2"/>
  <testcase name="hitUrlAndData" time="49.021" classname="web.mybizz.tests.ExtractData2"/>
  <testcase name="hitUrlAndData" time="69.317" classname="web.mybizz.tests.ExtractData2"/>
  <testcase name="hitUrlAndData" time="48.746" classname="web.mybizz.tests.ExtractData2"/>
  <testcase name="hitUrlAndData" time="48.227" classname="web.mybizz.tests.ExtractData2"/>
  <testcase name="hitUrlAndData" time="48.902" classname="web.mybizz.tests.ExtractData2"/>
  <testcase name="hitUrlAndData" time="66.516" classname="web.mybizz.tests.ExtractData2"/>
  <testcase name="hitUrlAndData" time="66.926" classname="web.mybizz.tests.ExtractData2"/>
  <testcase name="hitUrlAndData" time="49.912" classname="web.mybizz.tests.ExtractData2"/>
  <testcase name="hitUrlAndData" time="50.067" classname="web.mybizz.tests.ExtractData2"/>
  <testcase name="hitUrlAndData" time="48.103" classname="web.mybizz.tests.ExtractData2"/>
  <testcase name="hitUrlAndData" time="47.848" classname="web.mybizz.tests.ExtractData2"/>
  <testcase name="hitUrlAndData" time="47.555" classname="web.mybizz.tests.ExtractData2"/>
  <testcase name="hitUrlAndData" time="47.006" classname="web.mybizz.tests.ExtractData2"/>
  <testcase name="hitUrlAndData" time="47.224" classname="web.mybizz.tests.ExtractData2"/>
  <testcase name="hitUrlAndData" time="68.846" classname="web.mybizz.tests.ExtractData2"/>
  <testcase name="hitUrlAndData" time="46.732" classname="web.mybizz.tests.ExtractData2"/>
  <testcase name="hitUrlAndData" time="47.095" classname="web.mybizz.tests.ExtractData2"/>
  <testcase name="hitUrlAndData" time="48.114" classname="web.mybizz.tests.ExtractData2"/>
  <testcase name="hitUrlAndData" time="47.094" classname="web.mybizz.tests.ExtractData2"/>
  <testcase name="hitUrlAndData" time="47.522" classname="web.mybizz.tests.ExtractData2"/>
  <testcase name="hitUrlAndData" time="47.508" classname="web.mybizz.tests.ExtractData2"/>
  <testcase name="hitUrlAndData" time="46.538" classname="web.mybizz.tests.ExtractData2"/>
  <testcase name="hitUrlAndData" time="47.568" classname="web.mybizz.tests.ExtractData2"/>
  <testcase name="hitUrlAndData" time="47.964" classname="web.mybizz.tests.ExtractData2"/>
  <testcase name="hitUrlAndData" time="67.833" classname="web.mybizz.tests.ExtractData2"/>
  <testcase name="hitUrlAndData" time="47.511" classname="web.mybizz.tests.ExtractData2"/>
  <testcase name="hitUrlAndData" time="47.464" classname="web.mybizz.tests.ExtractData2"/>
  <testcase name="hitUrlAndData" time="48.446" classname="web.mybizz.tests.ExtractData2"/>
  <testcase name="hitUrlAndData" time="66.724" classname="web.mybizz.tests.ExtractData2"/>
  <testcase name="hitUrlAndData" time="47.336" classname="web.mybizz.tests.ExtractData2"/>
  <testcase name="hitUrlAndData" time="47.564" classname="web.mybizz.tests.ExtractData2"/>
  <testcase name="hitUrlAndData" time="47.977" classname="web.mybizz.tests.ExtractData2"/>
  <testcase name="hitUrlAndData" time="66.566" classname="web.mybizz.tests.ExtractData2"/>
  <testcase name="hitUrlAndData" time="48.499" classname="web.mybizz.tests.ExtractData2"/>
  <testcase name="hitUrlAndData" time="49.338" classname="web.mybizz.tests.ExtractData2"/>
  <testcase name="hitUrlAndData" time="66.772" classname="web.mybizz.tests.ExtractData2"/>
  <testcase name="hitUrlAndData" time="47.535" classname="web.mybizz.tests.ExtractData2"/>
  <testcase name="hitUrlAndData" time="50.534" classname="web.mybizz.tests.ExtractData2"/>
  <testcase name="hitUrlAndData" time="50.465" classname="web.mybizz.tests.ExtractData2"/>
  <testcase name="hitUrlAndData" time="50.902" classname="web.mybizz.tests.ExtractData2"/>
  <testcase name="hitUrlAndData" time="51.022" classname="web.mybizz.tests.ExtractData2"/>
  <testcase name="hitUrlAndData" time="67.15" classname="web.mybizz.tests.ExtractData2"/>
  <testcase name="hitUrlAndData" time="69.356" classname="web.mybizz.tests.ExtractData2"/>
  <testcase name="hitUrlAndData" time="68.147" classname="web.mybizz.tests.ExtractData2"/>
  <testcase name="hitUrlAndData" time="54.097" classname="web.mybizz.tests.ExtractData2"/>
  <testcase name="hitUrlAndData" time="67.502" classname="web.mybizz.tests.ExtractData2"/>
  <testcase name="hitUrlAndData" time="48.87" classname="web.mybizz.tests.ExtractData2"/>
  <testcase name="hitUrlAndData" time="51.951" classname="web.mybizz.tests.ExtractData2"/>
  <testcase name="hitUrlAndData" time="53.27" classname="web.mybizz.tests.ExtractData2"/>
  <testcase name="hitUrlAndData" time="51.096" classname="web.mybizz.tests.ExtractData2"/>
  <testcase name="hitUrlAndData" time="52.859" classname="web.mybizz.tests.ExtractData2"/>
  <testcase name="hitUrlAndData" time="50.364" classname="web.mybizz.tests.ExtractData2"/>
  <testcase name="hitUrlAndData" time="69.061" classname="web.mybizz.tests.ExtractData2"/>
  <testcase name="hitUrlAndData" time="70.068" classname="web.mybizz.tests.ExtractData2"/>
  <testcase name="hitUrlAndData" time="68.872" classname="web.mybizz.tests.ExtractData2"/>
  <testcase name="hitUrlAndData" time="67.371" classname="web.mybizz.tests.ExtractData2"/>
  <testcase name="hitUrlAndData" time="66.916" classname="web.mybizz.tests.ExtractData2"/>
  <testcase name="hitUrlAndData" time="50.055" classname="web.mybizz.tests.ExtractData2"/>
  <testcase name="hitUrlAndData" time="50.443" classname="web.mybizz.tests.ExtractData2"/>
  <testcase name="hitUrlAndData" time="49.941" classname="web.mybizz.tests.ExtractData2"/>
  <testcase name="hitUrlAndData" time="68.952" classname="web.mybizz.tests.ExtractData2"/>
  <testcase name="hitUrlAndData" time="66.971" classname="web.mybizz.tests.ExtractData2"/>
  <testcase name="hitUrlAndData" time="67.15" classname="web.mybizz.tests.ExtractData2"/>
  <testcase name="hitUrlAndData" time="47.298" classname="web.mybizz.tests.ExtractData2"/>
  <testcase name="hitUrlAndData" time="66.711" classname="web.mybizz.tests.ExtractData2"/>
  <testcase name="hitUrlAndData" time="66.743" classname="web.mybizz.tests.ExtractData2"/>
  <testcase name="hitUrlAndData" time="49.722" classname="web.mybizz.tests.ExtractData2"/>
  <testcase name="hitUrlAndData" time="47.509" classname="web.mybizz.tests.ExtractData2"/>
  <testcase name="hitUrlAndData" time="68.762" classname="web.mybizz.tests.ExtractData2"/>
  <testcase name="hitUrlAndData" time="68.901" classname="web.mybizz.tests.ExtractData2"/>
  <testcase name="hitUrlAndData" time="48.452" classname="web.mybizz.tests.ExtractData2"/>
  <testcase name="hitUrlAndData" time="47.568" classname="web.mybizz.tests.ExtractData2"/>
  <testcase name="hitUrlAndData" time="89.75" classname="web.mybizz.tests.ExtractData2"/>
  <testcase name="hitUrlAndData" time="48.951" classname="web.mybizz.tests.ExtractData2"/>
  <testcase name="hitUrlAndData" time="69.28" classname="web.mybizz.tests.ExtractData2"/>
  <testcase name="hitUrlAndData" time="67.6" classname="web.mybizz.tests.ExtractData2"/>
  <testcase name="hitUrlAndData" time="47.998" classname="web.mybizz.tests.ExtractData2"/>
  <testcase name="hitUrlAndData" time="67.131" classname="web.mybizz.tests.ExtractData2"/>
  <testcase name="hitUrlAndData" time="47.555" classname="web.mybizz.tests.ExtractData2"/>
  <testcase name="hitUrlAndData" time="66.861" classname="web.mybizz.tests.ExtractData2"/>
  <testcase name="hitUrlAndData" time="67.142" classname="web.mybizz.tests.ExtractData2"/>
  <testcase name="hitUrlAndData" time="51.833" classname="web.mybizz.tests.ExtractData2"/>
  <testcase name="hitUrlAndData" time="69.459" classname="web.mybizz.tests.ExtractData2"/>
  <testcase name="hitUrlAndData" time="87.762" classname="web.mybizz.tests.ExtractData2"/>
  <testcase name="hitUrlAndData" time="47.967" classname="web.mybizz.tests.ExtractData2"/>
  <testcase name="hitUrlAndData" time="67.829" classname="web.mybizz.tests.ExtractData2"/>
  <testcase name="hitUrlAndData" time="67.444" classname="web.mybizz.tests.ExtractData2"/>
  <testcase name="hitUrlAndData" time="66.895" classname="web.mybizz.tests.ExtractData2"/>
  <testcase name="hitUrlAndData" time="66.645" classname="web.mybizz.tests.ExtractData2"/>
  <testcase name="hitUrlAndData" time="48.337" classname="web.mybizz.tests.ExtractData2"/>
  <testcase name="hitUrlAndData" time="48.344" classname="web.mybizz.tests.ExtractData2"/>
  <testcase name="hitUrlAndData" time="31.302" classname="web.mybizz.tests.ExtractData2"/>
  <testcase name="hitUrlAndData" time="66.455" classname="web.mybizz.tests.ExtractData2"/>
  <testcase name="hitUrlAndData" time="49.138" classname="web.mybizz.tests.ExtractData2"/>
  <testcase name="hitUrlAndData" time="47.963" classname="web.mybizz.tests.ExtractData2"/>
  <testcase name="hitUrlAndData" time="49.959" classname="web.mybizz.tests.ExtractData2"/>
  <testcase name="hitUrlAndData" time="49.197" classname="web.mybizz.tests.ExtractData2"/>
  <testcase name="hitUrlAndData" time="51.209" classname="web.mybizz.tests.ExtractData2"/>
  <testcase name="hitUrlAndData" time="48.938" classname="web.mybizz.tests.ExtractData2"/>
  <testcase name="hitUrlAndData" time="50.166" classname="web.mybizz.tests.ExtractData2"/>
  <testcase name="hitUrlAndData" time="67.706" classname="web.mybizz.tests.ExtractData2"/>
  <testcase name="hitUrlAndData" time="66.742" classname="web.mybizz.tests.ExtractData2"/>
  <testcase name="hitUrlAndData" time="90.978" classname="web.mybizz.tests.ExtractData2"/>
  <testcase name="hitUrlAndData" time="66.438" classname="web.mybizz.tests.ExtractData2"/>
  <testcase name="hitUrlAndData" time="48.117" classname="web.mybizz.tests.ExtractData2"/>
  <testcase name="hitUrlAndData" time="49.262" classname="web.mybizz.tests.ExtractData2"/>
  <testcase name="hitUrlAndData" time="47.58" classname="web.mybizz.tests.ExtractData2"/>
  <testcase name="hitUrlAndData" time="67.252" classname="web.mybizz.tests.ExtractData2"/>
  <testcase name="hitUrlAndData" time="66.612" classname="web.mybizz.tests.ExtractData2"/>
  <testcase name="hitUrlAndData" time="69.259" classname="web.mybizz.tests.ExtractData2"/>
  <testcase name="hitUrlAndData" time="69.386" classname="web.mybizz.tests.ExtractData2"/>
  <testcase name="hitUrlAndData" time="48.206" classname="web.mybizz.tests.ExtractData2"/>
  <testcase name="hitUrlAndData" time="48.714" classname="web.mybizz.tests.ExtractData2"/>
  <testcase name="hitUrlAndData" time="50.713" classname="web.mybizz.tests.ExtractData2"/>
  <testcase name="hitUrlAndData" time="48.941" classname="web.mybizz.tests.ExtractData2"/>
  <testcase name="hitUrlAndData" time="48.331" classname="web.mybizz.tests.ExtractData2"/>
  <testcase name="hitUrlAndData" time="68.768" classname="web.mybizz.tests.ExtractData2"/>
  <testcase name="hitUrlAndData" time="48.079" classname="web.mybizz.tests.ExtractData2"/>
  <testcase name="hitUrlAndData" time="46.911" classname="web.mybizz.tests.ExtractData2"/>
  <testcase name="hitUrlAndData" time="90.851" classname="web.mybizz.tests.ExtractData2"/>
  <testcase name="hitUrlAndData" time="47.017" classname="web.mybizz.tests.ExtractData2"/>
  <testcase name="hitUrlAndData" time="67.083" classname="web.mybizz.tests.ExtractData2"/>
  <testcase name="hitUrlAndData" time="66.929" classname="web.mybizz.tests.ExtractData2"/>
  <testcase name="hitUrlAndData" time="48.64" classname="web.mybizz.tests.ExtractData2"/>
  <testcase name="hitUrlAndData" time="66.773" classname="web.mybizz.tests.ExtractData2"/>
  <testcase name="hitUrlAndData" time="47.48" classname="web.mybizz.tests.ExtractData2"/>
  <testcase name="hitUrlAndData" time="46.823" classname="web.mybizz.tests.ExtractData2"/>
  <testcase name="hitUrlAndData" time="67.537" classname="web.mybizz.tests.ExtractData2"/>
  <testcase name="hitUrlAndData" time="67.276" classname="web.mybizz.tests.ExtractData2"/>
  <testcase name="hitUrlAndData" time="47.227" classname="web.mybizz.tests.ExtractData2"/>
  <testcase name="hitUrlAndData" time="67.199" classname="web.mybizz.tests.ExtractData2"/>
  <testcase name="hitUrlAndData" time="66.592" classname="web.mybizz.tests.ExtractData2"/>
  <testcase name="hitUrlAndData" time="47.382" classname="web.mybizz.tests.ExtractData2"/>
  <testcase name="hitUrlAndData" time="67.207" classname="web.mybizz.tests.ExtractData2"/>
  <testcase name="hitUrlAndData" time="47.822" classname="web.mybizz.tests.ExtractData2"/>
  <testcase name="hitUrlAndData" time="48.15" classname="web.mybizz.tests.ExtractData2"/>
  <testcase name="hitUrlAndData" time="46.286" classname="web.mybizz.tests.ExtractData2"/>
  <testcase name="hitUrlAndData" time="66.635" classname="web.mybizz.tests.ExtractData2"/>
  <testcase name="hitUrlAndData" time="48.603" classname="web.mybizz.tests.ExtractData2"/>
  <testcase name="hitUrlAndData" time="29.672" classname="web.mybizz.tests.ExtractData2"/>
  <testcase name="hitUrlAndData" time="48.032" classname="web.mybizz.tests.ExtractData2"/>
  <testcase name="hitUrlAndData" time="48.332" classname="web.mybizz.tests.ExtractData2"/>
  <testcase name="hitUrlAndData" time="49.397" classname="web.mybizz.tests.ExtractData2"/>
  <testcase name="hitUrlAndData" time="48.786" classname="web.mybizz.tests.ExtractData2"/>
  <testcase name="hitUrlAndData" time="49.385" classname="web.mybizz.tests.ExtractData2"/>
  <testcase name="hitUrlAndData" time="49.594" classname="web.mybizz.tests.ExtractData2"/>
  <testcase name="hitUrlAndData" time="49.534" classname="web.mybizz.tests.ExtractData2"/>
  <testcase name="hitUrlAndData" time="70.034" classname="web.mybizz.tests.ExtractData2"/>
  <testcase name="hitUrlAndData" time="48.883" classname="web.mybizz.tests.ExtractData2"/>
  <testcase name="hitUrlAndData" time="68.715" classname="web.mybizz.tests.ExtractData2"/>
  <testcase name="hitUrlAndData" time="49.72" classname="web.mybizz.tests.ExtractData2"/>
  <testcase name="hitUrlAndData" time="88.825" classname="web.mybizz.tests.ExtractData2"/>
  <testcase name="hitUrlAndData" time="66.698" classname="web.mybizz.tests.ExtractData2"/>
  <testcase name="hitUrlAndData" time="49.111" classname="web.mybizz.tests.ExtractData2"/>
  <testcase name="hitUrlAndData" time="68.046" classname="web.mybizz.tests.ExtractData2"/>
  <testcase name="hitUrlAndData" time="50.349" classname="web.mybizz.tests.ExtractData2"/>
  <testcase name="hitUrlAndData" time="48.402" classname="web.mybizz.tests.ExtractData2"/>
  <testcase name="hitUrlAndData" time="67.249" classname="web.mybizz.tests.ExtractData2"/>
  <testcase name="hitUrlAndData" time="66.572" classname="web.mybizz.tests.ExtractData2"/>
  <testcase name="hitUrlAndData" time="50.654" classname="web.mybizz.tests.ExtractData2"/>
  <testcase name="hitUrlAndData" time="50.223" classname="web.mybizz.tests.ExtractData2"/>
  <testcase name="hitUrlAndData" time="50.214" classname="web.mybizz.tests.ExtractData2"/>
  <testcase name="hitUrlAndData" time="49.776" classname="web.mybizz.tests.ExtractData2"/>
  <testcase name="hitUrlAndData" time="66.971" classname="web.mybizz.tests.ExtractData2"/>
  <testcase name="hitUrlAndData" time="49.223" classname="web.mybizz.tests.ExtractData2"/>
  <testcase name="hitUrlAndData" time="68.578" classname="web.mybizz.tests.ExtractData2"/>
  <testcase name="hitUrlAndData" time="89.452" classname="web.mybizz.tests.ExtractData2"/>
  <testcase name="hitUrlAndData" time="48.147" classname="web.mybizz.tests.ExtractData2"/>
  <testcase name="hitUrlAndData" time="88.163" classname="web.mybizz.tests.ExtractData2"/>
  <testcase name="hitUrlAndData" time="49.593" classname="web.mybizz.tests.ExtractData2"/>
  <testcase name="hitUrlAndData" time="51.364" classname="web.mybizz.tests.ExtractData2"/>
  <testcase name="hitUrlAndData" time="67.422" classname="web.mybizz.tests.ExtractData2"/>
  <testcase name="hitUrlAndData" time="68.638" classname="web.mybizz.tests.ExtractData2"/>
  <testcase name="hitUrlAndData" time="48.8" classname="web.mybizz.tests.ExtractData2"/>
  <testcase name="hitUrlAndData" time="67.538" classname="web.mybizz.tests.ExtractData2"/>
  <testcase name="hitUrlAndData" time="67.4" classname="web.mybizz.tests.ExtractData2"/>
  <testcase name="hitUrlAndData" time="49.128" classname="web.mybizz.tests.ExtractData2"/>
  <testcase name="hitUrlAndData" time="51.121" classname="web.mybizz.tests.ExtractData2"/>
  <testcase name="hitUrlAndData" time="49.455" classname="web.mybizz.tests.ExtractData2"/>
  <testcase name="hitUrlAndData" time="51.769" classname="web.mybizz.tests.ExtractData2"/>
  <testcase name="hitUrlAndData" time="50.419" classname="web.mybizz.tests.ExtractData2"/>
  <testcase name="hitUrlAndData" time="68.645" classname="web.mybizz.tests.ExtractData2"/>
  <testcase name="hitUrlAndData" time="68.359" classname="web.mybizz.tests.ExtractData2"/>
  <testcase name="hitUrlAndData" time="70.745" classname="web.mybizz.tests.ExtractData2"/>
  <testcase name="hitUrlAndData" time="90.699" classname="web.mybizz.tests.ExtractData2"/>
  <testcase name="hitUrlAndData" time="70.91" classname="web.mybizz.tests.ExtractData2"/>
  <testcase name="hitUrlAndData" time="48.119" classname="web.mybizz.tests.ExtractData2"/>
  <testcase name="hitUrlAndData" time="47.142" classname="web.mybizz.tests.ExtractData2"/>
  <testcase name="hitUrlAndData" time="66.686" classname="web.mybizz.tests.ExtractData2"/>
  <testcase name="hitUrlAndData" time="67.709" classname="web.mybizz.tests.ExtractData2"/>
  <testcase name="hitUrlAndData" time="68.005" classname="web.mybizz.tests.ExtractData2"/>
  <testcase name="hitUrlAndData" time="49.231" classname="web.mybizz.tests.ExtractData2"/>
  <testcase name="hitUrlAndData" time="50.068" classname="web.mybizz.tests.ExtractData2"/>
  <testcase name="hitUrlAndData" time="70.571" classname="web.mybizz.tests.ExtractData2"/>
  <testcase name="hitUrlAndData" time="66.626" classname="web.mybizz.tests.ExtractData2"/>
  <testcase name="hitUrlAndData" time="46.566" classname="web.mybizz.tests.ExtractData2"/>
  <testcase name="hitUrlAndData" time="68.902" classname="web.mybizz.tests.ExtractData2"/>
  <testcase name="hitUrlAndData" time="66.514" classname="web.mybizz.tests.ExtractData2"/>
  <testcase name="hitUrlAndData" time="48.058" classname="web.mybizz.tests.ExtractData2"/>
  <testcase name="hitUrlAndData" time="49.512" classname="web.mybizz.tests.ExtractData2"/>
  <testcase name="hitUrlAndData" time="51.005" classname="web.mybizz.tests.ExtractData2"/>
  <testcase name="hitUrlAndData" time="47.507" classname="web.mybizz.tests.ExtractData2"/>
  <testcase name="hitUrlAndData" time="69.241" classname="web.mybizz.tests.ExtractData2"/>
  <testcase name="hitUrlAndData" time="68.571" classname="web.mybizz.tests.ExtractData2"/>
  <testcase name="hitUrlAndData" time="67.111" classname="web.mybizz.tests.ExtractData2"/>
  <testcase name="hitUrlAndData" time="67.489" classname="web.mybizz.tests.ExtractData2"/>
  <testcase name="hitUrlAndData" time="47.154" classname="web.mybizz.tests.ExtractData2"/>
  <testcase name="hitUrlAndData" time="67.587" classname="web.mybizz.tests.ExtractData2"/>
  <testcase name="hitUrlAndData" time="47.485" classname="web.mybizz.tests.ExtractData2"/>
  <testcase name="hitUrlAndData" time="67.338" classname="web.mybizz.tests.ExtractData2"/>
  <testcase name="hitUrlAndData" time="47.937" classname="web.mybizz.tests.ExtractData2"/>
  <testcase name="hitUrlAndData" time="49.835" classname="web.mybizz.tests.ExtractData2"/>
  <testcase name="hitUrlAndData" time="47.67" classname="web.mybizz.tests.ExtractData2"/>
  <testcase name="hitUrlAndData" time="66.983" classname="web.mybizz.tests.ExtractData2"/>
  <testcase name="hitUrlAndData" time="53.429" classname="web.mybizz.tests.ExtractData2"/>
  <testcase name="hitUrlAndData" time="49.709" classname="web.mybizz.tests.ExtractData2"/>
  <testcase name="hitUrlAndData" time="51.734" classname="web.mybizz.tests.ExtractData2"/>
  <testcase name="hitUrlAndData" time="47.942" classname="web.mybizz.tests.ExtractData2"/>
  <testcase name="hitUrlAndData" time="49.045" classname="web.mybizz.tests.ExtractData2"/>
  <testcase name="hitUrlAndData" time="51.53" classname="web.mybizz.tests.ExtractData2"/>
  <testcase name="hitUrlAndData" time="51.468" classname="web.mybizz.tests.ExtractData2"/>
  <testcase name="hitUrlAndData" time="51.572" classname="web.mybizz.tests.ExtractData2"/>
  <testcase name="hitUrlAndData" time="51.525" classname="web.mybizz.tests.ExtractData2"/>
  <testcase name="hitUrlAndData" time="52.822" classname="web.mybizz.tests.ExtractData2"/>
  <testcase name="hitUrlAndData" time="52.871" classname="web.mybizz.tests.ExtractData2"/>
  <testcase name="hitUrlAndData" time="54.135" classname="web.mybizz.tests.ExtractData2"/>
  <testcase name="hitUrlAndData" time="50.555" classname="web.mybizz.tests.ExtractData2"/>
  <testcase name="hitUrlAndData" time="70.283" classname="web.mybizz.tests.ExtractData2"/>
  <testcase name="hitUrlAndData" time="91.834" classname="web.mybizz.tests.ExtractData2"/>
  <testcase name="hitUrlAndData" time="50.724" classname="web.mybizz.tests.ExtractData2"/>
  <testcase name="hitUrlAndData" time="51.058" classname="web.mybizz.tests.ExtractData2"/>
  <testcase name="hitUrlAndData" time="51.201" classname="web.mybizz.tests.ExtractData2"/>
  <testcase name="hitUrlAndData" time="51.153" classname="web.mybizz.tests.ExtractData2"/>
  <testcase name="hitUrlAndData" time="49.224" classname="web.mybizz.tests.ExtractData2"/>
  <testcase name="hitUrlAndData" time="49.212" classname="web.mybizz.tests.ExtractData2"/>
  <testcase name="hitUrlAndData" time="50.885" classname="web.mybizz.tests.ExtractData2"/>
  <testcase name="hitUrlAndData" time="50.414" classname="web.mybizz.tests.ExtractData2"/>
  <testcase name="hitUrlAndData" time="69.877" classname="web.mybizz.tests.ExtractData2"/>
  <testcase name="hitUrlAndData" time="47.186" classname="web.mybizz.tests.ExtractData2"/>
  <testcase name="hitUrlAndData" time="50.331" classname="web.mybizz.tests.ExtractData2"/>
  <testcase name="hitUrlAndData" time="50.369" classname="web.mybizz.tests.ExtractData2"/>
  <testcase name="hitUrlAndData" time="50.702" classname="web.mybizz.tests.ExtractData2"/>
  <testcase name="hitUrlAndData" time="48.183" classname="web.mybizz.tests.ExtractData2"/>
  <testcase name="hitUrlAndData" time="48.821" classname="web.mybizz.tests.ExtractData2"/>
  <testcase name="hitUrlAndData" time="68.953" classname="web.mybizz.tests.ExtractData2"/>
  <testcase name="hitUrlAndData" time="67.908" classname="web.mybizz.tests.ExtractData2"/>
  <testcase name="hitUrlAndData" time="47.314" classname="web.mybizz.tests.ExtractData2"/>
  <testcase name="hitUrlAndData" time="48.666" classname="web.mybizz.tests.ExtractData2"/>
  <testcase name="hitUrlAndData" time="48.143" classname="web.mybizz.tests.ExtractData2"/>
  <testcase name="hitUrlAndData" time="48.24" classname="web.mybizz.tests.ExtractData2"/>
  <testcase name="hitUrlAndData" time="49.844" classname="web.mybizz.tests.ExtractData2"/>
  <testcase name="hitUrlAndData" time="51.239" classname="web.mybizz.tests.ExtractData2"/>
  <testcase name="hitUrlAndData" time="48.553" classname="web.mybizz.tests.ExtractData2"/>
  <testcase name="hitUrlAndData" time="50.085" classname="web.mybizz.tests.ExtractData2"/>
  <testcase name="hitUrlAndData" time="48.214" classname="web.mybizz.tests.ExtractData2"/>
  <testcase name="hitUrlAndData" time="50.705" classname="web.mybizz.tests.ExtractData2"/>
  <testcase name="hitUrlAndData" time="51.096" classname="web.mybizz.tests.ExtractData2"/>
  <testcase name="hitUrlAndData" time="50.303" classname="web.mybizz.tests.ExtractData2"/>
  <testcase name="hitUrlAndData" time="67.45" classname="web.mybizz.tests.ExtractData2"/>
  <testcase name="hitUrlAndData" time="49.094" classname="web.mybizz.tests.ExtractData2"/>
  <testcase name="hitUrlAndData" time="49.104" classname="web.mybizz.tests.ExtractData2"/>
  <testcase name="hitUrlAndData" time="49.426" classname="web.mybizz.tests.ExtractData2"/>
  <testcase name="hitUrlAndData" time="49.157" classname="web.mybizz.tests.ExtractData2"/>
  <testcase name="hitUrlAndData" time="49.846" classname="web.mybizz.tests.ExtractData2"/>
  <testcase name="hitUrlAndData" time="49.157" classname="web.mybizz.tests.ExtractData2"/>
  <testcase name="hitUrlAndData" time="48.216" classname="web.mybizz.tests.ExtractData2"/>
  <testcase name="hitUrlAndData" time="49.728" classname="web.mybizz.tests.ExtractData2"/>
  <testcase name="hitUrlAndData" time="47.775" classname="web.mybizz.tests.ExtractData2"/>
  <testcase name="hitUrlAndData" time="49.73" classname="web.mybizz.tests.ExtractData2"/>
  <testcase name="hitUrlAndData" time="49.079" classname="web.mybizz.tests.ExtractData2"/>
  <testcase name="hitUrlAndData" time="49.689" classname="web.mybizz.tests.ExtractData2"/>
  <testcase name="hitUrlAndData" time="49.239" classname="web.mybizz.tests.ExtractData2"/>
  <testcase name="hitUrlAndData" time="48.645" classname="web.mybizz.tests.ExtractData2"/>
  <testcase name="hitUrlAndData" time="67.288" classname="web.mybizz.tests.ExtractData2"/>
  <testcase name="hitUrlAndData" time="47.891" classname="web.mybizz.tests.ExtractData2"/>
  <testcase name="hitUrlAndData" time="50.799" classname="web.mybizz.tests.ExtractData2"/>
  <testcase name="hitUrlAndData" time="48.772" classname="web.mybizz.tests.ExtractData2"/>
  <testcase name="hitUrlAndData" time="50.538" classname="web.mybizz.tests.ExtractData2"/>
  <testcase name="hitUrlAndData" time="50.074" classname="web.mybizz.tests.ExtractData2"/>
  <testcase name="hitUrlAndData" time="51.871" classname="web.mybizz.tests.ExtractData2"/>
  <testcase name="hitUrlAndData" time="48.281" classname="web.mybizz.tests.ExtractData2"/>
  <testcase name="hitUrlAndData" time="46.986" classname="web.mybizz.tests.ExtractData2"/>
  <testcase name="hitUrlAndData" time="47.643" classname="web.mybizz.tests.ExtractData2"/>
  <testcase name="hitUrlAndData" time="89.455" classname="web.mybizz.tests.ExtractData2"/>
  <testcase name="hitUrlAndData" time="68.208" classname="web.mybizz.tests.ExtractData2"/>
  <testcase name="hitUrlAndData" time="48.855" classname="web.mybizz.tests.ExtractData2"/>
  <testcase name="hitUrlAndData" time="50.124" classname="web.mybizz.tests.ExtractData2"/>
  <testcase name="hitUrlAndData" time="48.285" classname="web.mybizz.tests.ExtractData2"/>
  <testcase name="hitUrlAndData" time="48.187" classname="web.mybizz.tests.ExtractData2"/>
  <testcase name="hitUrlAndData" time="48.1" classname="web.mybizz.tests.ExtractData2"/>
  <testcase name="hitUrlAndData" time="47.825" classname="web.mybizz.tests.ExtractData2"/>
  <testcase name="hitUrlAndData" time="48.458" classname="web.mybizz.tests.ExtractData2"/>
  <testcase name="hitUrlAndData" time="48.213" classname="web.mybizz.tests.ExtractData2"/>
  <testcase name="hitUrlAndData" time="48.983" classname="web.mybizz.tests.ExtractData2"/>
  <testcase name="hitUrlAndData" time="49.422" classname="web.mybizz.tests.ExtractData2"/>
  <testcase name="hitUrlAndData" time="49.258" classname="web.mybizz.tests.ExtractData2"/>
  <testcase name="hitUrlAndData" time="88.495" classname="web.mybizz.tests.ExtractData2"/>
  <testcase name="hitUrlAndData" time="47.92" classname="web.mybizz.tests.ExtractData2"/>
  <testcase name="hitUrlAndData" time="47.865" classname="web.mybizz.tests.ExtractData2"/>
  <testcase name="hitUrlAndData" time="47.851" classname="web.mybizz.tests.ExtractData2"/>
  <testcase name="hitUrlAndData" time="89.373" classname="web.mybizz.tests.ExtractData2"/>
  <testcase name="hitUrlAndData" time="48.331" classname="web.mybizz.tests.ExtractData2"/>
  <testcase name="hitUrlAndData" time="48.025" classname="web.mybizz.tests.ExtractData2"/>
  <testcase name="hitUrlAndData" time="47.801" classname="web.mybizz.tests.ExtractData2"/>
  <testcase name="hitUrlAndData" time="47.86" classname="web.mybizz.tests.ExtractData2"/>
  <testcase name="hitUrlAndData" time="47.831" classname="web.mybizz.tests.ExtractData2"/>
  <testcase name="hitUrlAndData" time="47.842" classname="web.mybizz.tests.ExtractData2"/>
  <testcase name="hitUrlAndData" time="48.18" classname="web.mybizz.tests.ExtractData2"/>
  <testcase name="hitUrlAndData" time="47.416" classname="web.mybizz.tests.ExtractData2"/>
  <testcase name="hitUrlAndData" time="87.449" classname="web.mybizz.tests.ExtractData2"/>
  <testcase name="hitUrlAndData" time="47.815" classname="web.mybizz.tests.ExtractData2"/>
  <testcase name="hitUrlAndData" time="48.615" classname="web.mybizz.tests.ExtractData2"/>
  <testcase name="hitUrlAndData" time="87.632" classname="web.mybizz.tests.ExtractData2"/>
  <testcase name="hitUrlAndData" time="46.578" classname="web.mybizz.tests.ExtractData2"/>
  <testcase name="hitUrlAndData" time="68.014" classname="web.mybizz.tests.ExtractData2"/>
  <testcase name="hitUrlAndData" time="48.579" classname="web.mybizz.tests.ExtractData2"/>
  <testcase name="hitUrlAndData" time="47.92" classname="web.mybizz.tests.ExtractData2"/>
  <testcase name="hitUrlAndData" time="47.631" classname="web.mybizz.tests.ExtractData2"/>
  <testcase name="hitUrlAndData" time="47.816" classname="web.mybizz.tests.ExtractData2"/>
  <testcase name="hitUrlAndData" time="47.894" classname="web.mybizz.tests.ExtractData2"/>
  <testcase name="hitUrlAndData" time="49.735" classname="web.mybizz.tests.ExtractData2"/>
  <testcase name="hitUrlAndData" time="50.073" classname="web.mybizz.tests.ExtractData2"/>
[...]
  <testcase name="hitUrlAndData" time="69.122" classname="web.mybizz.tests.ExtractData2"/>
  <testcase name="hitUrlAndData" time="90.369" classname="web.mybizz.tests.ExtractData2"/>
  <testcase name="hitUrlAndData" time="90.423" classname="web.mybizz.tests.ExtractData2"/>
  <testcase name="hitUrlAndData" time="68.156" classname="web.mybizz.tests.ExtractData2"/>
  <testcase name="hitUrlAndData" time="88.937" classname="web.mybizz.tests.ExtractData2"/>
  <testcase name="hitUrlAndData" time="88.185" classname="web.mybizz.tests.ExtractData2"/>
  <testcase name="hitUrlAndData" time="90.299" classname="web.mybizz.tests.ExtractData2"/>
  <testcase name="hitUrlAndData" time="89.435" classname="web.mybizz.tests.ExtractData2"/>
  <testcase name="hitUrlAndData" time="88.302" classname="web.mybizz.tests.ExtractData2"/>
  <testcase name="hitUrlAndData" time="88.086" classname="web.mybizz.tests.ExtractData2"/>
  <testcase name="hitUrlAndData" time="48.395" classname="web.mybizz.tests.ExtractData2"/>
  <testcase name="hitUrlAndData" time="48.559" classname="web.mybizz.tests.ExtractData2"/>
  <testcase name="hitUrlAndData" time="87.975" classname="web.mybizz.tests.ExtractData2"/>
  <testcase name="hitUrlAndData" time="47.54" classname="web.mybizz.tests.ExtractData2"/>
  <testcase name="hitUrlAndData" time="48.506" classname="web.mybizz.tests.ExtractData2"/>
  <testcase name="hitUrlAndData" time="88.416" classname="web.mybizz.tests.ExtractData2"/>
  <testcase name="hitUrlAndData" time="48.596" classname="web.mybizz.tests.ExtractData2"/>
  <testcase name="hitUrlAndData" time="67.269" classname="web.mybizz.tests.ExtractData2"/>
  <testcase name="hitUrlAndData" time="88.592" classname="web.mybizz.tests.ExtractData2"/>
  <testcase name="hitUrlAndData" time="50.687" classname="web.mybizz.tests.ExtractData2"/>
  <testcase name="hitUrlAndData" time="67.887" classname="web.mybizz.tests.ExtractData2"/>
  <testcase name="hitUrlAndData" time="67.656" classname="web.mybizz.tests.ExtractData2"/>
  <testcase name="hitUrlAndData" time="49.647" classname="web.mybizz.tests.ExtractData2"/>
  <testcase name="hitUrlAndData" time="49.844" classname="web.mybizz.tests.ExtractData2"/>
  <testcase name="hitUrlAndData" time="48.619" classname="web.mybizz.tests.ExtractData2"/>
  <testcase name="hitUrlAndData" time="49.417" classname="web.mybizz.tests.ExtractData2"/>
  <testcase name="hitUrlAndData" time="50.698" classname="web.mybizz.tests.ExtractData2"/>
  <testcase name="hitUrlAndData" time="48.917" classname="web.mybizz.tests.ExtractData2"/>
  <testcase name="hitUrlAndData" time="48.918" classname="web.mybizz.tests.ExtractData2"/>
  <testcase name="hitUrlAndData" time="48.707" classname="web.mybizz.tests.ExtractData2"/>
  <testcase name="hitUrlAndData" time="50.124" classname="web.mybizz.tests.ExtractData2"/>
  <testcase name="hitUrlAndData" time="50.738" classname="web.mybizz.tests.ExtractData2"/>
  <testcase name="hitUrlAndData" time="49.052" classname="web.mybizz.tests.ExtractData2"/>
  <testcase name="hitUrlAndData" time="47.852" classname="web.mybizz.tests.ExtractData2"/>
  <testcase name="hitUrlAndData" time="49.079" classname="web.mybizz.tests.ExtractData2"/>
  <testcase name="hitUrlAndData" time="48.666" classname="web.mybizz.tests.ExtractData2"/>
  <testcase name="hitUrlAndData" time="69.188" classname="web.mybizz.tests.ExtractData2"/>
  <testcase name="hitUrlAndData" time="48.51" classname="web.mybizz.tests.ExtractData2"/>
  <testcase name="hitUrlAndData" time="49.617" classname="web.mybizz.tests.ExtractData2"/>
  <testcase name="hitUrlAndData" time="48.731" classname="web.mybizz.tests.ExtractData2"/>
  <testcase name="hitUrlAndData" time="68.079" classname="web.mybizz.tests.ExtractData2"/>
  <testcase name="hitUrlAndData" time="68.708" classname="web.mybizz.tests.ExtractData2"/>
  <testcase name="hitUrlAndData" time="49.016" classname="web.mybizz.tests.ExtractData2"/>
  <testcase name="hitUrlAndData" time="51.019" classname="web.mybizz.tests.ExtractData2"/>
  <testcase name="hitUrlAndData" time="51.13" classname="web.mybizz.tests.ExtractData2"/>
  <testcase name="hitUrlAndData" time="68.559" classname="web.mybizz.tests.ExtractData2"/>
  <testcase name="hitUrlAndData" time="48.918" classname="web.mybizz.tests.ExtractData2"/>
  <testcase name="hitUrlAndData" time="89.314" classname="web.mybizz.tests.ExtractData2"/>
  <testcase name="hitUrlAndData" time="51.089" classname="web.mybizz.tests.ExtractData2"/>
  <testcase name="hitUrlAndData" time="51.242" classname="web.mybizz.tests.ExtractData2"/>
  <testcase name="hitUrlAndData" time="51.45" classname="web.mybizz.tests.ExtractData2"/>
  <testcase name="hitUrlAndData" time="53.385" classname="web.mybizz.tests.ExtractData2"/>
  <testcase name="hitUrlAndData" time="48.427" classname="web.mybizz.tests.ExtractData2"/>
  <testcase name="hitUrlAndData" time="49.083" classname="web.mybizz.tests.ExtractData2"/>
  <testcase name="hitUrlAndData" time="49.416" classname="web.mybizz.tests.ExtractData2"/>
  <testcase name="hitUrlAndData" time="49.295" classname="web.mybizz.tests.ExtractData2"/>
  <testcase name="hitUrlAndData" time="48.673" classname="web.mybizz.tests.ExtractData2"/>
  <testcase name="hitUrlAndData" time="50.715" classname="web.mybizz.tests.ExtractData2"/>
  <testcase name="hitUrlAndData" time="50.083" classname="web.mybizz.tests.ExtractData2"/>
  <testcase name="hitUrlAndData" time="49.71" classname="web.mybizz.tests.ExtractData2"/>
  <testcase name="hitUrlAndData" time="50.125" classname="web.mybizz.tests.ExtractData2"/>
  <testcase name="hitUrlAndData" time="48.724" classname="web.mybizz.tests.ExtractData2"/>
  <testcase name="hitUrlAndData" time="67.796" classname="web.mybizz.tests.ExtractData2"/>
  <testcase name="hitUrlAndData" time="48.832" classname="web.mybizz.tests.ExtractData2"/>
  <testcase name="hitUrlAndData" time="48.73" classname="web.mybizz.tests.ExtractData2"/>
  <testcase name="hitUrlAndData" time="49.133" classname="web.mybizz.tests.ExtractData2"/>
  <testcase name="hitUrlAndData" time="49.895" classname="web.mybizz.tests.ExtractData2"/>
  <testcase name="hitUrlAndData" time="50.522" classname="web.mybizz.tests.ExtractData2"/>
  <testcase name="hitUrlAndData" time="49.382" classname="web.mybizz.tests.ExtractData2"/>
  <testcase name="hitUrlAndData" time="50.358" classname="web.mybizz.tests.ExtractData2"/>
  <testcase name="hitUrlAndData" time="52.458" classname="web.mybizz.tests.ExtractData2"/>
  <testcase name="hitUrlAndData" time="68.45" classname="web.mybizz.tests.ExtractData2"/>
  <testcase name="hitUrlAndData" time="49.36" classname="web.mybizz.tests.ExtractData2"/>
  <testcase name="hitUrlAndData" time="49.788" classname="web.mybizz.tests.ExtractData2"/>
  <testcase name="hitUrlAndData" time="49.014" classname="web.mybizz.tests.ExtractData2"/>
  <testcase name="hitUrlAndData" time="49.147" classname="web.mybizz.tests.ExtractData2"/>
  <testcase name="hitUrlAndData" time="48.892" classname="web.mybizz.tests.ExtractData2"/>
  <testcase name="hitUrlAndData" time="48.57" classname="web.mybizz.tests.ExtractData2"/>
  <testcase name="hitUrlAndData" time="48.806" classname="web.mybizz.tests.ExtractData2"/>
  <testcase name="hitUrlAndData" time="49.74" classname="web.mybizz.tests.ExtractData2"/>
  <testcase name="hitUrlAndData" time="49.822" classname="web.mybizz.tests.ExtractData2"/>
  <testcase name="hitUrlAndData" time="49.651" classname="web.mybizz.tests.ExtractData2"/>
  <testcase name="hitUrlAndData" time="50.247" classname="web.mybizz.tests.ExtractData2"/>
  <testcase name="hitUrlAndData" time="50.619" classname="web.mybizz.tests.ExtractData2"/>
  <testcase name="hitUrlAndData" time="68.416" classname="web.mybizz.tests.ExtractData2"/>
  <testcase name="hitUrlAndData" time="48.923" classname="web.mybizz.tests.ExtractData2"/>
  <testcase name="hitUrlAndData" time="48.684" classname="web.mybizz.tests.ExtractData2"/>
  <testcase name="hitUrlAndData" time="48.217" classname="web.mybizz.tests.ExtractData2"/>
  <testcase name="hitUrlAndData" time="68.002" classname="web.mybizz.tests.ExtractData2"/>
  <testcase name="hitUrlAndData" time="49.127" classname="web.mybizz.tests.ExtractData2"/>
  <testcase name="hitUrlAndData" time="68.27" classname="web.mybizz.tests.ExtractData2"/>
  <testcase name="hitUrlAndData" time="49.299" classname="web.mybizz.tests.ExtractData2"/>
  <testcase name="hitUrlAndData" time="49.417" classname="web.mybizz.tests.ExtractData2"/>
  <testcase name="hitUrlAndData" time="70.136" classname="web.mybizz.tests.ExtractData2"/>
  <testcase name="hitUrlAndData" time="50.764" classname="web.mybizz.tests.ExtractData2"/>
  <testcase name="hitUrlAndData" time="49.654" classname="web.mybizz.tests.ExtractData2"/>
  <testcase name="hitUrlAndData" time="49.466" classname="web.mybizz.tests.ExtractData2"/>
  <testcase name="hitUrlAndData" time="48.813" classname="web.mybizz.tests.ExtractData2"/>
  <testcase name="hitUrlAndData" time="51.667" classname="web.mybizz.tests.ExtractData2"/>
  <testcase name="hitUrlAndData" time="53.594" classname="web.mybizz.tests.ExtractData2"/>
  <testcase name="hitUrlAndData" time="53.282" classname="web.mybizz.tests.ExtractData2"/>
  <testcase name="hitUrlAndData" time="52.491" classname="web.mybizz.tests.ExtractData2"/>
  <testcase name="hitUrlAndData" time="55.105" classname="web.mybizz.tests.ExtractData2"/>
  <testcase name="hitUrlAndData" time="52.752" classname="web.mybizz.tests.ExtractData2"/>
  <testcase name="hitUrlAndData" time="52.454" classname="web.mybizz.tests.ExtractData2"/>
  <testcase name="hitUrlAndData" time="50.096" classname="web.mybizz.tests.ExtractData2"/>
  <testcase name="hitUrlAndData" time="50.478" classname="web.mybizz.tests.ExtractData2"/>
  <testcase name="hitUrlAndData" time="48.105" classname="web.mybizz.tests.ExtractData2"/>
  <testcase name="hitUrlAndData" time="48.742" classname="web.mybizz.tests.ExtractData2"/>
  <testcase name="hitUrlAndData" time="50.042" classname="web.mybizz.tests.ExtractData2"/>
  <testcase name="hitUrlAndData" time="51.42" classname="web.mybizz.tests.ExtractData2"/>
  <testcase name="hitUrlAndData" time="50.72" classname="web.mybizz.tests.ExtractData2"/>
  <testcase name="hitUrlAndData" time="50.153" classname="web.mybizz.tests.ExtractData2"/>
  <testcase name="hitUrlAndData" time="50.827" classname="web.mybizz.tests.ExtractData2"/>
  <testcase name="hitUrlAndData" time="48.155" classname="web.mybizz.tests.ExtractData2"/>
  <testcase name="hitUrlAndData" time="90.249" classname="web.mybizz.tests.ExtractData2"/>
  <testcase name="hitUrlAndData" time="90.686" classname="web.mybizz.tests.ExtractData2"/>
  <testcase name="hitUrlAndData" time="51.225" classname="web.mybizz.tests.ExtractData2"/>
  <testcase name="hitUrlAndData" time="90.353" classname="web.mybizz.tests.ExtractData2"/>
  <testcase name="hitUrlAndData" time="49.507" classname="web.mybizz.tests.ExtractData2"/>
  <testcase name="hitUrlAndData" time="50.2" classname="web.mybizz.tests.ExtractData2"/>
  <testcase name="hitUrlAndData" time="48.499" classname="web.mybizz.tests.ExtractData2"/>
  <testcase name="hitUrlAndData" time="49.937" classname="web.mybizz.tests.ExtractData2"/>
  <testcase name="hitUrlAndData" time="48.609" classname="web.mybizz.tests.ExtractData2"/>
  <testcase name="hitUrlAndData" time="68.6" classname="web.mybizz.tests.ExtractData2"/>
  <testcase name="hitUrlAndData" time="67.642" classname="web.mybizz.tests.ExtractData2"/>
  <testcase name="hitUrlAndData" time="49.616" classname="web.mybizz.tests.ExtractData2"/>
  <testcase name="hitUrlAndData" time="67.508" classname="web.mybizz.tests.ExtractData2"/>
  <testcase name="hitUrlAndData" time="69.205" classname="web.mybizz.tests.ExtractData2"/>
  <testcase name="hitUrlAndData" time="91.435" classname="web.mybizz.tests.ExtractData2"/>
  <testcase name="hitUrlAndData" time="93.032" classname="web.mybizz.tests.ExtractData2"/>
  <testcase name="hitUrlAndData" time="95.333" classname="web.mybizz.tests.ExtractData2"/>
  <testcase name="hitUrlAndData" time="96.477" classname="web.mybizz.tests.ExtractData2"/>
  <testcase name="hitUrlAndData" time="93.646" classname="web.mybizz.tests.ExtractData2"/>
  <testcase name="hitUrlAndData" time="68.149" classname="web.mybizz.tests.ExtractData2"/>
  <testcase name="hitUrlAndData" time="51.002" classname="web.mybizz.tests.ExtractData2"/>
  <testcase name="hitUrlAndData" time="51.606" classname="web.mybizz.tests.ExtractData2"/>
  <testcase name="hitUrlAndData" time="52.208" classname="web.mybizz.tests.ExtractData2"/>
  <testcase name="hitUrlAndData" time="53.702" classname="web.mybizz.tests.ExtractData2"/>
  <testcase name="hitUrlAndData" time="53.793" classname="web.mybizz.tests.ExtractData2"/>
  <testcase name="hitUrlAndData" time="52.7" classname="web.mybizz.tests.ExtractData2"/>
  <testcase name="hitUrlAndData" time="54.763" classname="web.mybizz.tests.ExtractData2"/>
  <testcase name="hitUrlAndData" time="54.863" classname="web.mybizz.tests.ExtractData2"/>
  <testcase name="hitUrlAndData" time="51.35" classname="web.mybizz.tests.ExtractData2"/>
  <testcase name="hitUrlAndData" time="50.42" classname="web.mybizz.tests.ExtractData2"/>
  <testcase name="hitUrlAndData" time="49.096" classname="web.mybizz.tests.ExtractData2"/>
  <testcase name="hitUrlAndData" time="52.563" classname="web.mybizz.tests.ExtractData2"/>
  <testcase name="hitUrlAndData" time="51.584" classname="web.mybizz.tests.ExtractData2"/>
  <testcase name="hitUrlAndData" time="50.365" classname="web.mybizz.tests.ExtractData2"/>
  <testcase name="hitUrlAndData" time="52.291" classname="web.mybizz.tests.ExtractData2"/>
  <testcase name="hitUrlAndData" time="52.077" classname="web.mybizz.tests.ExtractData2"/>
  <testcase name="hitUrlAndData" time="52.048" classname="web.mybizz.tests.ExtractData2"/>
  <testcase name="hitUrlAndData" time="53.495" classname="web.mybizz.tests.ExtractData2"/>
  <testcase name="hitUrlAndData" time="68.344" classname="web.mybizz.tests.ExtractData2"/>
  <testcase name="hitUrlAndData" time="71.263" classname="web.mybizz.tests.ExtractData2"/>
  <testcase name="hitUrlAndData" time="52.734" classname="web.mybizz.tests.ExtractData2"/>
  <testcase name="hitUrlAndData" time="48.916" classname="web.mybizz.tests.ExtractData2"/>
  <testcase name="hitUrlAndData" time="50.163" classname="web.mybizz.tests.ExtractData2"/>
  <testcase name="hitUrlAndData" time="51.648" classname="web.mybizz.tests.ExtractData2"/>
  <testcase name="hitUrlAndData" time="52.209" classname="web.mybizz.tests.ExtractData2"/>
  <testcase name="hitUrlAndData" time="53.377" classname="web.mybizz.tests.ExtractData2"/>
  <testcase name="hitUrlAndData" time="54.45" classname="web.mybizz.tests.ExtractData2"/>
  <testcase name="hitUrlAndData" time="67.962" classname="web.mybizz.tests.ExtractData2"/>
  <testcase name="hitUrlAndData" time="51.138" classname="web.mybizz.tests.ExtractData2"/>
  <testcase name="hitUrlAndData" time="51.711" classname="web.mybizz.tests.ExtractData2"/>
  <testcase name="hitUrlAndData" time="70.691" classname="web.mybizz.tests.ExtractData2"/>
  <testcase name="hitUrlAndData" time="49.509" classname="web.mybizz.tests.ExtractData2"/>
  <testcase name="hitUrlAndData" time="49.959" classname="web.mybizz.tests.ExtractData2"/>
  <testcase name="hitUrlAndData" time="49.946" classname="web.mybizz.tests.ExtractData2"/>
  <testcase name="hitUrlAndData" time="50.771" classname="web.mybizz.tests.ExtractData2"/>
  <testcase name="hitUrlAndData" time="67.608" classname="web.mybizz.tests.ExtractData2"/>
  <testcase name="hitUrlAndData" time="53.814" classname="web.mybizz.tests.ExtractData2"/>
  <testcase name="hitUrlAndData" time="51.443" classname="web.mybizz.tests.ExtractData2"/>
  <testcase name="hitUrlAndData" time="54.414" classname="web.mybizz.tests.ExtractData2"/>
  <testcase name="hitUrlAndData" time="51.875" classname="web.mybizz.tests.ExtractData2"/>
  <testcase name="hitUrlAndData" time="51.143" classname="web.mybizz.tests.ExtractData2"/>
  <testcase name="hitUrlAndData" time="49.993" classname="web.mybizz.tests.ExtractData2"/>
  <testcase name="hitUrlAndData" time="50.58" classname="web.mybizz.tests.ExtractData2"/>
  <testcase name="hitUrlAndData" time="51.194" classname="web.mybizz.tests.ExtractData2"/>
  <testcase name="hitUrlAndData" time="51.448" classname="web.mybizz.tests.ExtractData2"/>
  <testcase name="hitUrlAndData" time="50.641" classname="web.mybizz.tests.ExtractData2"/>
  <testcase name="hitUrlAndData" time="68.201" classname="web.mybizz.tests.ExtractData2"/>
  <testcase name="hitUrlAndData" time="48.702" classname="web.mybizz.tests.ExtractData2"/>
  <testcase name="hitUrlAndData" time="88.247" classname="web.mybizz.tests.ExtractData2"/>
  <testcase name="hitUrlAndData" time="88.72" classname="web.mybizz.tests.ExtractData2"/>
  <testcase name="hitUrlAndData" time="89.782" classname="web.mybizz.tests.ExtractData2"/>
  <testcase name="hitUrlAndData" time="49.216" classname="web.mybizz.tests.ExtractData2"/>
  <testcase name="hitUrlAndData" time="48.773" classname="web.mybizz.tests.ExtractData2"/>
  <testcase name="hitUrlAndData" time="49.363" classname="web.mybizz.tests.ExtractData2"/>
  <testcase name="hitUrlAndData" time="50.089" classname="web.mybizz.tests.ExtractData2"/>
  <testcase name="hitUrlAndData" time="68.5" classname="web.mybizz.tests.ExtractData2"/>
  <testcase name="hitUrlAndData" time="49.38" classname="web.mybizz.tests.ExtractData2"/>
  <testcase name="hitUrlAndData" time="68.626" classname="web.mybizz.tests.ExtractData2"/>
  <testcase name="hitUrlAndData" time="72.22" classname="web.mybizz.tests.ExtractData2"/>
  <testcase name="hitUrlAndData" time="48.406" classname="web.mybizz.tests.ExtractData2"/>
  <testcase name="hitUrlAndData" time="50.367" classname="web.mybizz.tests.ExtractData2"/>
  <testcase name="hitUrlAndData" time="50.114" classname="web.mybizz.tests.ExtractData2"/>
  <testcase name="hitUrlAndData" time="50.327" classname="web.mybizz.tests.ExtractData2"/>
  <testcase name="hitUrlAndData" time="52.476" classname="web.mybizz.tests.ExtractData2"/>
  <testcase name="hitUrlAndData" time="51.092" classname="web.mybizz.tests.ExtractData2"/>
  <testcase name="hitUrlAndData" time="50.028" classname="web.mybizz.tests.ExtractData2"/>
  <testcase name="hitUrlAndData" time="50.511" classname="web.mybizz.tests.ExtractData2"/>
  <testcase name="hitUrlAndData" time="70.326" classname="web.mybizz.tests.ExtractData2"/>
  <testcase name="hitUrlAndData" time="48.261" classname="web.mybizz.tests.ExtractData2"/>
  <testcase name="hitUrlAndData" time="69.362" classname="web.mybizz.tests.ExtractData2"/>
  <testcase name="hitUrlAndData" time="49.41" classname="web.mybizz.tests.ExtractData2"/>
  <testcase name="hitUrlAndData" time="49.172" classname="web.mybizz.tests.ExtractData2"/>
  <testcase name="hitUrlAndData" time="68.086" classname="web.mybizz.tests.ExtractData2"/>
  <testcase name="hitUrlAndData" time="49.274" classname="web.mybizz.tests.ExtractData2"/>
  <testcase name="hitUrlAndData" time="49.183" classname="web.mybizz.tests.ExtractData2"/>
  <testcase name="hitUrlAndData" time="49.572" classname="web.mybizz.tests.ExtractData2"/>
  <testcase name="hitUrlAndData" time="53.879" classname="web.mybizz.tests.ExtractData2"/>
  <testcase name="hitUrlAndData" time="54.316" classname="web.mybizz.tests.ExtractData2"/>
  <testcase name="hitUrlAndData" time="68.414" classname="web.mybizz.tests.ExtractData2"/>
  <testcase name="hitUrlAndData" time="49.1" classname="web.mybizz.tests.ExtractData2"/>
  <testcase name="hitUrlAndData" time="47.261" classname="web.mybizz.tests.ExtractData2"/>
  <testcase name="hitUrlAndData" time="48.028" classname="web.mybizz.tests.ExtractData2"/>
  <testcase name="hitUrlAndData" time="49.989" classname="web.mybizz.tests.ExtractData2"/>
  <testcase name="hitUrlAndData" time="67.476" classname="web.mybizz.tests.ExtractData2"/>
</testsuite> <!-- Sanity Suite -->
