# JRE version: Java(TM) SE Runtime Environment (8.0_202-b08) (build 1.8.0_202-b08)
# Java VM: Java HotSpot(TM) 64-Bit Server VM (25.202-b08 mixed mode windows-amd64 compressed oops)
Heap:
 PSYoungGen      total 631296K, used 249896K [0x0000000715f00000, 0x0000000758b80000, 0x00000007c0000000)
  eden space 453120K, 15% used [0x0000000715f00000,0x000000071a50cda8,0x0000000731980000)
  from space 178176K, 99% used [0x0000000731980000,0x000000073c77d620,0x000000073c780000)
  to   space 231936K, 0% used [0x000000074a900000,0x000000074a900000,0x0000000758b80000)
 ParOldGen       total 625152K, used 302215K [0x00000005c1c00000, 0x00000005e7e80000, 0x0000000715f00000)
  object space 625152K, 48% used [0x00000005c1c00000,0x00000005d4321c48,0x00000005e7e80000)
 Metaspace       used 31280K, capacity 32636K, committed 32896K, reserved 1077248K
  class space    used 3852K, capacity 4160K, committed 4224K, reserved 1048576K
GC Heap History (10 events):
Event: 28.673 GC heap before
{Heap before GC invocations=7 (full 1):
 PSYoungGen      total 203776K, used 203744K [0x0000000715f00000, 0x0000000731900000, 0x00000007c0000000)
  eden space 182272K, 100% used [0x0000000715f00000,0x0000000721100000,0x0000000721100000)
  from space 21504K, 99% used [0x0000000721100000,0x00000007225f83e0,0x0000000722600000)
  to   space 76288K, 0% used [0x000000072ce80000,0x000000072ce80000,0x0000000731900000)
 ParOldGen       total 212992K, used 85419K [0x00000005c1c00000, 0x00000005cec00000, 0x0000000715f00000)
  object space 212992K, 40% used [0x00000005c1c00000,0x00000005c6f6af90,0x00000005cec00000)
 Metaspace       used 29419K, capacity 30656K, committed 30848K, reserved 1077248K
  class space    used 3643K, capacity 3940K, committed 3968K, reserved 1048576K
Event: 28.694 GC heap after
Heap after GC invocations=7 (full 1):
 PSYoungGen      total 381952K, used 27452K [0x0000000715f00000, 0x0000000731980000, 0x00000007c0000000)
  eden space 305664K, 0% used [0x0000000715f00000,0x0000000715f00000,0x0000000728980000)
  from space 76288K, 35% used [0x000000072ce80000,0x000000072e94f208,0x0000000731900000)
  to   space 70656K, 0% used [0x0000000728980000,0x0000000728980000,0x000000072ce80000)
 ParOldGen       total 212992K, used 85427K [0x00000005c1c00000, 0x00000005cec00000, 0x0000000715f00000)
  object space 212992K, 40% used [0x00000005c1c00000,0x00000005c6f6cf90,0x00000005cec00000)
 Metaspace       used 29419K, capacity 30656K, committed 30848K, reserved 1077248K
  class space    used 3643K, capacity 3940K, committed 3968K, reserved 1048576K
}
Event: 30.743 GC heap before
{Heap before GC invocations=8 (full 1):
 PSYoungGen      total 381952K, used 333116K [0x0000000715f00000, 0x0000000731980000, 0x00000007c0000000)
  eden space 305664K, 100% used [0x0000000715f00000,0x0000000728980000,0x0000000728980000)
  from space 76288K, 35% used [0x000000072ce80000,0x000000072e94f208,0x0000000731900000)
  to   space 70656K, 0% used [0x0000000728980000,0x0000000728980000,0x000000072ce80000)
 ParOldGen       total 212992K, used 85427K [0x00000005c1c00000, 0x00000005cec00000, 0x0000000715f00000)
  object space 212992K, 40% used [0x00000005c1c00000,0x00000005c6f6cf90,0x00000005cec00000)
 Metaspace       used 30546K, capacity 31810K, committed 32000K, reserved 1077248K
  class space    used 3784K, capacity 4079K, committed 4096K, reserved 1048576K
Event: 30.806 GC heap after
Heap after GC invocations=8 (full 1):
 PSYoungGen      total 376320K, used 70638K [0x0000000715f00000, 0x0000000742e00000, 0x00000007c0000000)
  eden space 305664K, 0% used [0x0000000715f00000,0x0000000715f00000,0x0000000728980000)
  from space 70656K, 99% used [0x0000000728980000,0x000000072ce7ba98,0x000000072ce80000)
  to   space 104960K, 0% used [0x000000073c780000,0x000000073c780000,0x0000000742e00000)
 ParOldGen       total 212992K, used 126049K [0x00000005c1c00000, 0x00000005cec00000, 0x0000000715f00000)
  object space 212992K, 59% used [0x00000005c1c00000,0x00000005c97185a0,0x00000005cec00000)
 Metaspace       used 30546K, capacity 31810K, committed 32000K, reserved 1077248K
  class space    used 3784K, capacity 4079K, committed 4096K, reserved 1048576K
}
Event: 32.702 GC heap before
{Heap before GC invocations=9 (full 1):
 PSYoungGen      total 376320K, used 376302K [0x0000000715f00000, 0x0000000742e00000, 0x00000007c0000000)
  eden space 305664K, 100% used [0x0000000715f00000,0x0000000728980000,0x0000000728980000)
  from space 70656K, 99% used [0x0000000728980000,0x000000072ce7ba98,0x000000072ce80000)
  to   space 104960K, 0% used [0x000000073c780000,0x000000073c780000,0x0000000742e00000)
 ParOldGen       total 212992K, used 126049K [0x00000005c1c00000, 0x00000005cec00000, 0x0000000715f00000)
  object space 212992K, 59% used [0x00000005c1c00000,0x00000005c97185a0,0x00000005cec00000)
 Metaspace       used 30603K, capacity 31822K, committed 32000K, reserved 1077248K
  class space    used 3785K, capacity 4081K, committed 4096K, reserved 1048576K
Event: 32.819 GC heap after
Heap after GC invocations=9 (full 1):
 PSYoungGen      total 558080K, used 104940K [0x0000000715f00000, 0x000000074cd80000, 0x00000007c0000000)
  eden space 453120K, 0% used [0x0000000715f00000,0x0000000715f00000,0x0000000731980000)
  from space 104960K, 99% used [0x000000073c780000,0x0000000742dfb300,0x0000000742e00000)
  to   space 178176K, 0% used [0x0000000731980000,0x0000000731980000,0x000000073c780000)
 ParOldGen       total 251392K, used 248169K [0x00000005c1c00000, 0x00000005d1180000, 0x0000000715f00000)
  object space 251392K, 98% used [0x00000005c1c00000,0x00000005d0e5a408,0x00000005d1180000)
 Metaspace       used 30603K, capacity 31822K, committed 32000K, reserved 1077248K
  class space    used 3785K, capacity 4081K, committed 4096K, reserved 1048576K
}
Event: 32.819 GC heap before
{Heap before GC invocations=10 (full 2):
 PSYoungGen      total 558080K, used 104940K [0x0000000715f00000, 0x000000074cd80000, 0x00000007c0000000)
  eden space 453120K, 0% used [0x0000000715f00000,0x0000000715f00000,0x0000000731980000)
  from space 104960K, 99% used [0x000000073c780000,0x0000000742dfb300,0x0000000742e00000)
  to   space 178176K, 0% used [0x0000000731980000,0x0000000731980000,0x000000073c780000)
 ParOldGen       total 251392K, used 248169K [0x00000005c1c00000, 0x00000005d1180000, 0x0000000715f00000)
  object space 251392K, 98% used [0x00000005c1c00000,0x00000005d0e5a408,0x00000005d1180000)
 Metaspace       used 30603K, capacity 31822K, committed 32000K, reserved 1077248K
  class space    used 3785K, capacity 4081K, committed 4096K, reserved 1048576K
Event: 33.576 GC heap after
Heap after GC invocations=10 (full 2):
 PSYoungGen      total 558080K, used 83674K [0x0000000715f00000, 0x000000074cd80000, 0x00000007c0000000)
  eden space 453120K, 0% used [0x0000000715f00000,0x0000000715f00000,0x0000000731980000)
  from space 104960K, 79% used [0x000000073c780000,0x00000007419368c0,0x0000000742e00000)
  to   space 178176K, 0% used [0x0000000731980000,0x0000000731980000,0x000000073c780000)
 ParOldGen       total 625152K, used 251337K [0x00000005c1c00000, 0x00000005e7e80000, 0x0000000715f00000)
  object space 625152K, 40% used [0x00000005c1c00000,0x00000005d1172400,0x00000005e7e80000)
 Metaspace       used 30603K, capacity 31822K, committed 32000K, reserved 1077248K
  class space    used 3785K, capacity 4081K, committed 4096K, reserved 1048576K
}
Event: 36.137 GC heap before
{Heap before GC invocations=11 (full 2):
 PSYoungGen      total 558080K, used 532858K [0x0000000715f00000, 0x000000074cd80000, 0x00000007c0000000)
  eden space 453120K, 99% used [0x0000000715f00000,0x00000007315a8298,0x0000000731980000)
  from space 104960K, 79% used [0x000000073c780000,0x00000007419368c0,0x0000000742e00000)
  to   space 178176K, 0% used [0x0000000731980000,0x0000000731980000,0x000000073c780000)
 ParOldGen       total 625152K, used 251337K [0x00000005c1c00000, 0x00000005e7e80000, 0x0000000715f00000)
  object space 625152K, 40% used [0x00000005c1c00000,0x00000005d1172400,0x00000005e7e80000)
 Metaspace       used 31101K, capacity 32422K, committed 32640K, reserved 1077248K
  class space    used 3851K, capacity 4159K, committed 4224K, reserved 1048576K
Event: 36.271 GC heap after
Heap after GC invocations=11 (full 2):
 PSYoungGen      total 631296K, used 178165K [0x0000000715f00000, 0x0000000758b80000, 0x00000007c0000000)
  eden space 453120K, 0% used [0x0000000715f00000,0x0000000715f00000,0x0000000731980000)
  from space 178176K, 99% used [0x0000000731980000,0x000000073c77d620,0x000000073c780000)
  to   space 231936K, 0% used [0x000000074a900000,0x000000074a900000,0x0000000758b80000)
 ParOldGen       total 625152K, used 302215K [0x00000005c1c00000, 0x00000005e7e80000, 0x0000000715f00000)
  object space 625152K, 48% used [0x00000005c1c00000,0x00000005d4321c48,0x00000005e7e80000)
 Metaspace       used 31101K, capacity 32422K, committed 32640K, reserved 1077248K
  class space    used 3851K, capacity 4159K, committed 4224K, reserved 1048576K
}

