<?xml version="1.0" encoding="UTF-8"?>
<!-- Generated by org.testng.reporters.JUnitXMLReporter -->
<testsuite hostname="FabHotelss-MacBook-Air.local" ignored="0" name="Sanity Suite" tests="20" failures="0" timestamp="2023-12-11T18:20:08 IST" time="19.15" errors="0">
  <testcase name="hitFabURL" time="0.844" classname="web.B2C.Test.FabWebURLsHealthCheckup"/>
  <testcase name="hitFabURL" time="1.086" classname="web.B2C.Test.FabWebURLsHealthCheckup"/>
  <testcase name="hitFabURL" time="1.463" classname="web.B2C.Test.FabWebURLsHealthCheckup"/>
  <testcase name="hitFabURL" time="0.764" classname="web.B2C.Test.FabWebURLsHealthCheckup"/>
  <testcase name="hitFabURL" time="0.175" classname="web.B2C.Test.FabWebURLsHealthCheckup"/>
  <testcase name="hitFabURL" time="1.207" classname="web.B2C.Test.FabWebURLsHealthCheckup"/>
  <testcase name="hitFabURL" time="0.239" classname="web.B2C.Test.FabWebURLsHealthCheckup"/>
  <testcase name="hitFabURL" time="0.14" classname="web.B2C.Test.FabWebURLsHealthCheckup"/>
  <testcase name="hitFabURL" time="0.574" classname="web.B2C.Test.FabWebURLsHealthCheckup"/>
  <testcase name="hitFabURL" time="0.28" classname="web.B2C.Test.FabWebURLsHealthCheckup"/>
  <testcase name="hitFabURL" time="0.11" classname="web.B2C.Test.FabWebURLsHealthCheckup"/>
  <testcase name="hitFabURL" time="0.166" classname="web.B2C.Test.FabWebURLsHealthCheckup"/>
  <testcase name="hitFabURL" time="0.057" classname="web.B2C.Test.FabWebURLsHealthCheckup"/>
  <testcase name="hitFabURL" time="0.039" classname="web.B2C.Test.FabWebURLsHealthCheckup"/>
  <testcase name="hitFabURL" time="0.037" classname="web.B2C.Test.FabWebURLsHealthCheckup"/>
  <testcase name="hitFabURL" time="0.1" classname="web.B2C.Test.FabWebURLsHealthCheckup"/>
  <testcase name="hitFabURL" time="0.186" classname="web.B2C.Test.FabWebURLsHealthCheckup"/>
  <testcase name="hitFabURL" time="0.106" classname="web.B2C.Test.FabWebURLsHealthCheckup"/>
  <testcase name="hitFabURL" time="0.087" classname="web.B2C.Test.FabWebURLsHealthCheckup"/>
  <testcase name="hitFabURL" time="0.202" classname="web.B2C.Test.FabWebURLsHealthCheckup"/>
</testsuite> <!-- Sanity Suite -->
