<?xml version="1.0" encoding="UTF-8"?>
<testsuite xmlns:xsi="http://www.w3.org/2001/XMLSchema-instance" xsi:noNamespaceSchemaLocation="https://maven.apache.org/surefire/maven-surefire-plugin/xsd/surefire-test-report-3.0.xsd" version="3.0" name="TestSuite" time="24.528" tests="20" errors="0" skipped="0" failures="0">
  <properties>
[...]
</properties>
  <testcase name="hitFabURL[https://www.fabhotels.com/](1)" classname="web.B2C.Test.FabWebURLsHealthCheckup" time="0.849">
    <system-out><![CDATA[[Configuration] [WARN] Detected a static method [web.B2C.Test.FabWebURLsHealthCheckup.createMenthodBody()]. Static configuration methods can cause  unexpected behavior.
Started Execution of Test Case : Fabhotels url's
200
]]></system-out>
    <system-err><![CDATA[SLF4J: No SLF4J providers were found.
SLF4J: Defaulting to no-operation (NOP) logger implementation
SLF4J: See https://www.slf4j.org/codes.html#noProviders for further details.
SLF4J: Class path contains SLF4J bindings targeting slf4j-api versions 1.7.x or earlier.
SLF4J: Ignoring binding found at [jar:file:/Users/fabhotels/.m2/repository/ch/qos/logback/logback-classic/1.2.12/logback-classic-1.2.12.jar!/org/slf4j/impl/StaticLoggerBinder.class]
SLF4J: See https://www.slf4j.org/codes.html#ignoredBindings for an explanation.
]]></system-err>
  </testcase>
  <testcase name="hitFabURL[https://www.fabhotels.com/search?city=New-Delhi&amp;guests=1&amp;checkIn=2023-12-06&amp;checkOut=2023-12-07](2)" classname="web.B2C.Test.FabWebURLsHealthCheckup" time="1.087">
    <system-out><![CDATA[Ended Execution of Test Case : Fabhotels url's
Started Execution of Test Case : Fabhotels url's
200
]]></system-out>
  </testcase>
  <testcase name="hitFabURL[https://www.fabhotels.com/hotels-in-new-delhi?checkIn=2023-12-06&amp;checkOut=2023-12-07&amp;guests=1](3)" classname="web.B2C.Test.FabWebURLsHealthCheckup" time="1.463">
    <system-out><![CDATA[Ended Execution of Test Case : Fabhotels url's
Started Execution of Test Case : Fabhotels url's
200
]]></system-out>
  </testcase>
  <testcase name="hitFabURL[https://www.fabhotels.com/hotels-in-new-delhi/fabhotel-white-klove-paharganj.html?checkIn=2023-12-06&amp;checkOut=2023-12-07&amp;guests=1&amp;couponCode=STAYFAB&amp;mealPlan=CP&amp;orderId=casa2inns_65703bdb2f491](4)" classname="web.B2C.Test.FabWebURLsHealthCheckup" time="0.764">
    <system-out><![CDATA[Ended Execution of Test Case : Fabhotels url's
Started Execution of Test Case : Fabhotels url's
200
]]></system-out>
  </testcase>
  <testcase name="hitFabURL[https://www.fabhotels.com/deals/fab-payday-offer](5)" classname="web.B2C.Test.FabWebURLsHealthCheckup" time="0.173">
    <system-out><![CDATA[Ended Execution of Test Case : Fabhotels url's
Started Execution of Test Case : Fabhotels url's
200
]]></system-out>
  </testcase>
  <testcase name="hitFabURL[https://www.fabhotels.com/list-of-couple-friendly-hotels-in-new-delhi?checkIn=2023-12-06&amp;checkOut=2023-12-07&amp;guests=1](6)" classname="web.B2C.Test.FabWebURLsHealthCheckup" time="1.207">
    <system-out><![CDATA[Ended Execution of Test Case : Fabhotels url's
Started Execution of Test Case : Fabhotels url's
200
]]></system-out>
  </testcase>
  <testcase name="hitFabURL[https://www.fabhotels.com/brands/fabexpress?checkIn=2023-12-06&amp;checkOut=2023-12-07&amp;guests=1](7)" classname="web.B2C.Test.FabWebURLsHealthCheckup" time="0.238">
    <system-out><![CDATA[Ended Execution of Test Case : Fabhotels url's
Started Execution of Test Case : Fabhotels url's
404
]]></system-out>
  </testcase>
  <testcase name="hitFabURL[https://www.fabhotels.com/hotels-near-me](8)" classname="web.B2C.Test.FabWebURLsHealthCheckup" time="0.139">
    <system-out><![CDATA[Ended Execution of Test Case : Fabhotels url's
Started Execution of Test Case : Fabhotels url's
200
]]></system-out>
  </testcase>
  <testcase name="hitFabURL[https://www.fabhotels.com/refer-and-earn](9)" classname="web.B2C.Test.FabWebURLsHealthCheckup" time="0.575">
    <system-out><![CDATA[Ended Execution of Test Case : Fabhotels url's
Started Execution of Test Case : Fabhotels url's
200
]]></system-out>
  </testcase>
  <testcase name="hitFabURL[https://www.fabhotels.com/deals-and-offer](10)" classname="web.B2C.Test.FabWebURLsHealthCheckup" time="0.28">
    <system-out><![CDATA[Ended Execution of Test Case : Fabhotels url's
Started Execution of Test Case : Fabhotels url's
200
]]></system-out>
  </testcase>
  <testcase name="hitFabURL[https://www.fabhotels.com/contact-us](11)" classname="web.B2C.Test.FabWebURLsHealthCheckup" time="0.11">
    <system-out><![CDATA[Ended Execution of Test Case : Fabhotels url's
Started Execution of Test Case : Fabhotels url's
200
]]></system-out>
  </testcase>
  <testcase name="hitFabURL[https://www.fabhotels.com/cancellation-refunds-policy](12)" classname="web.B2C.Test.FabWebURLsHealthCheckup" time="0.166">
    <system-out><![CDATA[Ended Execution of Test Case : Fabhotels url's
Started Execution of Test Case : Fabhotels url's
200
]]></system-out>
  </testcase>
  <testcase name="hitFabURL[https://www.fabhotels.com/privacy-policy](13)" classname="web.B2C.Test.FabWebURLsHealthCheckup" time="0.056">
    <system-out><![CDATA[Ended Execution of Test Case : Fabhotels url's
Started Execution of Test Case : Fabhotels url's
200
]]></system-out>
  </testcase>
  <testcase name="hitFabURL[https://www.fabhotels.com/franchise-enquiry](14)" classname="web.B2C.Test.FabWebURLsHealthCheckup" time="0.037">
    <system-out><![CDATA[Ended Execution of Test Case : Fabhotels url's
Started Execution of Test Case : Fabhotels url's
200
]]></system-out>
  </testcase>
  <testcase name="hitFabURL[https://www.fabhotels.com/terms-conditions/a-list](15)" classname="web.B2C.Test.FabWebURLsHealthCheckup" time="0.037">
    <system-out><![CDATA[Ended Execution of Test Case : Fabhotels url's
Started Execution of Test Case : Fabhotels url's
200
]]></system-out>
  </testcase>
  <testcase name="hitFabURL[https://www.fabhotels.com/corporate-enquiry](16)" classname="web.B2C.Test.FabWebURLsHealthCheckup" time="0.1">
    <system-out><![CDATA[Ended Execution of Test Case : Fabhotels url's
Started Execution of Test Case : Fabhotels url's
200
]]></system-out>
  </testcase>
  <testcase name="hitFabURL[https://www.fabhotels.com/loyalty-program-a-list](17)" classname="web.B2C.Test.FabWebURLsHealthCheckup" time="0.187">
    <system-out><![CDATA[Ended Execution of Test Case : Fabhotels url's
Started Execution of Test Case : Fabhotels url's
200
]]></system-out>
  </testcase>
  <testcase name="hitFabURL[https://www.fabhotels.com/faqs/fab-credits](18)" classname="web.B2C.Test.FabWebURLsHealthCheckup" time="0.107">
    <system-out><![CDATA[Ended Execution of Test Case : Fabhotels url's
Started Execution of Test Case : Fabhotels url's
200
]]></system-out>
  </testcase>
  <testcase name="hitFabURL[https://www.fabhotels.com/uiuiuiiuyad](19)" classname="web.B2C.Test.FabWebURLsHealthCheckup" time="0.087">
    <system-out><![CDATA[Ended Execution of Test Case : Fabhotels url's
Started Execution of Test Case : Fabhotels url's
404
]]></system-out>
  </testcase>
  <testcase name="hitFabURL[https://www.fabhotels.com/uiuiuiiuyad/hihuiu](20)" classname="web.B2C.Test.FabWebURLsHealthCheckup" time="0.201">
    <system-out><![CDATA[Ended Execution of Test Case : Fabhotels url's
Started Execution of Test Case : Fabhotels url's
404
]]></system-out>
  </testcase>
</testsuite>