<?xml version="1.0" encoding="UTF-8"?>
<!-- Generated by org.testng.reporters.JUnitReportReporter -->
<testsuite skipped="0" hostname="DESKTOP-KSLN7QV" name="web.mybizz.tests.ExtractData2" tests="3443" failures="0" timestamp="2024-02-26T10:21:01 IST" time="191656.344" errors="6">
  <testcase name="hitUrlAndData" time="49.938" classname="web.mybizz.tests.ExtractData2"/>
  <system-out/>
  <testcase name="hitUrlAndData" time="88.119" classname="web.mybizz.tests.ExtractData2"/>
  <system-out/>
  <testcase name="hitUrlAndData" time="48.949" classname="web.mybizz.tests.ExtractData2"/>
  <system-out/>
  <testcase name="hitUrlAndData" time="47.379" classname="web.mybizz.tests.ExtractData2"/>
  <system-out/>
  <testcase name="hitUrlAndData" time="2.841" classname="web.mybizz.tests.ExtractData2">
    <error type="java.lang.NullPointerException" message="null value in entry: url=null">
      <![CDATA[java.lang.NullPointerException: null value in entry: url=null
at com.google.common.collect.CollectPreconditions.checkEntryNotNull(CollectPreconditions.java:33)
at com.google.common.collect.SingletonImmutableBiMap.<init>(SingletonImmutableBiMap.java:43)
at com.google.common.collect.ImmutableBiMap.of(ImmutableBiMap.java:81)
at com.google.common.collect.ImmutableMap.of(ImmutableMap.java:126)
at org.openqa.selenium.remote.DriverCommand.GET(DriverCommand.java:191)
at org.openqa.selenium.remote.RemoteWebDriver.get(RemoteWebDriver.java:304)
at web.mybizz.tests.ExtractData2.hitUrlAndData(ExtractData2.java:68)
at sun.reflect.GeneratedMethodAccessor2.invoke(Unknown Source)
at sun.reflect.DelegatingMethodAccessorImpl.invoke(DelegatingMethodAccessorImpl.java:43)
at java.lang.reflect.Method.invoke(Method.java:498)
at org.testng.internal.MethodInvocationHelper.invokeMethod(MethodInvocationHelper.java:133)
at org.testng.internal.TestInvoker.invokeMethod(TestInvoker.java:598)
at org.testng.internal.TestInvoker.invokeTestMethod(TestInvoker.java:173)
at org.testng.internal.TestMethodWithDataProviderMethodWorker.call(TestMethodWithDataProviderMethodWorker.java:77)
at org.testng.internal.TestMethodWithDataProviderMethodWorker.call(TestMethodWithDataProviderMethodWorker.java:15)
at java.util.concurrent.FutureTask.run(FutureTask.java:266)
at java.util.concurrent.Executors$RunnableAdapter.call(Executors.java:511)
at java.util.concurrent.FutureTask.run(FutureTask.java:266)
at java.util.concurrent.ThreadPoolExecutor.runWorker(ThreadPoolExecutor.java:1149)
at java.util.concurrent.ThreadPoolExecutor$Worker.run(ThreadPoolExecutor.java:624)
at java.lang.Thread.run(Thread.java:748)
]]>
    </error>
  </testcase> <!-- hitUrlAndData -->
  <system-out/>
  <testcase name="hitUrlAndData" time="48.302" classname="web.mybizz.tests.ExtractData2"/>
  <system-out/>
  <testcase name="hitUrlAndData" time="68.602" classname="web.mybizz.tests.ExtractData2"/>
  <system-out/>
  <testcase name="hitUrlAndData" time="48.862" classname="web.mybizz.tests.ExtractData2"/>
  <system-out/>
  <testcase name="hitUrlAndData" time="67.654" classname="web.mybizz.tests.ExtractData2"/>
  <system-out/>
  <testcase name="hitUrlAndData" time="67.154" classname="web.mybizz.tests.ExtractData2"/>
  <system-out/>
  <testcase name="hitUrlAndData" time="51.015" classname="web.mybizz.tests.ExtractData2"/>
  <system-out/>
  <testcase name="hitUrlAndData" time="69.236" classname="web.mybizz.tests.ExtractData2"/>
  <system-out/>
  <testcase name="hitUrlAndData" time="48.861" classname="web.mybizz.tests.ExtractData2"/>
  <system-out/>
  <testcase name="hitUrlAndData" time="67.477" classname="web.mybizz.tests.ExtractData2"/>
  <system-out/>
  <testcase name="hitUrlAndData" time="48.450" classname="web.mybizz.tests.ExtractData2"/>
  <system-out/>
  <testcase name="hitUrlAndData" time="48.093" classname="web.mybizz.tests.ExtractData2"/>
  <system-out/>
  <testcase name="hitUrlAndData" time="47.724" classname="web.mybizz.tests.ExtractData2"/>
  <system-out/>
  <testcase name="hitUrlAndData" time="49.736" classname="web.mybizz.tests.ExtractData2"/>
  <system-out/>
  <testcase name="hitUrlAndData" time="50.367" classname="web.mybizz.tests.ExtractData2"/>
  <system-out/>
  <testcase name="hitUrlAndData" time="67.824" classname="web.mybizz.tests.ExtractData2"/>
  <system-out/>
  <testcase name="hitUrlAndData" time="67.123" classname="web.mybizz.tests.ExtractData2"/>
  <system-out/>
  <testcase name="hitUrlAndData" time="50.376" classname="web.mybizz.tests.ExtractData2"/>
  <system-out/>
  <testcase name="hitUrlAndData" time="49.119" classname="web.mybizz.tests.ExtractData2"/>
  <system-out/>
  <testcase name="hitUrlAndData" time="88.954" classname="web.mybizz.tests.ExtractData2"/>
  <system-out/>
  <testcase name="hitUrlAndData" time="47.992" classname="web.mybizz.tests.ExtractData2"/>
  <system-out/>
  <testcase name="hitUrlAndData" time="66.971" classname="web.mybizz.tests.ExtractData2"/>
  <system-out/>
  <testcase name="hitUrlAndData" time="66.943" classname="web.mybizz.tests.ExtractData2"/>
  <system-out/>
  <testcase name="hitUrlAndData" time="49.193" classname="web.mybizz.tests.ExtractData2"/>
  <system-out/>
  <testcase name="hitUrlAndData" time="48.254" classname="web.mybizz.tests.ExtractData2"/>
  <system-out/>
  <testcase name="hitUrlAndData" time="49.433" classname="web.mybizz.tests.ExtractData2"/>
  <system-out/>
  <testcase name="hitUrlAndData" time="68.072" classname="web.mybizz.tests.ExtractData2"/>
  <system-out/>
  <testcase name="hitUrlAndData" time="49.256" classname="web.mybizz.tests.ExtractData2"/>
  <system-out/>
  <testcase name="hitUrlAndData" time="49.465" classname="web.mybizz.tests.ExtractData2"/>
  <system-out/>
  <testcase name="hitUrlAndData" time="48.728" classname="web.mybizz.tests.ExtractData2"/>
  <system-out/>
  <testcase name="hitUrlAndData" time="68.873" classname="web.mybizz.tests.ExtractData2"/>
  <system-out/>
  <testcase name="hitUrlAndData" time="66.858" classname="web.mybizz.tests.ExtractData2"/>
  <system-out/>
  <testcase name="hitUrlAndData" time="48.443" classname="web.mybizz.tests.ExtractData2"/>
  <system-out/>
  <testcase name="hitUrlAndData" time="48.802" classname="web.mybizz.tests.ExtractData2"/>
  <system-out/>
  <testcase name="hitUrlAndData" time="48.719" classname="web.mybizz.tests.ExtractData2"/>
  <system-out/>
  <testcase name="hitUrlAndData" time="67.853" classname="web.mybizz.tests.ExtractData2"/>
  <system-out/>
  <testcase name="hitUrlAndData" time="66.810" classname="web.mybizz.tests.ExtractData2"/>
  <system-out/>
  <testcase name="hitUrlAndData" time="67.397" classname="web.mybizz.tests.ExtractData2"/>
  <system-out/>
  <testcase name="hitUrlAndData" time="49.736" classname="web.mybizz.tests.ExtractData2"/>
  <system-out/>
  <testcase name="hitUrlAndData" time="48.363" classname="web.mybizz.tests.ExtractData2"/>
  <system-out/>
  <testcase name="hitUrlAndData" time="47.922" classname="web.mybizz.tests.ExtractData2"/>
  <system-out/>
  <testcase name="hitUrlAndData" time="89.028" classname="web.mybizz.tests.ExtractData2"/>
  <system-out/>
  <testcase name="hitUrlAndData" time="49.406" classname="web.mybizz.tests.ExtractData2"/>
  <system-out/>
  <testcase name="hitUrlAndData" time="46.864" classname="web.mybizz.tests.ExtractData2"/>
  <system-out/>
  <testcase name="hitUrlAndData" time="46.812" classname="web.mybizz.tests.ExtractData2"/>
  <system-out/>
  <testcase name="hitUrlAndData" time="48.340" classname="web.mybizz.tests.ExtractData2"/>
  <system-out/>
  <testcase name="hitUrlAndData" time="70.615" classname="web.mybizz.tests.ExtractData2"/>
  <system-out/>
  <testcase name="hitUrlAndData" time="66.235" classname="web.mybizz.tests.ExtractData2"/>
  <system-out/>
  <testcase name="hitUrlAndData" time="48.988" classname="web.mybizz.tests.ExtractData2"/>
  <system-out/>
  <testcase name="hitUrlAndData" time="67.467" classname="web.mybizz.tests.ExtractData2"/>
  <system-out/>
  <testcase name="hitUrlAndData" time="90.268" classname="web.mybizz.tests.ExtractData2"/>
  <system-out/>
  <testcase name="hitUrlAndData" time="46.684" classname="web.mybizz.tests.ExtractData2"/>
  <system-out/>
  <testcase name="hitUrlAndData" time="49.810" classname="web.mybizz.tests.ExtractData2"/>
  <system-out/>
  <testcase name="hitUrlAndData" time="52.200" classname="web.mybizz.tests.ExtractData2"/>
  <system-out/>
  <testcase name="hitUrlAndData" time="47.333" classname="web.mybizz.tests.ExtractData2"/>
  <system-out/>
  <testcase name="hitUrlAndData" time="88.396" classname="web.mybizz.tests.ExtractData2"/>
  <system-out/>
  <testcase name="hitUrlAndData" time="66.860" classname="web.mybizz.tests.ExtractData2"/>
  <system-out/>
  <testcase name="hitUrlAndData" time="47.437" classname="web.mybizz.tests.ExtractData2"/>
  <system-out/>
  <testcase name="hitUrlAndData" time="67.800" classname="web.mybizz.tests.ExtractData2"/>
  <system-out/>
  <testcase name="hitUrlAndData" time="67.876" classname="web.mybizz.tests.ExtractData2"/>
  <system-out/>
  <testcase name="hitUrlAndData" time="67.726" classname="web.mybizz.tests.ExtractData2"/>
  <system-out/>
  <testcase name="hitUrlAndData" time="49.639" classname="web.mybizz.tests.ExtractData2"/>
  <system-out/>
  <testcase name="hitUrlAndData" time="47.863" classname="web.mybizz.tests.ExtractData2"/>
  <system-out/>
  <testcase name="hitUrlAndData" time="49.596" classname="web.mybizz.tests.ExtractData2"/>
  <system-out/>
  <testcase name="hitUrlAndData" time="49.067" classname="web.mybizz.tests.ExtractData2"/>
  <system-out/>
  <testcase name="hitUrlAndData" time="51.737" classname="web.mybizz.tests.ExtractData2"/>
  <system-out/>
  <testcase name="hitUrlAndData" time="48.190" classname="web.mybizz.tests.ExtractData2"/>
  <system-out/>
  <testcase name="hitUrlAndData" time="48.512" classname="web.mybizz.tests.ExtractData2"/>
  <system-out/>
  <testcase name="hitUrlAndData" time="48.333" classname="web.mybizz.tests.ExtractData2"/>
  <system-out/>
  <testcase name="hitUrlAndData" time="49.049" classname="web.mybizz.tests.ExtractData2"/>
  <system-out/>
  <testcase name="hitUrlAndData" time="66.973" classname="web.mybizz.tests.ExtractData2"/>
  <system-out/>
  <testcase name="hitUrlAndData" time="47.741" classname="web.mybizz.tests.ExtractData2"/>
  <system-out/>
  <testcase name="hitUrlAndData" time="48.676" classname="web.mybizz.tests.ExtractData2"/>
  <system-out/>
  <testcase name="hitUrlAndData" time="48.830" classname="web.mybizz.tests.ExtractData2"/>
  <system-out/>
  <testcase name="hitUrlAndData" time="48.429" classname="web.mybizz.tests.ExtractData2"/>
  <system-out/>
  <testcase name="hitUrlAndData" time="49.672" classname="web.mybizz.tests.ExtractData2"/>
  <system-out/>
  <testcase name="hitUrlAndData" time="48.631" classname="web.mybizz.tests.ExtractData2"/>
  <system-out/>
  <testcase name="hitUrlAndData" time="50.125" classname="web.mybizz.tests.ExtractData2"/>
  <system-out/>
  <testcase name="hitUrlAndData" time="47.906" classname="web.mybizz.tests.ExtractData2"/>
  <system-out/>
  <testcase name="hitUrlAndData" time="49.621" classname="web.mybizz.tests.ExtractData2"/>
  <system-out/>
  <testcase name="hitUrlAndData" time="48.390" classname="web.mybizz.tests.ExtractData2"/>
  <system-out/>
  <testcase name="hitUrlAndData" time="69.878" classname="web.mybizz.tests.ExtractData2"/>
  <system-out/>
  <testcase name="hitUrlAndData" time="47.430" classname="web.mybizz.tests.ExtractData2"/>
  <system-out/>
  <testcase name="hitUrlAndData" time="48.729" classname="web.mybizz.tests.ExtractData2"/>
  <system-out/>
  <testcase name="hitUrlAndData" time="67.540" classname="web.mybizz.tests.ExtractData2"/>
  <system-out/>
  <testcase name="hitUrlAndData" time="50.904" classname="web.mybizz.tests.ExtractData2"/>
  <system-out/>
  <testcase name="hitUrlAndData" time="48.904" classname="web.mybizz.tests.ExtractData2"/>
  <system-out/>
  <testcase name="hitUrlAndData" time="51.048" classname="web.mybizz.tests.ExtractData2"/>
  <system-out/>
  <testcase name="hitUrlAndData" time="50.505" classname="web.mybizz.tests.ExtractData2"/>
  <system-out/>
  <testcase name="hitUrlAndData" time="50.231" classname="web.mybizz.tests.ExtractData2"/>
  <system-out/>
  <testcase name="hitUrlAndData" time="48.940" classname="web.mybizz.tests.ExtractData2"/>
  <system-out/>
  <testcase name="hitUrlAndData" time="69.608" classname="web.mybizz.tests.ExtractData2"/>
  <system-out/>
  <testcase name="hitUrlAndData" time="47.230" classname="web.mybizz.tests.ExtractData2"/>
  <system-out/>
  <testcase name="hitUrlAndData" time="67.851" classname="web.mybizz.tests.ExtractData2"/>
  <system-out/>
  <testcase name="hitUrlAndData" time="51.193" classname="web.mybizz.tests.ExtractData2"/>
  <system-out/>
  <testcase name="hitUrlAndData" time="49.623" classname="web.mybizz.tests.ExtractData2"/>
  <system-out/>
  <testcase name="hitUrlAndData" time="70.287" classname="web.mybizz.tests.ExtractData2"/>
  <system-out/>
  <testcase name="hitUrlAndData" time="47.387" classname="web.mybizz.tests.ExtractData2"/>
  <system-out/>
  <testcase name="hitUrlAndData" time="48.750" classname="web.mybizz.tests.ExtractData2"/>
  <system-out/>
  <testcase name="hitUrlAndData" time="30.609" classname="web.mybizz.tests.ExtractData2"/>
  <system-out/>
  <testcase name="hitUrlAndData" time="48.407" classname="web.mybizz.tests.ExtractData2"/>
  <system-out/>
  <testcase name="hitUrlAndData" time="66.786" classname="web.mybizz.tests.ExtractData2"/>
  <system-out/>
  <testcase name="hitUrlAndData" time="51.456" classname="web.mybizz.tests.ExtractData2"/>
  <system-out/>
  <testcase name="hitUrlAndData" time="49.185" classname="web.mybizz.tests.ExtractData2"/>
  <system-out/>
  <testcase name="hitUrlAndData" time="49.268" classname="web.mybizz.tests.ExtractData2"/>
  <system-out/>
  <testcase name="hitUrlAndData" time="67.674" classname="web.mybizz.tests.ExtractData2"/>
  <system-out/>
  <testcase name="hitUrlAndData" time="47.299" classname="web.mybizz.tests.ExtractData2"/>
  <system-out/>
  <testcase name="hitUrlAndData" time="49.998" classname="web.mybizz.tests.ExtractData2"/>
  <system-out/>
  <testcase name="hitUrlAndData" time="48.359" classname="web.mybizz.tests.ExtractData2"/>
  <system-out/>
  <testcase name="hitUrlAndData" time="88.407" classname="web.mybizz.tests.ExtractData2"/>
  <system-out/>
  <testcase name="hitUrlAndData" time="76.953" classname="web.mybizz.tests.ExtractData2"/>
  <system-out/>
  <testcase name="hitUrlAndData" time="89.671" classname="web.mybizz.tests.ExtractData2"/>
  <system-out/>
  <testcase name="hitUrlAndData" time="51.227" classname="web.mybizz.tests.ExtractData2"/>
  <system-out/>
  <testcase name="hitUrlAndData" time="54.099" classname="web.mybizz.tests.ExtractData2"/>
  <system-out/>
  <testcase name="hitUrlAndData" time="46.845" classname="web.mybizz.tests.ExtractData2"/>
  <system-out/>
  <testcase name="hitUrlAndData" time="48.010" classname="web.mybizz.tests.ExtractData2"/>
  <system-out/>
  <testcase name="hitUrlAndData" time="49.056" classname="web.mybizz.tests.ExtractData2"/>
  <system-out/>
  <testcase name="hitUrlAndData" time="67.667" classname="web.mybizz.tests.ExtractData2"/>
  <system-out/>
  <testcase name="hitUrlAndData" time="48.091" classname="web.mybizz.tests.ExtractData2"/>
  <system-out/>
  <testcase name="hitUrlAndData" time="47.834" classname="web.mybizz.tests.ExtractData2"/>
  <system-out/>
  <testcase name="hitUrlAndData" time="69.309" classname="web.mybizz.tests.ExtractData2"/>
  <system-out/>
  <testcase name="hitUrlAndData" time="89.869" classname="web.mybizz.tests.ExtractData2"/>
  <system-out/>
  <testcase name="hitUrlAndData" time="49.303" classname="web.mybizz.tests.ExtractData2"/>
  <system-out/>
  <testcase name="hitUrlAndData" time="90.052" classname="web.mybizz.tests.ExtractData2"/>
  <system-out/>
  <testcase name="hitUrlAndData" time="48.073" classname="web.mybizz.tests.ExtractData2"/>
  <system-out/>
  <testcase name="hitUrlAndData" time="49.038" classname="web.mybizz.tests.ExtractData2"/>
  <system-out/>
  <testcase name="hitUrlAndData" time="49.055" classname="web.mybizz.tests.ExtractData2"/>
  <system-out/>
  <testcase name="hitUrlAndData" time="67.526" classname="web.mybizz.tests.ExtractData2"/>
  <system-out/>
  <testcase name="hitUrlAndData" time="67.304" classname="web.mybizz.tests.ExtractData2"/>
  <system-out/>
  <testcase name="hitUrlAndData" time="30.412" classname="web.mybizz.tests.ExtractData2"/>
  <system-out/>
  <testcase name="hitUrlAndData" time="50.009" classname="web.mybizz.tests.ExtractData2"/>
  <system-out/>
  <testcase name="hitUrlAndData" time="47.824" classname="web.mybizz.tests.ExtractData2"/>
  <system-out/>
  <testcase name="hitUrlAndData" time="67.226" classname="web.mybizz.tests.ExtractData2"/>
  <system-out/>
  <testcase name="hitUrlAndData" time="70.138" classname="web.mybizz.tests.ExtractData2"/>
  <system-out/>
  <testcase name="hitUrlAndData" time="87.450" classname="web.mybizz.tests.ExtractData2"/>
  <system-out/>
  <testcase name="hitUrlAndData" time="68.684" classname="web.mybizz.tests.ExtractData2"/>
  <system-out/>
  <testcase name="hitUrlAndData" time="48.410" classname="web.mybizz.tests.ExtractData2"/>
  <system-out/>
  <testcase name="hitUrlAndData" time="67.552" classname="web.mybizz.tests.ExtractData2"/>
  <system-out/>
  <testcase name="hitUrlAndData" time="48.097" classname="web.mybizz.tests.ExtractData2"/>
  <system-out/>
  <testcase name="hitUrlAndData" time="46.679" classname="web.mybizz.tests.ExtractData2"/>
  <system-out/>
  <testcase name="hitUrlAndData" time="48.084" classname="web.mybizz.tests.ExtractData2"/>
  <system-out/>
  <testcase name="hitUrlAndData" time="48.267" classname="web.mybizz.tests.ExtractData2"/>
  <system-out/>
  <testcase name="hitUrlAndData" time="67.612" classname="web.mybizz.tests.ExtractData2"/>
  <system-out/>
  <testcase name="hitUrlAndData" time="46.477" classname="web.mybizz.tests.ExtractData2"/>
  <system-out/>
  <testcase name="hitUrlAndData" time="49.040" classname="web.mybizz.tests.ExtractData2"/>
  <system-out/>
  <testcase name="hitUrlAndData" time="49.275" classname="web.mybizz.tests.ExtractData2"/>
  <system-out/>
  <testcase name="hitUrlAndData" time="48.754" classname="web.mybizz.tests.ExtractData2"/>
  <system-out/>
  <testcase name="hitUrlAndData" time="68.016" classname="web.mybizz.tests.ExtractData2"/>
  <system-out/>
  <testcase name="hitUrlAndData" time="50.090" classname="web.mybizz.tests.ExtractData2"/>
  <system-out/>
  <testcase name="hitUrlAndData" time="67.114" classname="web.mybizz.tests.ExtractData2"/>
  <system-out/>
  <testcase name="hitUrlAndData" time="69.185" classname="web.mybizz.tests.ExtractData2"/>
  <system-out/>
  <testcase name="hitUrlAndData" time="68.467" classname="web.mybizz.tests.ExtractData2"/>
  <system-out/>
  <testcase name="hitUrlAndData" time="47.124" classname="web.mybizz.tests.ExtractData2"/>
  <system-out/>
  <testcase name="hitUrlAndData" time="47.674" classname="web.mybizz.tests.ExtractData2"/>
  <system-out/>
  <testcase name="hitUrlAndData" time="70.355" classname="web.mybizz.tests.ExtractData2"/>
  <system-out/>
  <testcase name="hitUrlAndData" time="51.519" classname="web.mybizz.tests.ExtractData2"/>
  <system-out/>
  <testcase name="hitUrlAndData" time="88.393" classname="web.mybizz.tests.ExtractData2"/>
  <system-out/>
  <testcase name="hitUrlAndData" time="50.617" classname="web.mybizz.tests.ExtractData2"/>
  <system-out/>
  <testcase name="hitUrlAndData" time="48.467" classname="web.mybizz.tests.ExtractData2"/>
  <system-out/>
  <testcase name="hitUrlAndData" time="68.190" classname="web.mybizz.tests.ExtractData2"/>
  <system-out/>
  <testcase name="hitUrlAndData" time="67.936" classname="web.mybizz.tests.ExtractData2"/>
  <system-out/>
  <testcase name="hitUrlAndData" time="68.085" classname="web.mybizz.tests.ExtractData2"/>
  <system-out/>
  <testcase name="hitUrlAndData" time="47.703" classname="web.mybizz.tests.ExtractData2"/>
  <system-out/>
  <testcase name="hitUrlAndData" time="47.542" classname="web.mybizz.tests.ExtractData2"/>
  <system-out/>
  <testcase name="hitUrlAndData" time="49.914" classname="web.mybizz.tests.ExtractData2"/>
  <system-out/>
  <testcase name="hitUrlAndData" time="47.271" classname="web.mybizz.tests.ExtractData2"/>
  <system-out/>
  <testcase name="hitUrlAndData" time="51.340" classname="web.mybizz.tests.ExtractData2"/>
  <system-out/>
  <testcase name="hitUrlAndData" time="49.209" classname="web.mybizz.tests.ExtractData2"/>
  <system-out/>
  <testcase name="hitUrlAndData" time="48.029" classname="web.mybizz.tests.ExtractData2"/>
  <system-out/>
  <testcase name="hitUrlAndData" time="47.542" classname="web.mybizz.tests.ExtractData2"/>
  <system-out/>
  <testcase name="hitUrlAndData" time="48.983" classname="web.mybizz.tests.ExtractData2"/>
  <system-out/>
  <testcase name="hitUrlAndData" time="47.967" classname="web.mybizz.tests.ExtractData2"/>
  <system-out/>
  <testcase name="hitUrlAndData" time="50.243" classname="web.mybizz.tests.ExtractData2"/>
  <system-out/>
  <testcase name="hitUrlAndData" time="68.349" classname="web.mybizz.tests.ExtractData2"/>
  <system-out/>
  <testcase name="hitUrlAndData" time="49.299" classname="web.mybizz.tests.ExtractData2"/>
  <system-out/>
  <testcase name="hitUrlAndData" time="48.442" classname="web.mybizz.tests.ExtractData2"/>
  <system-out/>
  <testcase name="hitUrlAndData" time="67.159" classname="web.mybizz.tests.ExtractData2"/>
  <system-out/>
  <testcase name="hitUrlAndData" time="88.585" classname="web.mybizz.tests.ExtractData2"/>
  <system-out/>
  <testcase name="hitUrlAndData" time="47.730" classname="web.mybizz.tests.ExtractData2"/>
  <system-out/>
  <testcase name="hitUrlAndData" time="88.576" classname="web.mybizz.tests.ExtractData2"/>
  <system-out/>
  <testcase name="hitUrlAndData" time="47.707" classname="web.mybizz.tests.ExtractData2"/>
  <system-out/>
  <testcase name="hitUrlAndData" time="51.088" classname="web.mybizz.tests.ExtractData2"/>
  <system-out/>
  <testcase name="hitUrlAndData" time="48.610" classname="web.mybizz.tests.ExtractData2"/>
  <system-out/>
  <testcase name="hitUrlAndData" time="67.719" classname="web.mybizz.tests.ExtractData2"/>
  <system-out/>
  <testcase name="hitUrlAndData" time="67.113" classname="web.mybizz.tests.ExtractData2"/>
  <system-out/>
  <testcase name="hitUrlAndData" time="48.456" classname="web.mybizz.tests.ExtractData2"/>
  <system-out/>
  <testcase name="hitUrlAndData" time="49.302" classname="web.mybizz.tests.ExtractData2"/>
  <system-out/>
  <testcase name="hitUrlAndData" time="67.660" classname="web.mybizz.tests.ExtractData2"/>
  <system-out/>
  <testcase name="hitUrlAndData" time="46.528" classname="web.mybizz.tests.ExtractData2"/>
  <system-out/>
  <testcase name="hitUrlAndData" time="67.205" classname="web.mybizz.tests.ExtractData2"/>
  <system-out/>
  <testcase name="hitUrlAndData" time="72.221" classname="web.mybizz.tests.ExtractData2"/>
  <system-out/>
  <testcase name="hitUrlAndData" time="66.775" classname="web.mybizz.tests.ExtractData2"/>
  <system-out/>
  <testcase name="hitUrlAndData" time="48.770" classname="web.mybizz.tests.ExtractData2"/>
  <system-out/>
  <testcase name="hitUrlAndData" time="68.548" classname="web.mybizz.tests.ExtractData2"/>
  <system-out/>
  <testcase name="hitUrlAndData" time="48.349" classname="web.mybizz.tests.ExtractData2"/>
  <system-out/>
  <testcase name="hitUrlAndData" time="67.173" classname="web.mybizz.tests.ExtractData2"/>
  <system-out/>
  <testcase name="hitUrlAndData" time="48.617" classname="web.mybizz.tests.ExtractData2"/>
  <system-out/>
  <testcase name="hitUrlAndData" time="50.677" classname="web.mybizz.tests.ExtractData2"/>
  <system-out/>
  <testcase name="hitUrlAndData" time="49.644" classname="web.mybizz.tests.ExtractData2"/>
  <system-out/>
  <testcase name="hitUrlAndData" time="47.933" classname="web.mybizz.tests.ExtractData2"/>
  <system-out/>
  <testcase name="hitUrlAndData" time="48.642" classname="web.mybizz.tests.ExtractData2"/>
  <system-out/>
  <testcase name="hitUrlAndData" time="49.587" classname="web.mybizz.tests.ExtractData2"/>
  <system-out/>
  <testcase name="hitUrlAndData" time="49.474" classname="web.mybizz.tests.ExtractData2"/>
  <system-out/>
  <testcase name="hitUrlAndData" time="49.084" classname="web.mybizz.tests.ExtractData2"/>
  <system-out/>
  <testcase name="hitUrlAndData" time="88.827" classname="web.mybizz.tests.ExtractData2"/>
  <system-out/>
  <testcase name="hitUrlAndData" time="48.645" classname="web.mybizz.tests.ExtractData2"/>
  <system-out/>
  <testcase name="hitUrlAndData" time="51.794" classname="web.mybizz.tests.ExtractData2"/>
  <system-out/>
  <testcase name="hitUrlAndData" time="67.110" classname="web.mybizz.tests.ExtractData2"/>
  <system-out/>
  <testcase name="hitUrlAndData" time="48.637" classname="web.mybizz.tests.ExtractData2"/>
  <system-out/>
  <testcase name="hitUrlAndData" time="52.177" classname="web.mybizz.tests.ExtractData2"/>
  <system-out/>
  <testcase name="hitUrlAndData" time="47.946" classname="web.mybizz.tests.ExtractData2"/>
  <system-out/>
  <testcase name="hitUrlAndData" time="49.221" classname="web.mybizz.tests.ExtractData2"/>
  <system-out/>
  <testcase name="hitUrlAndData" time="47.974" classname="web.mybizz.tests.ExtractData2"/>
  <system-out/>
  <testcase name="hitUrlAndData" time="49.869" classname="web.mybizz.tests.ExtractData2"/>
  <system-out/>
  <testcase name="hitUrlAndData" time="47.328" classname="web.mybizz.tests.ExtractData2"/>
  <system-out/>
  <testcase name="hitUrlAndData" time="68.106" classname="web.mybizz.tests.ExtractData2"/>
  <system-out/>
  <testcase name="hitUrlAndData" time="88.722" classname="web.mybizz.tests.ExtractData2"/>
  <system-out/>
  <testcase name="hitUrlAndData" time="50.175" classname="web.mybizz.tests.ExtractData2"/>
  <system-out/>
  <testcase name="hitUrlAndData" time="67.207" classname="web.mybizz.tests.ExtractData2"/>
  <system-out/>
  <testcase name="hitUrlAndData" time="48.231" classname="web.mybizz.tests.ExtractData2"/>
  <system-out/>
  <testcase name="hitUrlAndData" time="67.866" classname="web.mybizz.tests.ExtractData2"/>
  <system-out/>
  <testcase name="hitUrlAndData" time="88.238" classname="web.mybizz.tests.ExtractData2"/>
  <system-out/>
  <testcase name="hitUrlAndData" time="48.872" classname="web.mybizz.tests.ExtractData2"/>
  <system-out/>
  <testcase name="hitUrlAndData" time="68.903" classname="web.mybizz.tests.ExtractData2"/>
  <system-out/>
  <testcase name="hitUrlAndData" time="49.901" classname="web.mybizz.tests.ExtractData2"/>
  <system-out/>
  <testcase name="hitUrlAndData" time="48.613" classname="web.mybizz.tests.ExtractData2"/>
  <system-out/>
  <testcase name="hitUrlAndData" time="67.930" classname="web.mybizz.tests.ExtractData2"/>
  <system-out/>
  <testcase name="hitUrlAndData" time="46.790" classname="web.mybizz.tests.ExtractData2"/>
  <system-out/>
  <testcase name="hitUrlAndData" time="67.345" classname="web.mybizz.tests.ExtractData2"/>
  <system-out/>
  <testcase name="hitUrlAndData" time="48.839" classname="web.mybizz.tests.ExtractData2"/>
  <system-out/>
  <testcase name="hitUrlAndData" time="48.796" classname="web.mybizz.tests.ExtractData2"/>
  <system-out/>
  <testcase name="hitUrlAndData" time="88.170" classname="web.mybizz.tests.ExtractData2"/>
  <system-out/>
  <testcase name="hitUrlAndData" time="48.367" classname="web.mybizz.tests.ExtractData2"/>
  <system-out/>
  <testcase name="hitUrlAndData" time="67.160" classname="web.mybizz.tests.ExtractData2"/>
  <system-out/>
  <testcase name="hitUrlAndData" time="68.280" classname="web.mybizz.tests.ExtractData2"/>
  <system-out/>
  <testcase name="hitUrlAndData" time="52.154" classname="web.mybizz.tests.ExtractData2"/>
  <system-out/>
  <testcase name="hitUrlAndData" time="66.352" classname="web.mybizz.tests.ExtractData2"/>
  <system-out/>
  <testcase name="hitUrlAndData" time="65.611" classname="web.mybizz.tests.ExtractData2"/>
  <system-out/>
  <testcase name="hitUrlAndData" time="66.627" classname="web.mybizz.tests.ExtractData2"/>
  <system-out/>
  <testcase name="hitUrlAndData" time="67.084" classname="web.mybizz.tests.ExtractData2"/>
  <system-out/>
  <testcase name="hitUrlAndData" time="48.350" classname="web.mybizz.tests.ExtractData2"/>
  <system-out/>
  <testcase name="hitUrlAndData" time="47.966" classname="web.mybizz.tests.ExtractData2"/>
  <system-out/>
  <testcase name="hitUrlAndData" time="47.878" classname="web.mybizz.tests.ExtractData2"/>
  <system-out/>
  <testcase name="hitUrlAndData" time="49.231" classname="web.mybizz.tests.ExtractData2"/>
  <system-out/>
  <testcase name="hitUrlAndData" time="48.696" classname="web.mybizz.tests.ExtractData2"/>
  <system-out/>
  <testcase name="hitUrlAndData" time="50.328" classname="web.mybizz.tests.ExtractData2"/>
  <system-out/>
  <testcase name="hitUrlAndData" time="67.052" classname="web.mybizz.tests.ExtractData2"/>
  <system-out/>
  <testcase name="hitUrlAndData" time="48.939" classname="web.mybizz.tests.ExtractData2"/>
  <system-out/>
  <testcase name="hitUrlAndData" time="67.144" classname="web.mybizz.tests.ExtractData2"/>
  <system-out/>
  <testcase name="hitUrlAndData" time="67.363" classname="web.mybizz.tests.ExtractData2"/>
  <system-out/>
  <testcase name="hitUrlAndData" time="66.972" classname="web.mybizz.tests.ExtractData2"/>
  <system-out/>
  <testcase name="hitUrlAndData" time="66.746" classname="web.mybizz.tests.ExtractData2"/>
  <system-out/>
  <testcase name="hitUrlAndData" time="48.885" classname="web.mybizz.tests.ExtractData2"/>
  <system-out/>
  <testcase name="hitUrlAndData" time="47.512" classname="web.mybizz.tests.ExtractData2"/>
  <system-out/>
  <testcase name="hitUrlAndData" time="68.085" classname="web.mybizz.tests.ExtractData2"/>
  <system-out/>
  <testcase name="hitUrlAndData" time="48.615" classname="web.mybizz.tests.ExtractData2"/>
  <system-out/>
  <testcase name="hitUrlAndData" time="67.153" classname="web.mybizz.tests.ExtractData2"/>
  <system-out/>
  <testcase name="hitUrlAndData" time="49.424" classname="web.mybizz.tests.ExtractData2"/>
  <system-out/>
  <testcase name="hitUrlAndData" time="88.662" classname="web.mybizz.tests.ExtractData2"/>
  <system-out/>
  <testcase name="hitUrlAndData" time="68.415" classname="web.mybizz.tests.ExtractData2"/>
  <system-out/>
  <testcase name="hitUrlAndData" time="53.313" classname="web.mybizz.tests.ExtractData2"/>
  <system-out/>
  <testcase name="hitUrlAndData" time="48.549" classname="web.mybizz.tests.ExtractData2"/>
  <system-out/>
  <testcase name="hitUrlAndData" time="46.902" classname="web.mybizz.tests.ExtractData2"/>
  <system-out/>
  <testcase name="hitUrlAndData" time="50.679" classname="web.mybizz.tests.ExtractData2"/>
  <system-out/>
  <testcase name="hitUrlAndData" time="48.328" classname="web.mybizz.tests.ExtractData2"/>
  <system-out/>
  <testcase name="hitUrlAndData" time="49.297" classname="web.mybizz.tests.ExtractData2"/>
  <system-out/>
  <testcase name="hitUrlAndData" time="48.507" classname="web.mybizz.tests.ExtractData2"/>
  <system-out/>
  <testcase name="hitUrlAndData" time="50.180" classname="web.mybizz.tests.ExtractData2"/>
  <system-out/>
  <testcase name="hitUrlAndData" time="47.314" classname="web.mybizz.tests.ExtractData2"/>
  <system-out/>
  <testcase name="hitUrlAndData" time="67.932" classname="web.mybizz.tests.ExtractData2"/>
  <system-out/>
  <testcase name="hitUrlAndData" time="67.760" classname="web.mybizz.tests.ExtractData2"/>
  <system-out/>
  <testcase name="hitUrlAndData" time="48.605" classname="web.mybizz.tests.ExtractData2"/>
  <system-out/>
  <testcase name="hitUrlAndData" time="46.255" classname="web.mybizz.tests.ExtractData2"/>
  <system-out/>
  <testcase name="hitUrlAndData" time="47.992" classname="web.mybizz.tests.ExtractData2"/>
  <system-out/>
  <testcase name="hitUrlAndData" time="48.626" classname="web.mybizz.tests.ExtractData2"/>
  <system-out/>
  <testcase name="hitUrlAndData" time="48.489" classname="web.mybizz.tests.ExtractData2"/>
  <system-out/>
  <testcase name="hitUrlAndData" time="88.921" classname="web.mybizz.tests.ExtractData2"/>
  <system-out/>
  <testcase name="hitUrlAndData" time="51.067" classname="web.mybizz.tests.ExtractData2"/>
  <system-out/>
  <testcase name="hitUrlAndData" time="67.585" classname="web.mybizz.tests.ExtractData2"/>
  <system-out/>
  <testcase name="hitUrlAndData" time="96.480" classname="web.mybizz.tests.ExtractData2"/>
  <system-out/>
  <testcase name="hitUrlAndData" time="48.889" classname="web.mybizz.tests.ExtractData2"/>
  <system-out/>
  <testcase name="hitUrlAndData" time="47.803" classname="web.mybizz.tests.ExtractData2"/>
  <system-out/>
  <testcase name="hitUrlAndData" time="49.430" classname="web.mybizz.tests.ExtractData2"/>
  <system-out/>
  <testcase name="hitUrlAndData" time="48.861" classname="web.mybizz.tests.ExtractData2"/>
  <system-out/>
  <testcase name="hitUrlAndData" time="51.133" classname="web.mybizz.tests.ExtractData2"/>
  <system-out/>
  <testcase name="hitUrlAndData" time="50.850" classname="web.mybizz.tests.ExtractData2"/>
  <system-out/>
  <testcase name="hitUrlAndData" time="47.647" classname="web.mybizz.tests.ExtractData2"/>
  <system-out/>
  <testcase name="hitUrlAndData" time="48.074" classname="web.mybizz.tests.ExtractData2"/>
  <system-out/>
  <testcase name="hitUrlAndData" time="48.353" classname="web.mybizz.tests.ExtractData2"/>
  <system-out/>
  <testcase name="hitUrlAndData" time="49.514" classname="web.mybizz.tests.ExtractData2"/>
  <system-out/>
  <testcase name="hitUrlAndData" time="49.176" classname="web.mybizz.tests.ExtractData2"/>
  <system-out/>
  <testcase name="hitUrlAndData" time="48.460" classname="web.mybizz.tests.ExtractData2"/>
  <system-out/>
  <testcase name="hitUrlAndData" time="67.829" classname="web.mybizz.tests.ExtractData2"/>
  <system-out/>
  <testcase name="hitUrlAndData" time="50.417" classname="web.mybizz.tests.ExtractData2"/>
  <system-out/>
  <testcase name="hitUrlAndData" time="49.091" classname="web.mybizz.tests.ExtractData2"/>
  <system-out/>
  <testcase name="hitUrlAndData" time="68.664" classname="web.mybizz.tests.ExtractData2"/>
  <system-out/>
  <testcase name="hitUrlAndData" time="48.107" classname="web.mybizz.tests.ExtractData2"/>
  <system-out/>
  <testcase name="hitUrlAndData" time="47.824" classname="web.mybizz.tests.ExtractData2"/>
  <system-out/>
  <testcase name="hitUrlAndData" time="49.881" classname="web.mybizz.tests.ExtractData2"/>
  <system-out/>
  <testcase name="hitUrlAndData" time="50.621" classname="web.mybizz.tests.ExtractData2"/>
  <system-out/>
  <testcase name="hitUrlAndData" time="47.115" classname="web.mybizz.tests.ExtractData2"/>
  <system-out/>
  <testcase name="hitUrlAndData" time="48.886" classname="web.mybizz.tests.ExtractData2"/>
  <system-out/>
  <testcase name="hitUrlAndData" time="47.294" classname="web.mybizz.tests.ExtractData2"/>
  <system-out/>
  <testcase name="hitUrlAndData" time="66.802" classname="web.mybizz.tests.ExtractData2"/>
  <system-out/>
  <testcase name="hitUrlAndData" time="47.534" classname="web.mybizz.tests.ExtractData2"/>
  <system-out/>
  <testcase name="hitUrlAndData" time="46.841" classname="web.mybizz.tests.ExtractData2"/>
  <system-out/>
  <testcase name="hitUrlAndData" time="48.264" classname="web.mybizz.tests.ExtractData2"/>
  <system-out/>
  <testcase name="hitUrlAndData" time="52.860" classname="web.mybizz.tests.ExtractData2"/>
  <system-out/>
  <testcase name="hitUrlAndData" time="67.681" classname="web.mybizz.tests.ExtractData2"/>
  <system-out/>
  <testcase name="hitUrlAndData" time="89.465" classname="web.mybizz.tests.ExtractData2"/>
  <system-out/>
  <testcase name="hitUrlAndData" time="68.066" classname="web.mybizz.tests.ExtractData2"/>
  <system-out/>
  <testcase name="hitUrlAndData" time="91.571" classname="web.mybizz.tests.ExtractData2"/>
  <system-out/>
  <testcase name="hitUrlAndData" time="48.707" classname="web.mybizz.tests.ExtractData2"/>
  <system-out/>
  <testcase name="hitUrlAndData" time="49.301" classname="web.mybizz.tests.ExtractData2"/>
  <system-out/>
  <testcase name="hitUrlAndData" time="59.073" classname="web.mybizz.tests.ExtractData2"/>
  <system-out/>
  <testcase name="hitUrlAndData" time="67.474" classname="web.mybizz.tests.ExtractData2"/>
  <system-out/>
  <testcase name="hitUrlAndData" time="47.230" classname="web.mybizz.tests.ExtractData2"/>
  <system-out/>
  <testcase name="hitUrlAndData" time="50.568" classname="web.mybizz.tests.ExtractData2"/>
  <system-out/>
  <testcase name="hitUrlAndData" time="67.375" classname="web.mybizz.tests.ExtractData2"/>
  <system-out/>
  <testcase name="hitUrlAndData" time="48.375" classname="web.mybizz.tests.ExtractData2"/>
  <system-out/>
  <testcase name="hitUrlAndData" time="49.721" classname="web.mybizz.tests.ExtractData2"/>
  <system-out/>
  <testcase name="hitUrlAndData" time="49.078" classname="web.mybizz.tests.ExtractData2"/>
  <system-out/>
  <testcase name="hitUrlAndData" time="48.273" classname="web.mybizz.tests.ExtractData2"/>
  <system-out/>
  <testcase name="hitUrlAndData" time="48.802" classname="web.mybizz.tests.ExtractData2"/>
  <system-out/>
  <testcase name="hitUrlAndData" time="48.241" classname="web.mybizz.tests.ExtractData2"/>
  <system-out/>
  <testcase name="hitUrlAndData" time="50.625" classname="web.mybizz.tests.ExtractData2"/>
  <system-out/>
  <testcase name="hitUrlAndData" time="50.378" classname="web.mybizz.tests.ExtractData2"/>
  <system-out/>
  <testcase name="hitUrlAndData" time="50.056" classname="web.mybizz.tests.ExtractData2"/>
  <system-out/>
  <testcase name="hitUrlAndData" time="68.088" classname="web.mybizz.tests.ExtractData2"/>
  <system-out/>
  <testcase name="hitUrlAndData" time="54.520" classname="web.mybizz.tests.ExtractData2"/>
  <system-out/>
  <testcase name="hitUrlAndData" time="48.334" classname="web.mybizz.tests.ExtractData2"/>
  <system-out/>
  <testcase name="hitUrlAndData" time="47.384" classname="web.mybizz.tests.ExtractData2"/>
  <system-out/>
  <testcase name="hitUrlAndData" time="52.755" classname="web.mybizz.tests.ExtractData2"/>
  <system-out/>
  <testcase name="hitUrlAndData" time="48.679" classname="web.mybizz.tests.ExtractData2"/>
  <system-out/>
  <testcase name="hitUrlAndData" time="50.657" classname="web.mybizz.tests.ExtractData2"/>
  <system-out/>
  <testcase name="hitUrlAndData" time="49.572" classname="web.mybizz.tests.ExtractData2"/>
  <system-out/>
  <testcase name="hitUrlAndData" time="49.574" classname="web.mybizz.tests.ExtractData2"/>
  <system-out/>
  <testcase name="hitUrlAndData" time="49.236" classname="web.mybizz.tests.ExtractData2"/>
  <system-out/>
  <testcase name="hitUrlAndData" time="48.551" classname="web.mybizz.tests.ExtractData2"/>
  <system-out/>
  <testcase name="hitUrlAndData" time="51.421" classname="web.mybizz.tests.ExtractData2"/>
  <system-out/>
  <testcase name="hitUrlAndData" time="48.657" classname="web.mybizz.tests.ExtractData2"/>
  <system-out/>
  <testcase name="hitUrlAndData" time="48.261" classname="web.mybizz.tests.ExtractData2"/>
  <system-out/>
  <testcase name="hitUrlAndData" time="68.606" classname="web.mybizz.tests.ExtractData2"/>
  <system-out/>
  <testcase name="hitUrlAndData" time="49.328" classname="web.mybizz.tests.ExtractData2"/>
  <system-out/>
  <testcase name="hitUrlAndData" time="49.957" classname="web.mybizz.tests.ExtractData2"/>
  <system-out/>
  <testcase name="hitUrlAndData" time="49.109" classname="web.mybizz.tests.ExtractData2"/>
  <system-out/>
  <testcase name="hitUrlAndData" time="68.776" classname="web.mybizz.tests.ExtractData2"/>
  <system-out/>
  <testcase name="hitUrlAndData" time="88.349" classname="web.mybizz.tests.ExtractData2"/>
  <system-out/>
  <testcase name="hitUrlAndData" time="49.850" classname="web.mybizz.tests.ExtractData2"/>
  <system-out/>
  <testcase name="hitUrlAndData" time="69.593" classname="web.mybizz.tests.ExtractData2"/>
  <system-out/>
  <testcase name="hitUrlAndData" time="66.726" classname="web.mybizz.tests.ExtractData2"/>
  <system-out/>
  <testcase name="hitUrlAndData" time="48.408" classname="web.mybizz.tests.ExtractData2"/>
  <system-out/>
  <testcase name="hitUrlAndData" time="53.497" classname="web.mybizz.tests.ExtractData2"/>
  <system-out/>
  <testcase name="hitUrlAndData" time="68.333" classname="web.mybizz.tests.ExtractData2"/>
  <system-out/>
  <testcase name="hitUrlAndData" time="51.007" classname="web.mybizz.tests.ExtractData2"/>
  <system-out/>
  <testcase name="hitUrlAndData" time="48.105" classname="web.mybizz.tests.ExtractData2"/>
  <system-out/>
  <testcase name="hitUrlAndData" time="49.897" classname="web.mybizz.tests.ExtractData2"/>
  <system-out/>
  <testcase name="hitUrlAndData" time="68.565" classname="web.mybizz.tests.ExtractData2"/>
  <system-out/>
  <testcase name="hitUrlAndData" time="46.436" classname="web.mybizz.tests.ExtractData2"/>
  <system-out/>
  <testcase name="hitUrlAndData" time="45.630" classname="web.mybizz.tests.ExtractData2"/>
  <system-out/>
  <testcase name="hitUrlAndData" time="48.966" classname="web.mybizz.tests.ExtractData2"/>
  <system-out/>
  <testcase name="hitUrlAndData" time="51.304" classname="web.mybizz.tests.ExtractData2"/>
  <system-out/>
  <testcase name="hitUrlAndData" time="47.729" classname="web.mybizz.tests.ExtractData2"/>
  <system-out/>
  <testcase name="hitUrlAndData" time="49.730" classname="web.mybizz.tests.ExtractData2"/>
  <system-out/>
  <testcase name="hitUrlAndData" time="48.729" classname="web.mybizz.tests.ExtractData2"/>
  <system-out/>
  <testcase name="hitUrlAndData" time="47.147" classname="web.mybizz.tests.ExtractData2"/>
  <system-out/>
  <testcase name="hitUrlAndData" time="68.421" classname="web.mybizz.tests.ExtractData2"/>
  <system-out/>
  <testcase name="hitUrlAndData" time="48.722" classname="web.mybizz.tests.ExtractData2"/>
  <system-out/>
  <testcase name="hitUrlAndData" time="48.330" classname="web.mybizz.tests.ExtractData2"/>
  <system-out/>
  <testcase name="hitUrlAndData" time="50.907" classname="web.mybizz.tests.ExtractData2"/>
  <system-out/>
  <testcase name="hitUrlAndData" time="49.001" classname="web.mybizz.tests.ExtractData2"/>
  <system-out/>
  <testcase name="hitUrlAndData" time="47.293" classname="web.mybizz.tests.ExtractData2"/>
  <system-out/>
  <testcase name="hitUrlAndData" time="48.330" classname="web.mybizz.tests.ExtractData2"/>
  <system-out/>
  <testcase name="hitUrlAndData" time="49.171" classname="web.mybizz.tests.ExtractData2"/>
  <system-out/>
  <testcase name="hitUrlAndData" time="49.404" classname="web.mybizz.tests.ExtractData2"/>
  <system-out/>
  <testcase name="hitUrlAndData" time="88.147" classname="web.mybizz.tests.ExtractData2"/>
  <system-out/>
  <testcase name="hitUrlAndData" time="52.157" classname="web.mybizz.tests.ExtractData2"/>
  <system-out/>
  <testcase name="hitUrlAndData" time="47.167" classname="web.mybizz.tests.ExtractData2"/>
  <system-out/>
  <testcase name="hitUrlAndData" time="48.355" classname="web.mybizz.tests.ExtractData2"/>
  <system-out/>
  <testcase name="hitUrlAndData" time="66.362" classname="web.mybizz.tests.ExtractData2"/>
  <system-out/>
  <testcase name="hitUrlAndData" time="67.226" classname="web.mybizz.tests.ExtractData2"/>
  <system-out/>
  <testcase name="hitUrlAndData" time="77.577" classname="web.mybizz.tests.ExtractData2"/>
  <system-out/>
  <testcase name="hitUrlAndData" time="47.569" classname="web.mybizz.tests.ExtractData2"/>
  <system-out/>
  <testcase name="hitUrlAndData" time="49.735" classname="web.mybizz.tests.ExtractData2"/>
  <system-out/>
  <testcase name="hitUrlAndData" time="91.720" classname="web.mybizz.tests.ExtractData2"/>
  <system-out/>
  <testcase name="hitUrlAndData" time="67.605" classname="web.mybizz.tests.ExtractData2"/>
  <system-out/>
  <testcase name="hitUrlAndData" time="47.068" classname="web.mybizz.tests.ExtractData2"/>
  <system-out/>
  <testcase name="hitUrlAndData" time="69.944" classname="web.mybizz.tests.ExtractData2"/>
  <system-out/>
  <testcase name="hitUrlAndData" time="48.455" classname="web.mybizz.tests.ExtractData2"/>
  <system-out/>
  <testcase name="hitUrlAndData" time="48.993" classname="web.mybizz.tests.ExtractData2"/>
  <system-out/>
  <testcase name="hitUrlAndData" time="49.098" classname="web.mybizz.tests.ExtractData2"/>
  <system-out/>
  <testcase name="hitUrlAndData" time="48.673" classname="web.mybizz.tests.ExtractData2"/>
  <system-out/>
  <testcase name="hitUrlAndData" time="46.842" classname="web.mybizz.tests.ExtractData2"/>
  <system-out/>
  <testcase name="hitUrlAndData" time="68.616" classname="web.mybizz.tests.ExtractData2"/>
  <system-out/>
  <testcase name="hitUrlAndData" time="69.577" classname="web.mybizz.tests.ExtractData2"/>
  <system-out/>
  <testcase name="hitUrlAndData" time="49.185" classname="web.mybizz.tests.ExtractData2"/>
  <system-out/>
  <testcase name="hitUrlAndData" time="49.231" classname="web.mybizz.tests.ExtractData2"/>
  <system-out/>
  <testcase name="hitUrlAndData" time="49.435" classname="web.mybizz.tests.ExtractData2"/>
  <system-out/>
  <testcase name="hitUrlAndData" time="47.844" classname="web.mybizz.tests.ExtractData2"/>
  <system-out/>
  <testcase name="hitUrlAndData" time="50.225" classname="web.mybizz.tests.ExtractData2"/>
  <system-out/>
  <testcase name="hitUrlAndData" time="46.536" classname="web.mybizz.tests.ExtractData2"/>
  <system-out/>
  <testcase name="hitUrlAndData" time="47.745" classname="web.mybizz.tests.ExtractData2"/>
  <system-out/>
  <testcase name="hitUrlAndData" time="49.583" classname="web.mybizz.tests.ExtractData2"/>
  <system-out/>
  <testcase name="hitUrlAndData" time="47.633" classname="web.mybizz.tests.ExtractData2"/>
  <system-out/>
  <testcase name="hitUrlAndData" time="47.978" classname="web.mybizz.tests.ExtractData2"/>
  <system-out/>
  <testcase name="hitUrlAndData" time="67.926" classname="web.mybizz.tests.ExtractData2"/>
  <system-out/>
  <testcase name="hitUrlAndData" time="49.645" classname="web.mybizz.tests.ExtractData2"/>
  <system-out/>
  <testcase name="hitUrlAndData" time="49.306" classname="web.mybizz.tests.ExtractData2"/>
  <system-out/>
  <testcase name="hitUrlAndData" time="48.879" classname="web.mybizz.tests.ExtractData2"/>
  <system-out/>
  <testcase name="hitUrlAndData" time="48.789" classname="web.mybizz.tests.ExtractData2"/>
  <system-out/>
  <testcase name="hitUrlAndData" time="48.182" classname="web.mybizz.tests.ExtractData2"/>
  <system-out/>
  <testcase name="hitUrlAndData" time="66.854" classname="web.mybizz.tests.ExtractData2"/>
  <system-out/>
  <testcase name="hitUrlAndData" time="48.925" classname="web.mybizz.tests.ExtractData2"/>
  <system-out/>
  <testcase name="hitUrlAndData" time="50.447" classname="web.mybizz.tests.ExtractData2"/>
  <system-out/>
  <testcase name="hitUrlAndData" time="85.369" classname="web.mybizz.tests.ExtractData2"/>
  <system-out/>
  <testcase name="hitUrlAndData" time="47.404" classname="web.mybizz.tests.ExtractData2"/>
  <system-out/>
  <testcase name="hitUrlAndData" time="47.761" classname="web.mybizz.tests.ExtractData2"/>
  <system-out/>
  <testcase name="hitUrlAndData" time="68.104" classname="web.mybizz.tests.ExtractData2"/>
  <system-out/>
  <testcase name="hitUrlAndData" time="47.678" classname="web.mybizz.tests.ExtractData2"/>
  <system-out/>
  <testcase name="hitUrlAndData" time="68.902" classname="web.mybizz.tests.ExtractData2"/>
  <system-out/>
  <testcase name="hitUrlAndData" time="89.044" classname="web.mybizz.tests.ExtractData2"/>
  <system-out/>
  <testcase name="hitUrlAndData" time="68.769" classname="web.mybizz.tests.ExtractData2"/>
  <system-out/>
  <testcase name="hitUrlAndData" time="63.312" classname="web.mybizz.tests.ExtractData2"/>
  <system-out/>
  <testcase name="hitUrlAndData" time="48.333" classname="web.mybizz.tests.ExtractData2"/>
  <system-out/>
  <testcase name="hitUrlAndData" time="46.748" classname="web.mybizz.tests.ExtractData2"/>
  <system-out/>
  <testcase name="hitUrlAndData" time="48.556" classname="web.mybizz.tests.ExtractData2"/>
  <system-out/>
  <testcase name="hitUrlAndData" time="48.488" classname="web.mybizz.tests.ExtractData2"/>
  <system-out/>
  <testcase name="hitUrlAndData" time="53.581" classname="web.mybizz.tests.ExtractData2"/>
  <system-out/>
  <testcase name="hitUrlAndData" time="48.880" classname="web.mybizz.tests.ExtractData2"/>
  <system-out/>
  <testcase name="hitUrlAndData" time="48.849" classname="web.mybizz.tests.ExtractData2"/>
  <system-out/>
  <testcase name="hitUrlAndData" time="46.829" classname="web.mybizz.tests.ExtractData2"/>
  <system-out/>
  <testcase name="hitUrlAndData" time="48.977" classname="web.mybizz.tests.ExtractData2"/>
  <system-out/>
  <testcase name="hitUrlAndData" time="49.139" classname="web.mybizz.tests.ExtractData2"/>
  <system-out/>
  <testcase name="hitUrlAndData" time="48.323" classname="web.mybizz.tests.ExtractData2"/>
  <system-out/>
  <testcase name="hitUrlAndData" time="47.122" classname="web.mybizz.tests.ExtractData2"/>
  <system-out/>
  <testcase name="hitUrlAndData" time="88.678" classname="web.mybizz.tests.ExtractData2"/>
  <system-out/>
  <testcase name="hitUrlAndData" time="47.037" classname="web.mybizz.tests.ExtractData2"/>
  <system-out/>
  <testcase name="hitUrlAndData" time="48.356" classname="web.mybizz.tests.ExtractData2"/>
  <system-out/>
  <testcase name="hitUrlAndData" time="48.433" classname="web.mybizz.tests.ExtractData2"/>
  <system-out/>
  <testcase name="hitUrlAndData" time="48.959" classname="web.mybizz.tests.ExtractData2"/>
  <system-out/>
  <testcase name="hitUrlAndData" time="47.028" classname="web.mybizz.tests.ExtractData2"/>
  <system-out/>
  <testcase name="hitUrlAndData" time="46.652" classname="web.mybizz.tests.ExtractData2"/>
  <system-out/>
  <testcase name="hitUrlAndData" time="67.879" classname="web.mybizz.tests.ExtractData2"/>
  <system-out/>
  <testcase name="hitUrlAndData" time="47.737" classname="web.mybizz.tests.ExtractData2"/>
  <system-out/>
  <testcase name="hitUrlAndData" time="49.596" classname="web.mybizz.tests.ExtractData2"/>
  <system-out/>
  <testcase name="hitUrlAndData" time="66.614" classname="web.mybizz.tests.ExtractData2"/>
  <system-out/>
  <testcase name="hitUrlAndData" time="49.084" classname="web.mybizz.tests.ExtractData2"/>
  <system-out/>
  <testcase name="hitUrlAndData" time="87.743" classname="web.mybizz.tests.ExtractData2"/>
  <system-out/>
  <testcase name="hitUrlAndData" time="48.311" classname="web.mybizz.tests.ExtractData2"/>
  <system-out/>
  <testcase name="hitUrlAndData" time="48.329" classname="web.mybizz.tests.ExtractData2"/>
  <system-out/>
  <testcase name="hitUrlAndData" time="48.601" classname="web.mybizz.tests.ExtractData2"/>
  <system-out/>
  <testcase name="hitUrlAndData" time="69.174" classname="web.mybizz.tests.ExtractData2"/>
  <system-out/>
  <testcase name="hitUrlAndData" time="87.514" classname="web.mybizz.tests.ExtractData2"/>
  <system-out/>
  <testcase name="hitUrlAndData" time="67.128" classname="web.mybizz.tests.ExtractData2"/>
  <system-out/>
  <testcase name="hitUrlAndData" time="67.367" classname="web.mybizz.tests.ExtractData2"/>
  <system-out/>
  <testcase name="hitUrlAndData" time="49.944" classname="web.mybizz.tests.ExtractData2"/>
  <system-out/>
  <testcase name="hitUrlAndData" time="68.438" classname="web.mybizz.tests.ExtractData2"/>
  <system-out/>
  <testcase name="hitUrlAndData" time="49.791" classname="web.mybizz.tests.ExtractData2"/>
  <system-out/>
  <testcase name="hitUrlAndData" time="49.130" classname="web.mybizz.tests.ExtractData2"/>
  <system-out/>
  <testcase name="hitUrlAndData" time="47.018" classname="web.mybizz.tests.ExtractData2"/>
  <system-out/>
  <testcase name="hitUrlAndData" time="49.434" classname="web.mybizz.tests.ExtractData2"/>
  <system-out/>
  <testcase name="hitUrlAndData" time="48.988" classname="web.mybizz.tests.ExtractData2"/>
  <system-out/>
  <testcase name="hitUrlAndData" time="49.369" classname="web.mybizz.tests.ExtractData2"/>
  <system-out/>
  <testcase name="hitUrlAndData" time="48.555" classname="web.mybizz.tests.ExtractData2"/>
  <system-out/>
  <testcase name="hitUrlAndData" time="49.501" classname="web.mybizz.tests.ExtractData2"/>
  <system-out/>
  <testcase name="hitUrlAndData" time="48.379" classname="web.mybizz.tests.ExtractData2"/>
  <system-out/>
  <testcase name="hitUrlAndData" time="49.192" classname="web.mybizz.tests.ExtractData2"/>
  <system-out/>
  <testcase name="hitUrlAndData" time="48.103" classname="web.mybizz.tests.ExtractData2"/>
  <system-out/>
  <testcase name="hitUrlAndData" time="47.494" classname="web.mybizz.tests.ExtractData2"/>
  <system-out/>
  <testcase name="hitUrlAndData" time="89.316" classname="web.mybizz.tests.ExtractData2"/>
  <system-out/>
  <testcase name="hitUrlAndData" time="49.671" classname="web.mybizz.tests.ExtractData2"/>
  <system-out/>
  <testcase name="hitUrlAndData" time="67.368" classname="web.mybizz.tests.ExtractData2"/>
  <system-out/>
  <testcase name="hitUrlAndData" time="48.164" classname="web.mybizz.tests.ExtractData2"/>
  <system-out/>
  <testcase name="hitUrlAndData" time="93.034" classname="web.mybizz.tests.ExtractData2"/>
  <system-out/>
  <testcase name="hitUrlAndData" time="48.968" classname="web.mybizz.tests.ExtractData2"/>
  <system-out/>
  <testcase name="hitUrlAndData" time="66.943" classname="web.mybizz.tests.ExtractData2"/>
  <system-out/>
  <testcase name="hitUrlAndData" time="48.637" classname="web.mybizz.tests.ExtractData2"/>
  <system-out/>
  <testcase name="hitUrlAndData" time="67.310" classname="web.mybizz.tests.ExtractData2"/>
  <system-out/>
  <testcase name="hitUrlAndData" time="47.422" classname="web.mybizz.tests.ExtractData2"/>
  <system-out/>
  <testcase name="hitUrlAndData" time="66.983" classname="web.mybizz.tests.ExtractData2"/>
  <system-out/>
  <testcase name="hitUrlAndData" time="67.968" classname="web.mybizz.tests.ExtractData2"/>
  <system-out/>
  <testcase name="hitUrlAndData" time="68.137" classname="web.mybizz.tests.ExtractData2"/>
  <system-out/>
  <testcase name="hitUrlAndData" time="46.721" classname="web.mybizz.tests.ExtractData2"/>
  <system-out/>
  <testcase name="hitUrlAndData" time="67.934" classname="web.mybizz.tests.ExtractData2"/>
  <system-out/>
  <testcase name="hitUrlAndData" time="48.388" classname="web.mybizz.tests.ExtractData2"/>
  <system-out/>
  <testcase name="hitUrlAndData" time="50.493" classname="web.mybizz.tests.ExtractData2"/>
  <system-out/>
  <testcase name="hitUrlAndData" time="50.427" classname="web.mybizz.tests.ExtractData2"/>
  <system-out/>
  <testcase name="hitUrlAndData" time="46.917" classname="web.mybizz.tests.ExtractData2"/>
  <system-out/>
  <testcase name="hitUrlAndData" time="68.167" classname="web.mybizz.tests.ExtractData2"/>
  <system-out/>
  <testcase name="hitUrlAndData" time="47.421" classname="web.mybizz.tests.ExtractData2"/>
  <system-out/>
  <testcase name="hitUrlAndData" time="69.141" classname="web.mybizz.tests.ExtractData2"/>
  <system-out/>
  <testcase name="hitUrlAndData" time="48.326" classname="web.mybizz.tests.ExtractData2"/>
  <system-out/>
  <testcase name="hitUrlAndData" time="48.725" classname="web.mybizz.tests.ExtractData2"/>
  <system-out/>
  <testcase name="hitUrlAndData" time="51.093" classname="web.mybizz.tests.ExtractData2"/>
  <system-out/>
  <testcase name="hitUrlAndData" time="68.508" classname="web.mybizz.tests.ExtractData2"/>
  <system-out/>
  <testcase name="hitUrlAndData" time="89.454" classname="web.mybizz.tests.ExtractData2"/>
  <system-out/>
  <testcase name="hitUrlAndData" time="48.123" classname="web.mybizz.tests.ExtractData2"/>
  <system-out/>
  <testcase name="hitUrlAndData" time="49.151" classname="web.mybizz.tests.ExtractData2"/>
  <system-out/>
  <testcase name="hitUrlAndData" time="47.007" classname="web.mybizz.tests.ExtractData2"/>
  <system-out/>
  <testcase name="hitUrlAndData" time="49.608" classname="web.mybizz.tests.ExtractData2"/>
  <system-out/>
  <testcase name="hitUrlAndData" time="48.734" classname="web.mybizz.tests.ExtractData2"/>
  <system-out/>
  <testcase name="hitUrlAndData" time="48.935" classname="web.mybizz.tests.ExtractData2"/>
  <system-out/>
  <testcase name="hitUrlAndData" time="68.782" classname="web.mybizz.tests.ExtractData2"/>
  <system-out/>
  <testcase name="hitUrlAndData" time="52.080" classname="web.mybizz.tests.ExtractData2"/>
  <system-out/>
  <testcase name="hitUrlAndData" time="47.660" classname="web.mybizz.tests.ExtractData2"/>
  <system-out/>
  <testcase name="hitUrlAndData" time="47.898" classname="web.mybizz.tests.ExtractData2"/>
  <system-out/>
  <testcase name="hitUrlAndData" time="82.099" classname="web.mybizz.tests.ExtractData2"/>
  <system-out/>
  <testcase name="hitUrlAndData" time="48.165" classname="web.mybizz.tests.ExtractData2"/>
  <system-out/>
  <testcase name="hitUrlAndData" time="48.841" classname="web.mybizz.tests.ExtractData2"/>
  <system-out/>
  <testcase name="hitUrlAndData" time="49.158" classname="web.mybizz.tests.ExtractData2"/>
  <system-out/>
  <testcase name="hitUrlAndData" time="68.138" classname="web.mybizz.tests.ExtractData2"/>
  <system-out/>
  <testcase name="hitUrlAndData" time="47.368" classname="web.mybizz.tests.ExtractData2"/>
  <system-out/>
  <testcase name="hitUrlAndData" time="67.607" classname="web.mybizz.tests.ExtractData2"/>
  <system-out/>
  <testcase name="hitUrlAndData" time="49.092" classname="web.mybizz.tests.ExtractData2"/>
  <system-out/>
  <testcase name="hitUrlAndData" time="50.799" classname="web.mybizz.tests.ExtractData2"/>
  <system-out/>
  <testcase name="hitUrlAndData" time="49.795" classname="web.mybizz.tests.ExtractData2"/>
  <system-out/>
  <testcase name="hitUrlAndData" time="48.884" classname="web.mybizz.tests.ExtractData2"/>
  <system-out/>
  <testcase name="hitUrlAndData" time="47.675" classname="web.mybizz.tests.ExtractData2"/>
  <system-out/>
  <testcase name="hitUrlAndData" time="47.999" classname="web.mybizz.tests.ExtractData2"/>
  <system-out/>
  <testcase name="hitUrlAndData" time="67.059" classname="web.mybizz.tests.ExtractData2"/>
  <system-out/>
  <testcase name="hitUrlAndData" time="49.145" classname="web.mybizz.tests.ExtractData2"/>
  <system-out/>
  <testcase name="hitUrlAndData" time="50.772" classname="web.mybizz.tests.ExtractData2"/>
  <system-out/>
  <testcase name="hitUrlAndData" time="49.845" classname="web.mybizz.tests.ExtractData2"/>
  <system-out/>
  <testcase name="hitUrlAndData" time="47.940" classname="web.mybizz.tests.ExtractData2"/>
  <system-out/>
  <testcase name="hitUrlAndData" time="67.565" classname="web.mybizz.tests.ExtractData2"/>
  <system-out/>
  <testcase name="hitUrlAndData" time="48.259" classname="web.mybizz.tests.ExtractData2"/>
  <system-out/>
  <testcase name="hitUrlAndData" time="49.055" classname="web.mybizz.tests.ExtractData2"/>
  <system-out/>
  <testcase name="hitUrlAndData" time="48.404" classname="web.mybizz.tests.ExtractData2"/>
  <system-out/>
  <testcase name="hitUrlAndData" time="89.305" classname="web.mybizz.tests.ExtractData2"/>
  <system-out/>
  <testcase name="hitUrlAndData" time="47.227" classname="web.mybizz.tests.ExtractData2"/>
  <system-out/>
  <testcase name="hitUrlAndData" time="46.567" classname="web.mybizz.tests.ExtractData2"/>
  <system-out/>
  <testcase name="hitUrlAndData" time="48.604" classname="web.mybizz.tests.ExtractData2"/>
  <system-out/>
  <testcase name="hitUrlAndData" time="47.782" classname="web.mybizz.tests.ExtractData2"/>
  <system-out/>
  <testcase name="hitUrlAndData" time="48.509" classname="web.mybizz.tests.ExtractData2"/>
  <system-out/>
  <testcase name="hitUrlAndData" time="49.283" classname="web.mybizz.tests.ExtractData2"/>
  <system-out/>
  <testcase name="hitUrlAndData" time="50.937" classname="web.mybizz.tests.ExtractData2"/>
  <system-out/>
  <testcase name="hitUrlAndData" time="47.096" classname="web.mybizz.tests.ExtractData2"/>
  <system-out/>
  <testcase name="hitUrlAndData" time="48.053" classname="web.mybizz.tests.ExtractData2"/>
  <system-out/>
  <testcase name="hitUrlAndData" time="67.149" classname="web.mybizz.tests.ExtractData2"/>
  <system-out/>
  <testcase name="hitUrlAndData" time="48.326" classname="web.mybizz.tests.ExtractData2"/>
  <system-out/>
  <testcase name="hitUrlAndData" time="70.084" classname="web.mybizz.tests.ExtractData2"/>
  <system-out/>
  <testcase name="hitUrlAndData" time="67.086" classname="web.mybizz.tests.ExtractData2"/>
  <system-out/>
  <testcase name="hitUrlAndData" time="67.385" classname="web.mybizz.tests.ExtractData2"/>
  <system-out/>
  <testcase name="hitUrlAndData" time="48.871" classname="web.mybizz.tests.ExtractData2"/>
  <system-out/>
  <testcase name="hitUrlAndData" time="50.421" classname="web.mybizz.tests.ExtractData2"/>
  <system-out/>
  <testcase name="hitUrlAndData" time="49.117" classname="web.mybizz.tests.ExtractData2"/>
  <system-out/>
  <testcase name="hitUrlAndData" time="48.754" classname="web.mybizz.tests.ExtractData2"/>
  <system-out/>
  <testcase name="hitUrlAndData" time="47.697" classname="web.mybizz.tests.ExtractData2"/>
  <system-out/>
  <testcase name="hitUrlAndData" time="67.774" classname="web.mybizz.tests.ExtractData2"/>
  <system-out/>
  <testcase name="hitUrlAndData" time="67.757" classname="web.mybizz.tests.ExtractData2"/>
  <system-out/>
  <testcase name="hitUrlAndData" time="67.169" classname="web.mybizz.tests.ExtractData2"/>
  <system-out/>
  <testcase name="hitUrlAndData" time="49.046" classname="web.mybizz.tests.ExtractData2"/>
  <system-out/>
  <testcase name="hitUrlAndData" time="49.209" classname="web.mybizz.tests.ExtractData2"/>
  <system-out/>
  <testcase name="hitUrlAndData" time="48.949" classname="web.mybizz.tests.ExtractData2"/>
  <system-out/>
  <testcase name="hitUrlAndData" time="49.333" classname="web.mybizz.tests.ExtractData2"/>
  <system-out/>
  <testcase name="hitUrlAndData" time="47.943" classname="web.mybizz.tests.ExtractData2"/>
  <system-out/>
  <testcase name="hitUrlAndData" time="50.019" classname="web.mybizz.tests.ExtractData2"/>
  <system-out/>
  <testcase name="hitUrlAndData" time="66.643" classname="web.mybizz.tests.ExtractData2"/>
  <system-out/>
  <testcase name="hitUrlAndData" time="66.964" classname="web.mybizz.tests.ExtractData2"/>
  <system-out/>
  <testcase name="hitUrlAndData" time="50.138" classname="web.mybizz.tests.ExtractData2"/>
  <system-out/>
  <testcase name="hitUrlAndData" time="68.346" classname="web.mybizz.tests.ExtractData2"/>
  <system-out/>
  <testcase name="hitUrlAndData" time="89.035" classname="web.mybizz.tests.ExtractData2"/>
  <system-out/>
  <testcase name="hitUrlAndData" time="66.858" classname="web.mybizz.tests.ExtractData2"/>
  <system-out/>
  <testcase name="hitUrlAndData" time="47.321" classname="web.mybizz.tests.ExtractData2"/>
  <system-out/>
  <testcase name="hitUrlAndData" time="48.116" classname="web.mybizz.tests.ExtractData2"/>
  <system-out/>
  <testcase name="hitUrlAndData" time="49.998" classname="web.mybizz.tests.ExtractData2"/>
  <system-out/>
  <testcase name="hitUrlAndData" time="49.141" classname="web.mybizz.tests.ExtractData2"/>
  <system-out/>
  <testcase name="hitUrlAndData" time="66.586" classname="web.mybizz.tests.ExtractData2"/>
  <system-out/>
  <testcase name="hitUrlAndData" time="47.698" classname="web.mybizz.tests.ExtractData2"/>
  <system-out/>
  <testcase name="hitUrlAndData" time="68.743" classname="web.mybizz.tests.ExtractData2"/>
  <system-out/>
  <testcase name="hitUrlAndData" time="46.595" classname="web.mybizz.tests.ExtractData2"/>
  <system-out/>
  <testcase name="hitUrlAndData" time="50.042" classname="web.mybizz.tests.ExtractData2"/>
  <system-out/>
  <testcase name="hitUrlAndData" time="67.511" classname="web.mybizz.tests.ExtractData2"/>
  <system-out/>
  <testcase name="hitUrlAndData" time="67.456" classname="web.mybizz.tests.ExtractData2"/>
  <system-out/>
  <testcase name="hitUrlAndData" time="89.556" classname="web.mybizz.tests.ExtractData2"/>
  <system-out/>
  <testcase name="hitUrlAndData" time="49.678" classname="web.mybizz.tests.ExtractData2"/>
  <system-out/>
  <testcase name="hitUrlAndData" time="48.478" classname="web.mybizz.tests.ExtractData2"/>
  <system-out/>
  <testcase name="hitUrlAndData" time="50.174" classname="web.mybizz.tests.ExtractData2"/>
  <system-out/>
  <testcase name="hitUrlAndData" time="88.273" classname="web.mybizz.tests.ExtractData2"/>
  <system-out/>
  <testcase name="hitUrlAndData" time="50.409" classname="web.mybizz.tests.ExtractData2"/>
  <system-out/>
  <testcase name="hitUrlAndData" time="89.052" classname="web.mybizz.tests.ExtractData2"/>
  <system-out/>
  <testcase name="hitUrlAndData" time="51.858" classname="web.mybizz.tests.ExtractData2"/>
  <system-out/>
  <testcase name="hitUrlAndData" time="67.228" classname="web.mybizz.tests.ExtractData2"/>
  <system-out/>
  <testcase name="hitUrlAndData" time="68.360" classname="web.mybizz.tests.ExtractData2"/>
  <system-out/>
  <testcase name="hitUrlAndData" time="47.342" classname="web.mybizz.tests.ExtractData2"/>
  <system-out/>
  <testcase name="hitUrlAndData" time="49.154" classname="web.mybizz.tests.ExtractData2"/>
  <system-out/>
  <testcase name="hitUrlAndData" time="90.656" classname="web.mybizz.tests.ExtractData2"/>
  <system-out/>
  <testcase name="hitUrlAndData" time="48.381" classname="web.mybizz.tests.ExtractData2"/>
  <system-out/>
  <testcase name="hitUrlAndData" time="50.470" classname="web.mybizz.tests.ExtractData2"/>
  <system-out/>
  <testcase name="hitUrlAndData" time="50.089" classname="web.mybizz.tests.ExtractData2"/>
  <system-out/>
  <testcase name="hitUrlAndData" time="50.155" classname="web.mybizz.tests.ExtractData2"/>
  <system-out/>
  <testcase name="hitUrlAndData" time="47.928" classname="web.mybizz.tests.ExtractData2"/>
  <system-out/>
  <testcase name="hitUrlAndData" time="49.779" classname="web.mybizz.tests.ExtractData2"/>
  <system-out/>
  <testcase name="hitUrlAndData" time="49.279" classname="web.mybizz.tests.ExtractData2"/>
  <system-out/>
  <testcase name="hitUrlAndData" time="47.415" classname="web.mybizz.tests.ExtractData2"/>
  <system-out/>
  <testcase name="hitUrlAndData" time="49.098" classname="web.mybizz.tests.ExtractData2"/>
  <system-out/>
  <testcase name="hitUrlAndData" time="67.781" classname="web.mybizz.tests.ExtractData2"/>
  <system-out/>
  <testcase name="hitUrlAndData" time="65.307" classname="web.mybizz.tests.ExtractData2"/>
  <system-out/>
  <testcase name="hitUrlAndData" time="51.330" classname="web.mybizz.tests.ExtractData2"/>
  <system-out/>
  <testcase name="hitUrlAndData" time="68.275" classname="web.mybizz.tests.ExtractData2"/>
  <system-out/>
  <testcase name="hitUrlAndData" time="50.581" classname="web.mybizz.tests.ExtractData2"/>
  <system-out/>
  <testcase name="hitUrlAndData" time="47.113" classname="web.mybizz.tests.ExtractData2"/>
  <system-out/>
  <testcase name="hitUrlAndData" time="49.195" classname="web.mybizz.tests.ExtractData2"/>
  <system-out/>
  <testcase name="hitUrlAndData" time="49.286" classname="web.mybizz.tests.ExtractData2"/>
  <system-out/>
  <testcase name="hitUrlAndData" time="48.180" classname="web.mybizz.tests.ExtractData2"/>
  <system-out/>
  <testcase name="hitUrlAndData" time="48.332" classname="web.mybizz.tests.ExtractData2"/>
  <system-out/>
  <testcase name="hitUrlAndData" time="89.754" classname="web.mybizz.tests.ExtractData2"/>
  <system-out/>
  <testcase name="hitUrlAndData" time="48.016" classname="web.mybizz.tests.ExtractData2"/>
  <system-out/>
  <testcase name="hitUrlAndData" time="67.620" classname="web.mybizz.tests.ExtractData2"/>
  <system-out/>
  <testcase name="hitUrlAndData" time="48.673" classname="web.mybizz.tests.ExtractData2"/>
  <system-out/>
  <testcase name="hitUrlAndData" time="47.482" classname="web.mybizz.tests.ExtractData2"/>
  <system-out/>
  <testcase name="hitUrlAndData" time="67.665" classname="web.mybizz.tests.ExtractData2"/>
  <system-out/>
  <testcase name="hitUrlAndData" time="49.217" classname="web.mybizz.tests.ExtractData2"/>
  <system-out/>
  <testcase name="hitUrlAndData" time="68.997" classname="web.mybizz.tests.ExtractData2"/>
  <system-out/>
  <testcase name="hitUrlAndData" time="48.727" classname="web.mybizz.tests.ExtractData2"/>
  <system-out/>
  <testcase name="hitUrlAndData" time="66.676" classname="web.mybizz.tests.ExtractData2"/>
  <system-out/>
  <testcase name="hitUrlAndData" time="68.135" classname="web.mybizz.tests.ExtractData2"/>
  <system-out/>
  <testcase name="hitUrlAndData" time="46.321" classname="web.mybizz.tests.ExtractData2"/>
  <system-out/>
  <testcase name="hitUrlAndData" time="50.547" classname="web.mybizz.tests.ExtractData2"/>
  <system-out/>
  <testcase name="hitUrlAndData" time="48.610" classname="web.mybizz.tests.ExtractData2"/>
  <system-out/>
  <testcase name="hitUrlAndData" time="29.796" classname="web.mybizz.tests.ExtractData2"/>
  <system-out/>
  <testcase name="hitUrlAndData" time="90.003" classname="web.mybizz.tests.ExtractData2"/>
  <system-out/>
  <testcase name="hitUrlAndData" time="49.211" classname="web.mybizz.tests.ExtractData2"/>
  <system-out/>
  <testcase name="hitUrlAndData" time="49.201" classname="web.mybizz.tests.ExtractData2"/>
  <system-out/>
  <testcase name="hitUrlAndData" time="67.893" classname="web.mybizz.tests.ExtractData2"/>
  <system-out/>
  <testcase name="hitUrlAndData" time="67.027" classname="web.mybizz.tests.ExtractData2"/>
  <system-out/>
  <testcase name="hitUrlAndData" time="50.113" classname="web.mybizz.tests.ExtractData2"/>
  <system-out/>
  <testcase name="hitUrlAndData" time="68.632" classname="web.mybizz.tests.ExtractData2"/>
  <system-out/>
  <testcase name="hitUrlAndData" time="50.235" classname="web.mybizz.tests.ExtractData2"/>
  <system-out/>
  <testcase name="hitUrlAndData" time="49.498" classname="web.mybizz.tests.ExtractData2"/>
  <system-out/>
  <testcase name="hitUrlAndData" time="47.579" classname="web.mybizz.tests.ExtractData2"/>
  <system-out/>
  <testcase name="hitUrlAndData" time="50.397" classname="web.mybizz.tests.ExtractData2"/>
  <system-out/>
  <testcase name="hitUrlAndData" time="49.127" classname="web.mybizz.tests.ExtractData2"/>
  <system-out/>
  <testcase name="hitUrlAndData" time="89.950" classname="web.mybizz.tests.ExtractData2"/>
  <system-out/>
  <testcase name="hitUrlAndData" time="52.803" classname="web.mybizz.tests.ExtractData2"/>
  <system-out/>
  <testcase name="hitUrlAndData" time="49.656" classname="web.mybizz.tests.ExtractData2"/>
  <system-out/>
  <testcase name="hitUrlAndData" time="87.998" classname="web.mybizz.tests.ExtractData2"/>
  <system-out/>
  <testcase name="hitUrlAndData" time="51.210" classname="web.mybizz.tests.ExtractData2"/>
  <system-out/>
  <testcase name="hitUrlAndData" time="47.262" classname="web.mybizz.tests.ExtractData2"/>
  <system-out/>
  <testcase name="hitUrlAndData" time="70.421" classname="web.mybizz.tests.ExtractData2"/>
  <system-out/>
  <testcase name="hitUrlAndData" time="67.703" classname="web.mybizz.tests.ExtractData2"/>
  <system-out/>
  <testcase name="hitUrlAndData" time="47.992" classname="web.mybizz.tests.ExtractData2"/>
  <system-out/>
  <testcase name="hitUrlAndData" time="48.065" classname="web.mybizz.tests.ExtractData2"/>
  <system-out/>
  <testcase name="hitUrlAndData" time="48.992" classname="web.mybizz.tests.ExtractData2"/>
  <system-out/>
  <testcase name="hitUrlAndData" time="48.625" classname="web.mybizz.tests.ExtractData2"/>
  <system-out/>
  <testcase name="hitUrlAndData" time="50.339" classname="web.mybizz.tests.ExtractData2"/>
  <system-out/>
  <testcase name="hitUrlAndData" time="50.310" classname="web.mybizz.tests.ExtractData2"/>
  <system-out/>
  <testcase name="hitUrlAndData" time="50.766" classname="web.mybizz.tests.ExtractData2"/>
  <system-out/>
  <testcase name="hitUrlAndData" time="48.701" classname="web.mybizz.tests.ExtractData2"/>
  <system-out/>
  <testcase name="hitUrlAndData" time="48.417" classname="web.mybizz.tests.ExtractData2"/>
  <system-out/>
  <testcase name="hitUrlAndData" time="89.112" classname="web.mybizz.tests.ExtractData2"/>
  <system-out/>
  <testcase name="hitUrlAndData" time="67.655" classname="web.mybizz.tests.ExtractData2"/>
  <system-out/>
  <testcase name="hitUrlAndData" time="48.408" classname="web.mybizz.tests.ExtractData2"/>
  <system-out/>
  <testcase name="hitUrlAndData" time="67.852" classname="web.mybizz.tests.ExtractData2"/>
  <system-out/>
  <testcase name="hitUrlAndData" time="49.398" classname="web.mybizz.tests.ExtractData2"/>
  <system-out/>
  <testcase name="hitUrlAndData" time="48.154" classname="web.mybizz.tests.ExtractData2"/>
  <system-out/>
  <testcase name="hitUrlAndData" time="90.094" classname="web.mybizz.tests.ExtractData2"/>
  <system-out/>
  <testcase name="hitUrlAndData" time="47.178" classname="web.mybizz.tests.ExtractData2"/>
  <system-out/>
  <testcase name="hitUrlAndData" time="47.653" classname="web.mybizz.tests.ExtractData2"/>
  <system-out/>
  <testcase name="hitUrlAndData" time="67.605" classname="web.mybizz.tests.ExtractData2"/>
  <system-out/>
  <testcase name="hitUrlAndData" time="49.646" classname="web.mybizz.tests.ExtractData2"/>
  <system-out/>
  <testcase name="hitUrlAndData" time="49.874" classname="web.mybizz.tests.ExtractData2"/>
  <system-out/>
  <testcase name="hitUrlAndData" time="47.737" classname="web.mybizz.tests.ExtractData2"/>
  <system-out/>
  <testcase name="hitUrlAndData" time="47.589" classname="web.mybizz.tests.ExtractData2"/>
  <system-out/>
  <testcase name="hitUrlAndData" time="49.038" classname="web.mybizz.tests.ExtractData2"/>
  <system-out/>
  <testcase name="hitUrlAndData" time="48.002" classname="web.mybizz.tests.ExtractData2"/>
  <system-out/>
  <testcase name="hitUrlAndData" time="49.808" classname="web.mybizz.tests.ExtractData2"/>
  <system-out/>
  <testcase name="hitUrlAndData" time="49.211" classname="web.mybizz.tests.ExtractData2"/>
  <system-out/>
  <testcase name="hitUrlAndData" time="48.624" classname="web.mybizz.tests.ExtractData2"/>
  <system-out/>
  <testcase name="hitUrlAndData" time="50.868" classname="web.mybizz.tests.ExtractData2"/>
  <system-out/>
  <testcase name="hitUrlAndData" time="49.529" classname="web.mybizz.tests.ExtractData2"/>
  <system-out/>
  <testcase name="hitUrlAndData" time="47.921" classname="web.mybizz.tests.ExtractData2"/>
  <system-out/>
  <testcase name="hitUrlAndData" time="47.402" classname="web.mybizz.tests.ExtractData2"/>
  <system-out/>
  <testcase name="hitUrlAndData" time="47.818" classname="web.mybizz.tests.ExtractData2"/>
  <system-out/>
  <testcase name="hitUrlAndData" time="48.557" classname="web.mybizz.tests.ExtractData2"/>
  <system-out/>
  <testcase name="hitUrlAndData" time="49.200" classname="web.mybizz.tests.ExtractData2"/>
  <system-out/>
  <testcase name="hitUrlAndData" time="48.990" classname="web.mybizz.tests.ExtractData2"/>
  <system-out/>
  <testcase name="hitUrlAndData" time="48.876" classname="web.mybizz.tests.ExtractData2"/>
  <system-out/>
  <testcase name="hitUrlAndData" time="68.158" classname="web.mybizz.tests.ExtractData2"/>
  <system-out/>
  <testcase name="hitUrlAndData" time="50.833" classname="web.mybizz.tests.ExtractData2"/>
  <system-out/>
  <testcase name="hitUrlAndData" time="51.527" classname="web.mybizz.tests.ExtractData2"/>
  <system-out/>
  <testcase name="hitUrlAndData" time="88.373" classname="web.mybizz.tests.ExtractData2"/>
  <system-out/>
  <testcase name="hitUrlAndData" time="68.632" classname="web.mybizz.tests.ExtractData2"/>
  <system-out/>
  <testcase name="hitUrlAndData" time="48.881" classname="web.mybizz.tests.ExtractData2"/>
  <system-out/>
  <testcase name="hitUrlAndData" time="66.568" classname="web.mybizz.tests.ExtractData2"/>
  <system-out/>
  <testcase name="hitUrlAndData" time="47.314" classname="web.mybizz.tests.ExtractData2"/>
  <system-out/>
  <testcase name="hitUrlAndData" time="48.128" classname="web.mybizz.tests.ExtractData2"/>
  <system-out/>
  <testcase name="hitUrlAndData" time="51.092" classname="web.mybizz.tests.ExtractData2"/>
  <system-out/>
  <testcase name="hitUrlAndData" time="50.322" classname="web.mybizz.tests.ExtractData2"/>
  <system-out/>
  <testcase name="hitUrlAndData" time="49.036" classname="web.mybizz.tests.ExtractData2"/>
  <system-out/>
  <testcase name="hitUrlAndData" time="47.601" classname="web.mybizz.tests.ExtractData2"/>
  <system-out/>
  <testcase name="hitUrlAndData" time="47.085" classname="web.mybizz.tests.ExtractData2"/>
  <system-out/>
  <testcase name="hitUrlAndData" time="47.949" classname="web.mybizz.tests.ExtractData2"/>
  <system-out/>
  <testcase name="hitUrlAndData" time="47.923" classname="web.mybizz.tests.ExtractData2"/>
  <system-out/>
  <testcase name="hitUrlAndData" time="67.076" classname="web.mybizz.tests.ExtractData2"/>
  <system-out/>
  <testcase name="hitUrlAndData" time="46.610" classname="web.mybizz.tests.ExtractData2"/>
  <system-out/>
  <testcase name="hitUrlAndData" time="67.870" classname="web.mybizz.tests.ExtractData2"/>
  <system-out/>
  <testcase name="hitUrlAndData" time="49.160" classname="web.mybizz.tests.ExtractData2"/>
  <system-out/>
  <testcase name="hitUrlAndData" time="50.443" classname="web.mybizz.tests.ExtractData2"/>
  <system-out/>
  <testcase name="hitUrlAndData" time="49.218" classname="web.mybizz.tests.ExtractData2"/>
  <system-out/>
  <testcase name="hitUrlAndData" time="68.653" classname="web.mybizz.tests.ExtractData2"/>
  <system-out/>
  <testcase name="hitUrlAndData" time="48.791" classname="web.mybizz.tests.ExtractData2"/>
  <system-out/>
  <testcase name="hitUrlAndData" time="50.234" classname="web.mybizz.tests.ExtractData2"/>
  <system-out/>
  <testcase name="hitUrlAndData" time="67.386" classname="web.mybizz.tests.ExtractData2"/>
  <system-out/>
  <testcase name="hitUrlAndData" time="67.748" classname="web.mybizz.tests.ExtractData2"/>
  <system-out/>
  <testcase name="hitUrlAndData" time="47.570" classname="web.mybizz.tests.ExtractData2"/>
  <system-out/>
  <testcase name="hitUrlAndData" time="49.848" classname="web.mybizz.tests.ExtractData2"/>
  <system-out/>
  <testcase name="hitUrlAndData" time="67.957" classname="web.mybizz.tests.ExtractData2"/>
  <system-out/>
  <testcase name="hitUrlAndData" time="48.130" classname="web.mybizz.tests.ExtractData2"/>
  <system-out/>
  <testcase name="hitUrlAndData" time="70.434" classname="web.mybizz.tests.ExtractData2"/>
  <system-out/>
  <testcase name="hitUrlAndData" time="66.790" classname="web.mybizz.tests.ExtractData2"/>
  <system-out/>
  <testcase name="hitUrlAndData" time="48.289" classname="web.mybizz.tests.ExtractData2"/>
  <system-out/>
  <testcase name="hitUrlAndData" time="50.514" classname="web.mybizz.tests.ExtractData2"/>
  <system-out/>
  <testcase name="hitUrlAndData" time="48.273" classname="web.mybizz.tests.ExtractData2"/>
  <system-out/>
  <testcase name="hitUrlAndData" time="66.536" classname="web.mybizz.tests.ExtractData2"/>
  <system-out/>
  <testcase name="hitUrlAndData" time="48.417" classname="web.mybizz.tests.ExtractData2"/>
  <system-out/>
  <testcase name="hitUrlAndData" time="90.251" classname="web.mybizz.tests.ExtractData2"/>
  <system-out/>
  <testcase name="hitUrlAndData" time="49.105" classname="web.mybizz.tests.ExtractData2"/>
  <system-out/>
  <testcase name="hitUrlAndData" time="48.488" classname="web.mybizz.tests.ExtractData2"/>
  <system-out/>
  <testcase name="hitUrlAndData" time="47.466" classname="web.mybizz.tests.ExtractData2"/>
  <system-out/>
  <testcase name="hitUrlAndData" time="51.052" classname="web.mybizz.tests.ExtractData2"/>
  <system-out/>
  <testcase name="hitUrlAndData" time="46.803" classname="web.mybizz.tests.ExtractData2"/>
  <system-out/>
  <testcase name="hitUrlAndData" time="50.203" classname="web.mybizz.tests.ExtractData2"/>
  <system-out/>
  <testcase name="hitUrlAndData" time="47.909" classname="web.mybizz.tests.ExtractData2"/>
[...]
  <system-out/>
  <testcase name="hitUrlAndData" time="48.748" classname="web.mybizz.tests.ExtractData2"/>
  <system-out/>
  <testcase name="hitUrlAndData" time="49.009" classname="web.mybizz.tests.ExtractData2"/>
  <system-out/>
  <testcase name="hitUrlAndData" time="48.088" classname="web.mybizz.tests.ExtractData2"/>
  <system-out/>
  <testcase name="hitUrlAndData" time="48.557" classname="web.mybizz.tests.ExtractData2"/>
  <system-out/>
  <testcase name="hitUrlAndData" time="48.590" classname="web.mybizz.tests.ExtractData2"/>
  <system-out/>
  <testcase name="hitUrlAndData" time="47.330" classname="web.mybizz.tests.ExtractData2"/>
  <system-out/>
  <testcase name="hitUrlAndData" time="52.394" classname="web.mybizz.tests.ExtractData2"/>
  <system-out/>
  <testcase name="hitUrlAndData" time="47.176" classname="web.mybizz.tests.ExtractData2"/>
  <system-out/>
  <testcase name="hitUrlAndData" time="49.138" classname="web.mybizz.tests.ExtractData2"/>
  <system-out/>
  <testcase name="hitUrlAndData" time="47.924" classname="web.mybizz.tests.ExtractData2"/>
  <system-out/>
  <testcase name="hitUrlAndData" time="50.499" classname="web.mybizz.tests.ExtractData2"/>
  <system-out/>
  <testcase name="hitUrlAndData" time="48.448" classname="web.mybizz.tests.ExtractData2"/>
  <system-out/>
  <testcase name="hitUrlAndData" time="52.596" classname="web.mybizz.tests.ExtractData2"/>
  <system-out/>
  <testcase name="hitUrlAndData" time="48.952" classname="web.mybizz.tests.ExtractData2"/>
  <system-out/>
  <testcase name="hitUrlAndData" time="49.285" classname="web.mybizz.tests.ExtractData2"/>
  <system-out/>
  <testcase name="hitUrlAndData" time="51.450" classname="web.mybizz.tests.ExtractData2"/>
  <system-out/>
  <testcase name="hitUrlAndData" time="48.701" classname="web.mybizz.tests.ExtractData2"/>
  <system-out/>
  <testcase name="hitUrlAndData" time="47.693" classname="web.mybizz.tests.ExtractData2"/>
  <system-out/>
  <testcase name="hitUrlAndData" time="47.670" classname="web.mybizz.tests.ExtractData2"/>
  <system-out/>
  <testcase name="hitUrlAndData" time="51.714" classname="web.mybizz.tests.ExtractData2"/>
  <system-out/>
  <testcase name="hitUrlAndData" time="47.661" classname="web.mybizz.tests.ExtractData2"/>
  <system-out/>
  <testcase name="hitUrlAndData" time="89.248" classname="web.mybizz.tests.ExtractData2"/>
  <system-out/>
  <testcase name="hitUrlAndData" time="49.127" classname="web.mybizz.tests.ExtractData2"/>
  <system-out/>
  <testcase name="hitUrlAndData" time="91.353" classname="web.mybizz.tests.ExtractData2"/>
  <system-out/>
  <testcase name="hitUrlAndData" time="49.242" classname="web.mybizz.tests.ExtractData2"/>
  <system-out/>
  <testcase name="hitUrlAndData" time="47.659" classname="web.mybizz.tests.ExtractData2"/>
  <system-out/>
  <testcase name="hitUrlAndData" time="67.344" classname="web.mybizz.tests.ExtractData2"/>
  <system-out/>
  <testcase name="hitUrlAndData" time="67.034" classname="web.mybizz.tests.ExtractData2"/>
  <system-out/>
  <testcase name="hitUrlAndData" time="49.064" classname="web.mybizz.tests.ExtractData2"/>
  <system-out/>
  <testcase name="hitUrlAndData" time="49.839" classname="web.mybizz.tests.ExtractData2"/>
  <system-out/>
  <testcase name="hitUrlAndData" time="49.534" classname="web.mybizz.tests.ExtractData2"/>
  <system-out/>
  <testcase name="hitUrlAndData" time="46.400" classname="web.mybizz.tests.ExtractData2"/>
  <system-out/>
  <testcase name="hitUrlAndData" time="48.467" classname="web.mybizz.tests.ExtractData2"/>
  <system-out/>
  <testcase name="hitUrlAndData" time="47.034" classname="web.mybizz.tests.ExtractData2"/>
  <system-out/>
  <testcase name="hitUrlAndData" time="49.513" classname="web.mybizz.tests.ExtractData2"/>
  <system-out/>
  <testcase name="hitUrlAndData" time="67.532" classname="web.mybizz.tests.ExtractData2"/>
  <system-out/>
  <testcase name="hitUrlAndData" time="49.824" classname="web.mybizz.tests.ExtractData2"/>
  <system-out/>
  <testcase name="hitUrlAndData" time="47.981" classname="web.mybizz.tests.ExtractData2"/>
  <system-out/>
  <testcase name="hitUrlAndData" time="88.088" classname="web.mybizz.tests.ExtractData2"/>
  <system-out/>
  <testcase name="hitUrlAndData" time="66.928" classname="web.mybizz.tests.ExtractData2"/>
  <system-out/>
  <testcase name="hitUrlAndData" time="89.529" classname="web.mybizz.tests.ExtractData2"/>
  <system-out/>
  <testcase name="hitUrlAndData" time="47.035" classname="web.mybizz.tests.ExtractData2"/>
  <system-out/>
  <testcase name="hitUrlAndData" time="48.378" classname="web.mybizz.tests.ExtractData2"/>
  <system-out/>
  <testcase name="hitUrlAndData" time="29.488" classname="web.mybizz.tests.ExtractData2"/>
  <system-out/>
  <testcase name="hitUrlAndData" time="67.825" classname="web.mybizz.tests.ExtractData2"/>
  <system-out/>
  <testcase name="hitUrlAndData" time="48.045" classname="web.mybizz.tests.ExtractData2"/>
  <system-out/>
  <testcase name="hitUrlAndData" time="49.486" classname="web.mybizz.tests.ExtractData2"/>
  <system-out/>
  <testcase name="hitUrlAndData" time="50.689" classname="web.mybizz.tests.ExtractData2"/>
  <system-out/>
  <testcase name="hitUrlAndData" time="50.146" classname="web.mybizz.tests.ExtractData2"/>
  <system-out/>
  <testcase name="hitUrlAndData" time="50.604" classname="web.mybizz.tests.ExtractData2"/>
  <system-out/>
  <testcase name="hitUrlAndData" time="50.088" classname="web.mybizz.tests.ExtractData2"/>
  <system-out/>
  <testcase name="hitUrlAndData" time="49.379" classname="web.mybizz.tests.ExtractData2"/>
  <system-out/>
  <testcase name="hitUrlAndData" time="46.643" classname="web.mybizz.tests.ExtractData2"/>
  <system-out/>
  <testcase name="hitUrlAndData" time="49.635" classname="web.mybizz.tests.ExtractData2"/>
  <system-out/>
  <testcase name="hitUrlAndData" time="48.812" classname="web.mybizz.tests.ExtractData2"/>
  <system-out/>
  <testcase name="hitUrlAndData" time="47.067" classname="web.mybizz.tests.ExtractData2"/>
  <system-out/>
  <testcase name="hitUrlAndData" time="50.253" classname="web.mybizz.tests.ExtractData2"/>
  <system-out/>
  <testcase name="hitUrlAndData" time="49.054" classname="web.mybizz.tests.ExtractData2"/>
  <system-out/>
  <testcase name="hitUrlAndData" time="47.972" classname="web.mybizz.tests.ExtractData2"/>
  <system-out/>
  <testcase name="hitUrlAndData" time="47.839" classname="web.mybizz.tests.ExtractData2"/>
  <system-out/>
  <testcase name="hitUrlAndData" time="49.386" classname="web.mybizz.tests.ExtractData2"/>
  <system-out/>
  <testcase name="hitUrlAndData" time="68.097" classname="web.mybizz.tests.ExtractData2"/>
  <system-out/>
  <testcase name="hitUrlAndData" time="47.320" classname="web.mybizz.tests.ExtractData2"/>
  <system-out/>
  <testcase name="hitUrlAndData" time="65.306" classname="web.mybizz.tests.ExtractData2"/>
  <system-out/>
  <testcase name="hitUrlAndData" time="87.601" classname="web.mybizz.tests.ExtractData2"/>
  <system-out/>
  <testcase name="hitUrlAndData" time="67.515" classname="web.mybizz.tests.ExtractData2"/>
  <system-out/>
  <testcase name="hitUrlAndData" time="49.963" classname="web.mybizz.tests.ExtractData2"/>
  <system-out/>
  <testcase name="hitUrlAndData" time="53.815" classname="web.mybizz.tests.ExtractData2"/>
  <system-out/>
  <testcase name="hitUrlAndData" time="48.718" classname="web.mybizz.tests.ExtractData2"/>
  <system-out/>
  <testcase name="hitUrlAndData" time="66.973" classname="web.mybizz.tests.ExtractData2"/>
  <system-out/>
  <testcase name="hitUrlAndData" time="50.740" classname="web.mybizz.tests.ExtractData2"/>
  <system-out/>
  <testcase name="hitUrlAndData" time="49.618" classname="web.mybizz.tests.ExtractData2"/>
  <system-out/>
  <testcase name="hitUrlAndData" time="49.637" classname="web.mybizz.tests.ExtractData2"/>
  <system-out/>
  <testcase name="hitUrlAndData" time="50.007" classname="web.mybizz.tests.ExtractData2"/>
  <system-out/>
  <testcase name="hitUrlAndData" time="67.165" classname="web.mybizz.tests.ExtractData2"/>
  <system-out/>
  <testcase name="hitUrlAndData" time="48.442" classname="web.mybizz.tests.ExtractData2"/>
  <system-out/>
  <testcase name="hitUrlAndData" time="68.982" classname="web.mybizz.tests.ExtractData2"/>
  <system-out/>
  <testcase name="hitUrlAndData" time="49.727" classname="web.mybizz.tests.ExtractData2"/>
  <system-out/>
  <testcase name="hitUrlAndData" time="66.942" classname="web.mybizz.tests.ExtractData2"/>
  <system-out/>
  <testcase name="hitUrlAndData" time="48.474" classname="web.mybizz.tests.ExtractData2"/>
  <system-out/>
  <testcase name="hitUrlAndData" time="48.231" classname="web.mybizz.tests.ExtractData2"/>
  <system-out/>
  <testcase name="hitUrlAndData" time="49.453" classname="web.mybizz.tests.ExtractData2"/>
  <system-out/>
  <testcase name="hitUrlAndData" time="29.205" classname="web.mybizz.tests.ExtractData2"/>
  <system-out/>
  <testcase name="hitUrlAndData" time="49.964" classname="web.mybizz.tests.ExtractData2"/>
  <system-out/>
  <testcase name="hitUrlAndData" time="67.708" classname="web.mybizz.tests.ExtractData2"/>
  <system-out/>
  <testcase name="hitUrlAndData" time="48.955" classname="web.mybizz.tests.ExtractData2"/>
  <system-out/>
  <testcase name="hitUrlAndData" time="67.611" classname="web.mybizz.tests.ExtractData2"/>
  <system-out/>
  <testcase name="hitUrlAndData" time="47.309" classname="web.mybizz.tests.ExtractData2"/>
  <system-out/>
  <testcase name="hitUrlAndData" time="49.964" classname="web.mybizz.tests.ExtractData2"/>
  <system-out/>
  <testcase name="hitUrlAndData" time="47.119" classname="web.mybizz.tests.ExtractData2"/>
  <system-out/>
  <testcase name="hitUrlAndData" time="46.289" classname="web.mybizz.tests.ExtractData2"/>
  <system-out/>
  <testcase name="hitUrlAndData" time="66.556" classname="web.mybizz.tests.ExtractData2"/>
  <system-out/>
  <testcase name="hitUrlAndData" time="68.441" classname="web.mybizz.tests.ExtractData2"/>
  <system-out/>
  <testcase name="hitUrlAndData" time="69.190" classname="web.mybizz.tests.ExtractData2"/>
  <system-out/>
  <testcase name="hitUrlAndData" time="49.475" classname="web.mybizz.tests.ExtractData2"/>
  <system-out/>
  <testcase name="hitUrlAndData" time="47.645" classname="web.mybizz.tests.ExtractData2"/>
  <system-out/>
  <testcase name="hitUrlAndData" time="48.449" classname="web.mybizz.tests.ExtractData2"/>
  <system-out/>
  <testcase name="hitUrlAndData" time="67.673" classname="web.mybizz.tests.ExtractData2"/>
  <system-out/>
  <testcase name="hitUrlAndData" time="49.138" classname="web.mybizz.tests.ExtractData2"/>
  <system-out/>
  <testcase name="hitUrlAndData" time="48.036" classname="web.mybizz.tests.ExtractData2"/>
  <system-out/>
  <testcase name="hitUrlAndData" time="50.014" classname="web.mybizz.tests.ExtractData2"/>
  <system-out/>
  <testcase name="hitUrlAndData" time="48.634" classname="web.mybizz.tests.ExtractData2"/>
  <system-out/>
  <testcase name="hitUrlAndData" time="51.585" classname="web.mybizz.tests.ExtractData2"/>
  <system-out/>
  <testcase name="hitUrlAndData" time="48.445" classname="web.mybizz.tests.ExtractData2"/>
  <system-out/>
  <testcase name="hitUrlAndData" time="49.751" classname="web.mybizz.tests.ExtractData2"/>
  <system-out/>
  <testcase name="hitUrlAndData" time="49.036" classname="web.mybizz.tests.ExtractData2"/>
  <system-out/>
  <testcase name="hitUrlAndData" time="89.613" classname="web.mybizz.tests.ExtractData2"/>
  <system-out/>
  <testcase name="hitUrlAndData" time="69.385" classname="web.mybizz.tests.ExtractData2"/>
  <system-out/>
  <testcase name="hitUrlAndData" time="51.196" classname="web.mybizz.tests.ExtractData2"/>
  <system-out/>
  <testcase name="hitUrlAndData" time="48.649" classname="web.mybizz.tests.ExtractData2"/>
  <system-out/>
  <testcase name="hitUrlAndData" time="47.472" classname="web.mybizz.tests.ExtractData2"/>
  <system-out/>
  <testcase name="hitUrlAndData" time="47.457" classname="web.mybizz.tests.ExtractData2"/>
  <system-out/>
  <testcase name="hitUrlAndData" time="68.452" classname="web.mybizz.tests.ExtractData2"/>
  <system-out/>
  <testcase name="hitUrlAndData" time="90.063" classname="web.mybizz.tests.ExtractData2"/>
  <system-out/>
  <testcase name="hitUrlAndData" time="48.868" classname="web.mybizz.tests.ExtractData2"/>
  <system-out/>
  <testcase name="hitUrlAndData" time="48.836" classname="web.mybizz.tests.ExtractData2"/>
  <system-out/>
  <testcase name="hitUrlAndData" time="68.513" classname="web.mybizz.tests.ExtractData2"/>
  <system-out/>
  <testcase name="hitUrlAndData" time="48.833" classname="web.mybizz.tests.ExtractData2"/>
  <system-out/>
  <testcase name="hitUrlAndData" time="49.820" classname="web.mybizz.tests.ExtractData2"/>
  <system-out/>
  <testcase name="hitUrlAndData" time="87.296" classname="web.mybizz.tests.ExtractData2"/>
  <system-out/>
  <testcase name="hitUrlAndData" time="47.829" classname="web.mybizz.tests.ExtractData2"/>
  <system-out/>
  <testcase name="hitUrlAndData" time="51.537" classname="web.mybizz.tests.ExtractData2"/>
  <system-out/>
  <testcase name="hitUrlAndData" time="48.292" classname="web.mybizz.tests.ExtractData2"/>
  <system-out/>
  <testcase name="hitUrlAndData" time="67.072" classname="web.mybizz.tests.ExtractData2"/>
  <system-out/>
  <testcase name="hitUrlAndData" time="50.034" classname="web.mybizz.tests.ExtractData2"/>
  <system-out/>
  <testcase name="hitUrlAndData" time="66.645" classname="web.mybizz.tests.ExtractData2"/>
  <system-out/>
  <testcase name="hitUrlAndData" time="87.992" classname="web.mybizz.tests.ExtractData2"/>
  <system-out/>
  <testcase name="hitUrlAndData" time="48.919" classname="web.mybizz.tests.ExtractData2"/>
  <system-out/>
  <testcase name="hitUrlAndData" time="68.501" classname="web.mybizz.tests.ExtractData2"/>
  <system-out/>
  <testcase name="hitUrlAndData" time="48.813" classname="web.mybizz.tests.ExtractData2"/>
  <system-out/>
  <testcase name="hitUrlAndData" time="47.095" classname="web.mybizz.tests.ExtractData2"/>
  <system-out/>
  <testcase name="hitUrlAndData" time="68.847" classname="web.mybizz.tests.ExtractData2"/>
  <system-out/>
  <testcase name="hitUrlAndData" time="48.502" classname="web.mybizz.tests.ExtractData2"/>
  <system-out/>
  <testcase name="hitUrlAndData" time="90.860" classname="web.mybizz.tests.ExtractData2"/>
  <system-out/>
  <testcase name="hitUrlAndData" time="89.222" classname="web.mybizz.tests.ExtractData2"/>
  <system-out/>
  <testcase name="hitUrlAndData" time="53.286" classname="web.mybizz.tests.ExtractData2"/>
  <system-out/>
  <testcase name="hitUrlAndData" time="48.582" classname="web.mybizz.tests.ExtractData2"/>
  <system-out/>
  <testcase name="hitUrlAndData" time="50.927" classname="web.mybizz.tests.ExtractData2"/>
  <system-out/>
  <testcase name="hitUrlAndData" time="50.098" classname="web.mybizz.tests.ExtractData2"/>
  <system-out/>
  <testcase name="hitUrlAndData" time="48.651" classname="web.mybizz.tests.ExtractData2"/>
  <system-out/>
  <testcase name="hitUrlAndData" time="49.215" classname="web.mybizz.tests.ExtractData2"/>
  <system-out/>
  <testcase name="hitUrlAndData" time="48.647" classname="web.mybizz.tests.ExtractData2"/>
  <system-out/>
  <testcase name="hitUrlAndData" time="49.194" classname="web.mybizz.tests.ExtractData2"/>
  <system-out/>
  <testcase name="hitUrlAndData" time="49.530" classname="web.mybizz.tests.ExtractData2"/>
  <system-out/>
  <testcase name="hitUrlAndData" time="46.975" classname="web.mybizz.tests.ExtractData2"/>
  <system-out/>
  <testcase name="hitUrlAndData" time="68.073" classname="web.mybizz.tests.ExtractData2"/>
  <system-out/>
  <testcase name="hitUrlAndData" time="50.369" classname="web.mybizz.tests.ExtractData2"/>
  <system-out/>
  <testcase name="hitUrlAndData" time="48.562" classname="web.mybizz.tests.ExtractData2"/>
  <system-out/>
  <testcase name="hitUrlAndData" time="47.352" classname="web.mybizz.tests.ExtractData2"/>
  <system-out/>
  <testcase name="hitUrlAndData" time="70.996" classname="web.mybizz.tests.ExtractData2"/>
  <system-out/>
  <testcase name="hitUrlAndData" time="69.243" classname="web.mybizz.tests.ExtractData2"/>
  <system-out/>
  <testcase name="hitUrlAndData" time="49.481" classname="web.mybizz.tests.ExtractData2"/>
  <system-out/>
  <testcase name="hitUrlAndData" time="69.770" classname="web.mybizz.tests.ExtractData2"/>
  <system-out/>
  <testcase name="hitUrlAndData" time="48.844" classname="web.mybizz.tests.ExtractData2"/>
  <system-out/>
  <testcase name="hitUrlAndData" time="66.699" classname="web.mybizz.tests.ExtractData2"/>
  <system-out/>
  <testcase name="hitUrlAndData" time="50.536" classname="web.mybizz.tests.ExtractData2"/>
  <system-out/>
  <testcase name="hitUrlAndData" time="47.384" classname="web.mybizz.tests.ExtractData2"/>
  <system-out/>
  <testcase name="hitUrlAndData" time="46.667" classname="web.mybizz.tests.ExtractData2"/>
  <system-out/>
  <testcase name="hitUrlAndData" time="69.933" classname="web.mybizz.tests.ExtractData2"/>
  <system-out/>
  <testcase name="hitUrlAndData" time="49.404" classname="web.mybizz.tests.ExtractData2"/>
  <system-out/>
  <testcase name="hitUrlAndData" time="47.650" classname="web.mybizz.tests.ExtractData2"/>
  <system-out/>
  <testcase name="hitUrlAndData" time="47.532" classname="web.mybizz.tests.ExtractData2"/>
  <system-out/>
  <testcase name="hitUrlAndData" time="49.193" classname="web.mybizz.tests.ExtractData2"/>
  <system-out/>
  <testcase name="hitUrlAndData" time="48.431" classname="web.mybizz.tests.ExtractData2"/>
  <system-out/>
  <testcase name="hitUrlAndData" time="49.695" classname="web.mybizz.tests.ExtractData2"/>
  <system-out/>
  <testcase name="hitUrlAndData" time="49.805" classname="web.mybizz.tests.ExtractData2"/>
  <system-out/>
  <testcase name="hitUrlAndData" time="48.590" classname="web.mybizz.tests.ExtractData2"/>
  <system-out/>
  <testcase name="hitUrlAndData" time="68.165" classname="web.mybizz.tests.ExtractData2"/>
  <system-out/>
  <testcase name="hitUrlAndData" time="88.423" classname="web.mybizz.tests.ExtractData2"/>
  <system-out/>
  <testcase name="hitUrlAndData" time="88.678" classname="web.mybizz.tests.ExtractData2"/>
  <system-out/>
  <testcase name="hitUrlAndData" time="48.868" classname="web.mybizz.tests.ExtractData2"/>
  <system-out/>
  <testcase name="hitUrlAndData" time="48.627" classname="web.mybizz.tests.ExtractData2"/>
  <system-out/>
  <testcase name="hitUrlAndData" time="49.198" classname="web.mybizz.tests.ExtractData2"/>
  <system-out/>
  <testcase name="hitUrlAndData" time="48.985" classname="web.mybizz.tests.ExtractData2"/>
  <system-out/>
  <testcase name="hitUrlAndData" time="67.942" classname="web.mybizz.tests.ExtractData2"/>
  <system-out/>
  <testcase name="hitUrlAndData" time="51.618" classname="web.mybizz.tests.ExtractData2"/>
  <system-out/>
  <testcase name="hitUrlAndData" time="67.507" classname="web.mybizz.tests.ExtractData2"/>
  <system-out/>
  <testcase name="hitUrlAndData" time="47.494" classname="web.mybizz.tests.ExtractData2"/>
  <system-out/>
  <testcase name="hitUrlAndData" time="47.256" classname="web.mybizz.tests.ExtractData2"/>
  <system-out/>
  <testcase name="hitUrlAndData" time="50.590" classname="web.mybizz.tests.ExtractData2"/>
  <system-out/>
  <testcase name="hitUrlAndData" time="49.768" classname="web.mybizz.tests.ExtractData2"/>
  <system-out/>
  <testcase name="hitUrlAndData" time="47.762" classname="web.mybizz.tests.ExtractData2"/>
  <system-out/>
  <testcase name="hitUrlAndData" time="49.351" classname="web.mybizz.tests.ExtractData2"/>
  <system-out/>
  <testcase name="hitUrlAndData" time="49.501" classname="web.mybizz.tests.ExtractData2"/>
  <system-out/>
  <testcase name="hitUrlAndData" time="90.178" classname="web.mybizz.tests.ExtractData2"/>
  <system-out/>
  <testcase name="hitUrlAndData" time="71.264" classname="web.mybizz.tests.ExtractData2"/>
  <system-out/>
</testsuite> <!-- web.mybizz.tests.ExtractData2 -->
